P-1 579.2341351509094
S-1 353.9745395183563
E-1 297.368688583374
E-2 529.8343935012817
E-3 333.68560314178467
E-4 587.2924942970276
E-5 372.63025069236755
E-6 557.3931138515472
E-7 339.7289295196533
E-8 286.49166202545166
E-9 366.4775366783142
E-10 544.6211023330688
E-11 378.7389557361603
E-12 546.4660875797272
E-13 379.052396774292
A-1 537.6192922592163
D-1 352.7107343673706
P-2 522.5644052028656
P-3 343.5293667316437
D-2 510.58369636535645
D-3 402.83615279197693
D-4 575.9522452354431
A-2 353.3800435066223
A-3 510.3567581176758
A-4 401.55347776412964
G-1 305.72860884666443
G-2 344.0320384502411
D-5 519.9875540733337
D-6 339.6250364780426
D-7 590.860116481781
F-1 444.36979937553406
P-4 335.5321831703186
G-3 514.9838585853577
T-1 409.260657787323
T-2 351.33774280548096
D-8 612.894627571106
D-9 416.9364593029022
F-2 316.19249415397644
G-4 298.4536166191101
T-3 520.2129728794098
D-11 399.1722912788391
D-12 120.77315282821655
B-1 371.5318148136139
G-6 525.6912622451782
G-7 343.9890339374542
P-7 557.5517904758453
R-1 383.73877334594727
A-5 145.47446823120117
A-6 136.85389351844788
A-7 410.67448377609253
D-13 274.05309009552
A-8 165.34402799606323
A-9 171.871994972229
F-3 886.7394282817841
M-6 261.0999984741211
M-1 751.2825794219971
M-2 435.1511764526367
S-2 181.3690643310547
P-10 397.8680624961853
T-4 225.37058353424072
T-5 239.29701399803162
F-7 220.01828694343567
M-3 186.10142278671265
M-4 192.323890209198
M-5 177.84356117248535
P-15 587.9541916847229
C-1 212.59889817237854
C-2 109.0982117652893
T-12 124.61510872840881
T-13 124.09259724617004
F-4 172.24659323692322
F-5 189.1931402683258
D-14 445.0000567436218
T-9 89.00005912780762
P-14 392.72880840301514
T-8 110.13145971298218
P-11 701.2789809703827
D-15 503.99206042289734
D-16 165.45816564559937
M-7 219.10971546173096
F-8 521.5758693218231
