2021-05-30 10:05:01,601 INFO 82 channels found for processing.
2021-05-30 10:05:01,601 INFO Stream # 1: P-1
2021-05-30 10:05:01,758 INFO model type: ESN
2021-05-30 10:05:01,758 INFO units: 675
2021-05-30 10:05:01,758 INFO layers: 4
2021-05-30 10:05:01,759 INFO concat: true
2021-05-30 10:05:01,759 INFO input_scaling: 0.35
2021-05-30 10:05:01,759 INFO inter_scaling: 1.0
2021-05-30 10:05:01,759 INFO radius: 0.44999999999999996
2021-05-30 10:05:01,759 INFO leaky: 0.9999999999999999
2021-05-30 10:05:01,759 INFO connectivity_recurrent: 10
2021-05-30 10:05:01,759 INFO connectivity_input: 10
2021-05-30 10:05:01,759 INFO connectivity_inter: 10
2021-05-30 10:05:01,759 INFO return_sequences: false
2021-05-30 10:12:59,024 INFO validation_loss: 0.11257889866828918
2021-05-30 10:18:39,381 INFO normalized prediction error: 0.06
2021-05-30 10:18:40,111 INFO Channel Stats: TP: 1  FP: 1  FN: 2
2021-05-30 10:18:40,112 INFO Total true positives: 1
2021-05-30 10:18:40,112 INFO Total false positives: 1
2021-05-30 10:18:40,112 INFO Total false negatives: 2

2021-05-30 10:18:40,134 INFO Stream # 2: S-1
2021-05-30 10:18:40,368 INFO model type: ESN
2021-05-30 10:18:40,368 INFO units: 350
2021-05-30 10:18:40,368 INFO layers: 2
2021-05-30 10:18:40,368 INFO concat: true
2021-05-30 10:18:40,368 INFO input_scaling: 0.1
2021-05-30 10:18:40,368 INFO inter_scaling: 0.7
2021-05-30 10:18:40,368 INFO radius: 0.15000000000000002
2021-05-30 10:18:40,368 INFO leaky: 0.6499999999999999
2021-05-30 10:18:40,368 INFO connectivity_recurrent: 10
2021-05-30 10:18:40,368 INFO connectivity_input: 10
2021-05-30 10:18:40,368 INFO connectivity_inter: 10
2021-05-30 10:18:40,368 INFO return_sequences: false
2021-05-30 10:21:23,901 INFO validation_loss: 0.20523932576179504
2021-05-30 10:24:21,276 INFO normalized prediction error: 0.17
2021-05-30 10:24:21,847 INFO Channel Stats: TP: 1  FP: 0  FN: 0
2021-05-30 10:24:21,847 INFO Total true positives: 2
2021-05-30 10:24:21,848 INFO Total false positives: 1
2021-05-30 10:24:21,848 INFO Total false negatives: 2

2021-05-30 10:24:21,851 INFO Stream # 3: E-1
2021-05-30 10:24:22,168 INFO model type: ESN
2021-05-30 10:24:22,168 INFO units: 650
2021-05-30 10:24:22,168 INFO layers: 6
2021-05-30 10:24:22,168 INFO concat: false
2021-05-30 10:24:22,168 INFO input_scaling: 1.0
2021-05-30 10:24:22,168 INFO inter_scaling: 1.0
2021-05-30 10:24:22,168 INFO radius: 0.5499999999999999
2021-05-30 10:24:22,168 INFO leaky: 0.9999999999999999
2021-05-30 10:24:22,168 INFO connectivity_recurrent: 10
2021-05-30 10:24:22,168 INFO connectivity_input: 10
2021-05-30 10:24:22,168 INFO connectivity_inter: 10
2021-05-30 10:24:22,168 INFO return_sequences: false
2021-05-30 10:35:25,585 INFO validation_loss: 0.34101271629333496
2021-05-30 10:43:17,790 INFO normalized prediction error: 0.04
2021-05-30 10:43:18,523 INFO Channel Stats: TP: 1  FP: 1  FN: 1
2021-05-30 10:43:18,523 INFO Total true positives: 3
2021-05-30 10:43:18,524 INFO Total false positives: 2
2021-05-30 10:43:18,524 INFO Total false negatives: 3

2021-05-30 10:43:18,527 INFO Stream # 4: E-2
2021-05-30 10:43:18,782 INFO model type: ESN
2021-05-30 10:43:18,783 INFO units: 725
2021-05-30 10:43:18,783 INFO layers: 6
2021-05-30 10:43:18,783 INFO concat: true
2021-05-30 10:43:18,783 INFO input_scaling: 0.5499999999999999
2021-05-30 10:43:18,783 INFO inter_scaling: 1.0
2021-05-30 10:43:18,783 INFO radius: 0.15000000000000002
2021-05-30 10:43:18,783 INFO leaky: 0.9999999999999999
2021-05-30 10:43:18,783 INFO connectivity_recurrent: 10
2021-05-30 10:43:18,783 INFO connectivity_input: 10
2021-05-30 10:43:18,783 INFO connectivity_inter: 10
2021-05-30 10:43:18,783 INFO return_sequences: false
2021-05-30 10:55:56,079 INFO validation_loss: 0.08796942979097366
2021-05-30 11:03:37,304 INFO normalized prediction error: 0.03
2021-05-30 11:03:37,897 INFO Channel Stats: TP: 1  FP: 1  FN: 0
2021-05-30 11:03:37,897 INFO Total true positives: 4
2021-05-30 11:03:37,897 INFO Total false positives: 3
2021-05-30 11:03:37,897 INFO Total false negatives: 3

2021-05-30 11:03:37,901 INFO Stream # 5: E-3
2021-05-30 11:03:38,178 INFO model type: ESN
2021-05-30 11:03:38,179 INFO units: 675
2021-05-30 11:03:38,179 INFO layers: 2
2021-05-30 11:03:38,179 INFO concat: true
2021-05-30 11:03:38,179 INFO input_scaling: 0.7
2021-05-30 11:03:38,179 INFO inter_scaling: 1.0
2021-05-30 11:03:38,179 INFO radius: 0.9899999999999999
2021-05-30 11:03:38,179 INFO leaky: 0.8999999999999999
2021-05-30 11:03:38,179 INFO connectivity_recurrent: 10
2021-05-30 11:03:38,179 INFO connectivity_input: 10
2021-05-30 11:03:38,179 INFO connectivity_inter: 10
2021-05-30 11:03:38,179 INFO return_sequences: false
2021-05-30 11:11:12,228 INFO validation_loss: 0.010702512226998806
2021-05-30 11:14:23,831 INFO normalized prediction error: 0.02
2021-05-30 11:14:24,276 INFO Channel Stats: TP: 0  FP: 0  FN: 1
2021-05-30 11:14:24,276 INFO Total true positives: 4
2021-05-30 11:14:24,276 INFO Total false positives: 3
2021-05-30 11:14:24,276 INFO Total false negatives: 4

2021-05-30 11:14:24,280 INFO Stream # 6: E-4
2021-05-30 11:14:24,520 INFO model type: ESN
2021-05-30 11:14:24,520 INFO units: 500
2021-05-30 11:14:24,520 INFO layers: 6
2021-05-30 11:14:24,520 INFO concat: true
2021-05-30 11:14:24,520 INFO input_scaling: 0.5499999999999999
2021-05-30 11:14:24,520 INFO inter_scaling: 0.8999999999999999
2021-05-30 11:14:24,520 INFO radius: 0.9899999999999999
2021-05-30 11:14:24,520 INFO leaky: 0.7999999999999999
2021-05-30 11:14:24,520 INFO connectivity_recurrent: 10
2021-05-30 11:14:24,520 INFO connectivity_input: 10
2021-05-30 11:14:24,520 INFO connectivity_inter: 10
2021-05-30 11:14:24,520 INFO return_sequences: false
2021-05-30 11:28:05,615 INFO validation_loss: 0.03550630435347557
2021-05-30 11:35:39,946 INFO normalized prediction error: 0.02
2021-05-30 11:35:40,512 INFO Channel Stats: TP: 1  FP: 2  FN: 0
2021-05-30 11:35:40,513 INFO Total true positives: 5
2021-05-30 11:35:40,513 INFO Total false positives: 5
2021-05-30 11:35:40,513 INFO Total false negatives: 4

2021-05-30 11:35:40,516 INFO Stream # 7: E-5
2021-05-30 11:35:40,761 INFO model type: ESN
2021-05-30 11:35:40,761 INFO units: 725
2021-05-30 11:35:40,761 INFO layers: 6
2021-05-30 11:35:40,761 INFO concat: true
2021-05-30 11:35:40,761 INFO input_scaling: 1.0
2021-05-30 11:35:40,761 INFO inter_scaling: 0.7999999999999999
2021-05-30 11:35:40,761 INFO radius: 0.6
2021-05-30 11:35:40,761 INFO leaky: 0.9999999999999999
2021-05-30 11:35:40,761 INFO connectivity_recurrent: 10
2021-05-30 11:35:40,761 INFO connectivity_input: 10
2021-05-30 11:35:40,761 INFO connectivity_inter: 10
2021-05-30 11:35:40,761 INFO return_sequences: false
2021-05-30 11:44:41,649 INFO validation_loss: 0.3828088343143463
2021-05-30 11:52:08,873 INFO normalized prediction error: 0.10
2021-05-30 11:52:09,243 INFO Channel Stats: TP: 0  FP: 0  FN: 1
2021-05-30 11:52:09,243 INFO Total true positives: 5
2021-05-30 11:52:09,243 INFO Total false positives: 5
2021-05-30 11:52:09,243 INFO Total false negatives: 5

2021-05-30 11:52:09,246 INFO Stream # 8: E-6
2021-05-30 11:52:09,499 INFO model type: ESN
2021-05-30 11:52:09,499 INFO units: 725
2021-05-30 11:52:09,500 INFO layers: 1
2021-05-30 11:52:09,500 INFO concat: false
2021-05-30 11:52:09,500 INFO input_scaling: 0.35
2021-05-30 11:52:09,500 INFO inter_scaling: 1
2021-05-30 11:52:09,500 INFO radius: 0.5499999999999999
2021-05-30 11:52:09,500 INFO leaky: 0.9999999999999999
2021-05-30 11:52:09,500 INFO connectivity_recurrent: 10
2021-05-30 11:52:09,500 INFO connectivity_input: 10
2021-05-30 11:52:09,500 INFO connectivity_inter: 10
2021-05-30 11:52:09,500 INFO return_sequences: false
2021-05-30 11:53:17,709 INFO validation_loss: 6.141304038465023e-05
2021-05-30 11:54:23,900 INFO normalized prediction error: 0.00
2021-05-30 11:54:24,701 INFO Channel Stats: TP: 1  FP: 0  FN: 0
2021-05-30 11:54:24,702 INFO Total true positives: 6
2021-05-30 11:54:24,702 INFO Total false positives: 5
2021-05-30 11:54:24,702 INFO Total false negatives: 5

2021-05-30 11:54:24,705 INFO Stream # 9: E-7
2021-05-30 11:54:24,952 INFO model type: ESN
2021-05-30 11:54:24,952 INFO units: 475
2021-05-30 11:54:24,952 INFO layers: 1
2021-05-30 11:54:24,952 INFO concat: false
2021-05-30 11:54:24,952 INFO input_scaling: 0.35
2021-05-30 11:54:24,952 INFO inter_scaling: 1
2021-05-30 11:54:24,952 INFO radius: 0.6499999999999999
2021-05-30 11:54:24,952 INFO leaky: 0.9999999999999999
2021-05-30 11:54:24,952 INFO connectivity_recurrent: 10
2021-05-30 11:54:24,952 INFO connectivity_input: 10
2021-05-30 11:54:24,952 INFO connectivity_inter: 10
2021-05-30 11:54:24,953 INFO return_sequences: false
2021-05-30 11:55:31,163 INFO validation_loss: 0.0014789109118282795
2021-05-30 11:56:37,768 INFO normalized prediction error: 0.02
2021-05-30 11:56:38,499 INFO Channel Stats: TP: 1  FP: 0  FN: 0
2021-05-30 11:56:38,499 INFO Total true positives: 7
2021-05-30 11:56:38,499 INFO Total false positives: 5
2021-05-30 11:56:38,499 INFO Total false negatives: 5

2021-05-30 11:56:38,502 INFO Stream # 10: E-8
2021-05-30 11:56:38,740 INFO model type: ESN
2021-05-30 11:56:38,740 INFO units: 725
2021-05-30 11:56:38,741 INFO layers: 3
2021-05-30 11:56:38,741 INFO concat: true
2021-05-30 11:56:38,741 INFO input_scaling: 0.5499999999999999
2021-05-30 11:56:38,741 INFO inter_scaling: 0.7499999999999999
2021-05-30 11:56:38,741 INFO radius: 0.9899999999999999
2021-05-30 11:56:38,741 INFO leaky: 0.8999999999999999
2021-05-30 11:56:38,741 INFO connectivity_recurrent: 10
2021-05-30 11:56:38,741 INFO connectivity_input: 10
2021-05-30 11:56:38,741 INFO connectivity_inter: 10
2021-05-30 11:56:38,741 INFO return_sequences: false
2021-05-30 12:04:47,675 INFO validation_loss: 0.02596680447459221
2021-05-30 12:09:10,141 INFO normalized prediction error: 0.03
2021-05-30 12:09:10,799 INFO Channel Stats: TP: 1  FP: 0  FN: 0
2021-05-30 12:09:10,799 INFO Total true positives: 8
2021-05-30 12:09:10,799 INFO Total false positives: 5
2021-05-30 12:09:10,799 INFO Total false negatives: 5

2021-05-30 12:09:10,802 INFO Stream # 11: E-9
2021-05-30 12:09:11,045 INFO model type: ESN
2021-05-30 12:09:11,045 INFO units: 725
2021-05-30 12:09:11,045 INFO layers: 3
2021-05-30 12:09:11,046 INFO concat: true
2021-05-30 12:09:11,046 INFO input_scaling: 0.6
2021-05-30 12:09:11,046 INFO inter_scaling: 0.35
2021-05-30 12:09:11,046 INFO radius: 0.6499999999999999
2021-05-30 12:09:11,046 INFO leaky: 0.8999999999999999
2021-05-30 12:09:11,046 INFO connectivity_recurrent: 10
2021-05-30 12:09:11,046 INFO connectivity_input: 10
2021-05-30 12:09:11,046 INFO connectivity_inter: 10
2021-05-30 12:09:11,046 INFO return_sequences: false
2021-05-30 12:13:47,025 INFO validation_loss: 0.016740795224905014
2021-05-30 12:18:08,441 INFO normalized prediction error: 0.03
2021-05-30 12:18:08,943 INFO Channel Stats: TP: 1  FP: 0  FN: 0
2021-05-30 12:18:08,943 INFO Total true positives: 9
2021-05-30 12:18:08,943 INFO Total false positives: 5
2021-05-30 12:18:08,943 INFO Total false negatives: 5

2021-05-30 12:18:08,946 INFO Stream # 12: E-10
2021-05-30 12:18:09,164 INFO model type: ESN
2021-05-30 12:18:09,164 INFO units: 725
2021-05-30 12:18:09,164 INFO layers: 6
2021-05-30 12:18:09,165 INFO concat: true
2021-05-30 12:18:09,165 INFO input_scaling: 1.0
2021-05-30 12:18:09,165 INFO inter_scaling: 0.6
2021-05-30 12:18:09,165 INFO radius: 0.6
2021-05-30 12:18:09,165 INFO leaky: 0.9999999999999999
2021-05-30 12:18:09,165 INFO connectivity_recurrent: 10
2021-05-30 12:18:09,165 INFO connectivity_input: 10
2021-05-30 12:18:09,165 INFO connectivity_inter: 10
2021-05-30 12:18:09,165 INFO return_sequences: false
2021-05-30 12:29:53,064 INFO validation_loss: 0.4112924337387085
2021-05-30 12:37:39,143 INFO normalized prediction error: 0.03
2021-05-30 12:37:39,798 INFO Channel Stats: TP: 1  FP: 2  FN: 1
2021-05-30 12:37:39,798 INFO Total true positives: 10
2021-05-30 12:37:39,798 INFO Total false positives: 7
2021-05-30 12:37:39,798 INFO Total false negatives: 6

2021-05-30 12:37:39,802 INFO Stream # 13: E-11
2021-05-30 12:37:40,062 INFO model type: ESN
2021-05-30 12:37:40,062 INFO units: 650
2021-05-30 12:37:40,062 INFO layers: 6
2021-05-30 12:37:40,062 INFO concat: false
2021-05-30 12:37:40,062 INFO input_scaling: 1.0
2021-05-30 12:37:40,062 INFO inter_scaling: 1.0
2021-05-30 12:37:40,062 INFO radius: 0.6
2021-05-30 12:37:40,062 INFO leaky: 0.9999999999999999
2021-05-30 12:37:40,062 INFO connectivity_recurrent: 10
2021-05-30 12:37:40,062 INFO connectivity_input: 10
2021-05-30 12:37:40,062 INFO connectivity_inter: 10
2021-05-30 12:37:40,062 INFO return_sequences: false
2021-05-30 12:55:55,544 INFO validation_loss: 0.2902009189128876
2021-05-30 13:03:50,167 INFO normalized prediction error: 0.02
2021-05-30 13:03:50,703 INFO Channel Stats: TP: 1  FP: 2  FN: 1
2021-05-30 13:03:50,703 INFO Total true positives: 11
2021-05-30 13:03:50,703 INFO Total false positives: 9
2021-05-30 13:03:50,703 INFO Total false negatives: 7

2021-05-30 13:03:50,706 INFO Stream # 14: E-12
2021-05-30 13:03:50,945 INFO model type: ESN
2021-05-30 13:03:50,945 INFO units: 725
2021-05-30 13:03:50,945 INFO layers: 6
2021-05-30 13:03:50,945 INFO concat: true
2021-05-30 13:03:50,945 INFO input_scaling: 1.0
2021-05-30 13:03:50,945 INFO inter_scaling: 1.0
2021-05-30 13:03:50,945 INFO radius: 0.6499999999999999
2021-05-30 13:03:50,945 INFO leaky: 0.9999999999999999
2021-05-30 13:03:50,945 INFO connectivity_recurrent: 10
2021-05-30 13:03:50,945 INFO connectivity_input: 10
2021-05-30 13:03:50,946 INFO connectivity_inter: 10
2021-05-30 13:03:50,946 INFO return_sequences: false
2021-05-30 13:14:38,666 INFO validation_loss: 0.3231755197048187
2021-05-30 13:22:17,338 INFO normalized prediction error: 0.03
2021-05-30 13:22:17,935 INFO Channel Stats: TP: 1  FP: 1  FN: 1
2021-05-30 13:22:17,935 INFO Total true positives: 12
2021-05-30 13:22:17,935 INFO Total false positives: 10
2021-05-30 13:22:17,935 INFO Total false negatives: 8

2021-05-30 13:22:17,939 INFO Stream # 15: E-13
2021-05-30 13:22:18,172 INFO model type: ESN
2021-05-30 13:22:18,172 INFO units: 650
2021-05-30 13:22:18,172 INFO layers: 6
2021-05-30 13:22:18,172 INFO concat: true
2021-05-30 13:22:18,172 INFO input_scaling: 0.44999999999999996
2021-05-30 13:22:18,172 INFO inter_scaling: 0.6499999999999999
2021-05-30 13:22:18,172 INFO radius: 0.6
2021-05-30 13:22:18,172 INFO leaky: 0.9999999999999999
2021-05-30 13:22:18,172 INFO connectivity_recurrent: 10
2021-05-30 13:22:18,172 INFO connectivity_input: 10
2021-05-30 13:22:18,172 INFO connectivity_inter: 10
2021-05-30 13:22:18,172 INFO return_sequences: false
2021-05-30 13:40:17,644 INFO validation_loss: 0.14196597039699554
2021-05-30 13:48:06,298 INFO normalized prediction error: 0.05
2021-05-30 13:48:06,832 INFO Channel Stats: TP: 0  FP: 1  FN: 3
2021-05-30 13:48:06,832 INFO Total true positives: 12
2021-05-30 13:48:06,832 INFO Total false positives: 11
2021-05-30 13:48:06,832 INFO Total false negatives: 11

2021-05-30 13:48:06,836 INFO Stream # 16: A-1
2021-05-30 13:48:07,060 INFO model type: ESN
2021-05-30 13:48:07,061 INFO units: 725
2021-05-30 13:48:07,061 INFO layers: 1
2021-05-30 13:48:07,061 INFO concat: false
2021-05-30 13:48:07,061 INFO input_scaling: 0.35
2021-05-30 13:48:07,061 INFO inter_scaling: 1
2021-05-30 13:48:07,061 INFO radius: 0.44999999999999996
2021-05-30 13:48:07,061 INFO leaky: 0.9999999999999999
2021-05-30 13:48:07,061 INFO connectivity_recurrent: 10
2021-05-30 13:48:07,061 INFO connectivity_input: 10
2021-05-30 13:48:07,061 INFO connectivity_inter: 10
2021-05-30 13:48:07,061 INFO return_sequences: false
2021-05-30 13:48:53,139 INFO validation_loss: 7.215347432065755e-05
2021-05-30 13:50:02,459 INFO normalized prediction error: 0.00
2021-05-30 13:50:03,098 INFO Channel Stats: TP: 0  FP: 0  FN: 1
2021-05-30 13:50:03,099 INFO Total true positives: 12
2021-05-30 13:50:03,099 INFO Total false positives: 11
2021-05-30 13:50:03,099 INFO Total false negatives: 12

2021-05-30 13:50:03,102 INFO Stream # 17: D-1
2021-05-30 13:50:03,340 INFO model type: ESN
2021-05-30 13:50:03,340 INFO units: 350
2021-05-30 13:50:03,340 INFO layers: 1
2021-05-30 13:50:03,340 INFO concat: false
2021-05-30 13:50:03,340 INFO input_scaling: 0.30000000000000004
2021-05-30 13:50:03,340 INFO inter_scaling: 1
2021-05-30 13:50:03,341 INFO radius: 0.69
2021-05-30 13:50:03,341 INFO leaky: 0.8999999999999999
2021-05-30 13:50:03,341 INFO connectivity_recurrent: 10
2021-05-30 13:50:03,341 INFO connectivity_input: 10
2021-05-30 13:50:03,341 INFO connectivity_inter: 10
2021-05-30 13:50:03,341 INFO return_sequences: false
2021-05-30 13:51:33,878 INFO validation_loss: 0.002583660650998354
2021-05-30 13:52:40,826 INFO normalized prediction error: 0.13
2021-05-30 13:52:41,318 INFO Channel Stats: TP: 1  FP: 1  FN: 0
2021-05-30 13:52:41,318 INFO Total true positives: 13
2021-05-30 13:52:41,318 INFO Total false positives: 12
2021-05-30 13:52:41,318 INFO Total false negatives: 12

2021-05-30 13:52:41,322 INFO Stream # 18: P-2
2021-05-30 13:52:41,569 INFO model type: ESN
2021-05-30 13:52:41,569 INFO units: 500
2021-05-30 13:52:41,569 INFO layers: 1
2021-05-30 13:52:41,569 INFO concat: false
2021-05-30 13:52:41,569 INFO input_scaling: 0.35
2021-05-30 13:52:41,569 INFO inter_scaling: 1
2021-05-30 13:52:41,569 INFO radius: 0.6499999999999999
2021-05-30 13:52:41,569 INFO leaky: 0.8999999999999999
2021-05-30 13:52:41,569 INFO connectivity_recurrent: 10
2021-05-30 13:52:41,569 INFO connectivity_input: 10
2021-05-30 13:52:41,569 INFO connectivity_inter: 10
2021-05-30 13:52:41,570 INFO return_sequences: false
2021-05-30 13:53:28,523 INFO validation_loss: 0.000860519299749285
2021-05-30 13:54:35,797 INFO normalized prediction error: 0.05
2021-05-30 13:54:36,205 INFO Channel Stats: TP: 1  FP: 0  FN: 0
2021-05-30 13:54:36,206 INFO Total true positives: 14
2021-05-30 13:54:36,206 INFO Total false positives: 12
2021-05-30 13:54:36,206 INFO Total false negatives: 12

2021-05-30 13:54:36,209 INFO Stream # 19: P-3
2021-05-30 13:54:36,431 INFO model type: ESN
2021-05-30 13:54:36,432 INFO units: 650
2021-05-30 13:54:36,432 INFO layers: 2
2021-05-30 13:54:36,432 INFO concat: true
2021-05-30 13:54:36,432 INFO input_scaling: 0.44999999999999996
2021-05-30 13:54:36,432 INFO inter_scaling: 1.0
2021-05-30 13:54:36,432 INFO radius: 0.8999999999999999
2021-05-30 13:54:36,432 INFO leaky: 0.8999999999999999
2021-05-30 13:54:36,432 INFO connectivity_recurrent: 10
2021-05-30 13:54:36,432 INFO connectivity_input: 10
2021-05-30 13:54:36,432 INFO connectivity_inter: 10
2021-05-30 13:54:36,432 INFO return_sequences: false
2021-05-30 13:57:59,916 INFO validation_loss: 0.019676104187965393
2021-05-30 14:01:14,554 INFO normalized prediction error: 0.03
2021-05-30 14:01:15,133 INFO Channel Stats: TP: 1  FP: 2  FN: 0
2021-05-30 14:01:15,133 INFO Total true positives: 15
2021-05-30 14:01:15,133 INFO Total false positives: 14
2021-05-30 14:01:15,133 INFO Total false negatives: 12

2021-05-30 14:01:15,137 INFO Stream # 20: D-2
2021-05-30 14:01:15,386 INFO model type: ESN
2021-05-30 14:01:15,386 INFO units: 500
2021-05-30 14:01:15,386 INFO layers: 1
2021-05-30 14:01:15,386 INFO concat: false
2021-05-30 14:01:15,386 INFO input_scaling: 0.35
2021-05-30 14:01:15,386 INFO inter_scaling: 1
2021-05-30 14:01:15,386 INFO radius: 0.6499999999999999
2021-05-30 14:01:15,386 INFO leaky: 0.9999999999999999
2021-05-30 14:01:15,386 INFO connectivity_recurrent: 10
2021-05-30 14:01:15,386 INFO connectivity_input: 10
2021-05-30 14:01:15,386 INFO connectivity_inter: 10
2021-05-30 14:01:15,386 INFO return_sequences: false
2021-05-30 14:02:01,858 INFO validation_loss: 0.00010285809548804536
2021-05-30 14:03:10,630 INFO normalized prediction error: 0.38
2021-05-30 14:03:11,329 INFO Channel Stats: TP: 1  FP: 0  FN: 0
2021-05-30 14:03:11,329 INFO Total true positives: 16
2021-05-30 14:03:11,329 INFO Total false positives: 14
2021-05-30 14:03:11,329 INFO Total false negatives: 12

2021-05-30 14:03:11,333 INFO Stream # 21: D-3
2021-05-30 14:03:11,554 INFO model type: ESN
2021-05-30 14:03:11,554 INFO units: 500
2021-05-30 14:03:11,554 INFO layers: 1
2021-05-30 14:03:11,554 INFO concat: false
2021-05-30 14:03:11,554 INFO input_scaling: 0.30000000000000004
2021-05-30 14:03:11,554 INFO inter_scaling: 1
2021-05-30 14:03:11,554 INFO radius: 0.7899999999999999
2021-05-30 14:03:11,554 INFO leaky: 0.9999999999999999
2021-05-30 14:03:11,554 INFO connectivity_recurrent: 10
2021-05-30 14:03:11,554 INFO connectivity_input: 10
2021-05-30 14:03:11,554 INFO connectivity_inter: 10
2021-05-30 14:03:11,554 INFO return_sequences: false
2021-05-30 14:03:57,633 INFO validation_loss: 0.00013692889478988945
2021-05-30 14:05:08,092 INFO normalized prediction error: 0.18
2021-05-30 14:05:08,501 INFO Channel Stats: TP: 1  FP: 0  FN: 0
2021-05-30 14:05:08,501 INFO Total true positives: 17
2021-05-30 14:05:08,501 INFO Total false positives: 14
2021-05-30 14:05:08,501 INFO Total false negatives: 12

2021-05-30 14:05:08,505 INFO Stream # 22: D-4
2021-05-30 14:05:08,738 INFO model type: ESN
2021-05-30 14:05:08,738 INFO units: 500
2021-05-30 14:05:08,738 INFO layers: 1
2021-05-30 14:05:08,738 INFO concat: false
2021-05-30 14:05:08,738 INFO input_scaling: 0.30000000000000004
2021-05-30 14:05:08,738 INFO inter_scaling: 1
2021-05-30 14:05:08,738 INFO radius: 0.7899999999999999
2021-05-30 14:05:08,738 INFO leaky: 0.9999999999999999
2021-05-30 14:05:08,738 INFO connectivity_recurrent: 10
2021-05-30 14:05:08,739 INFO connectivity_input: 10
2021-05-30 14:05:08,739 INFO connectivity_inter: 10
2021-05-30 14:05:08,739 INFO return_sequences: false
2021-05-30 14:05:55,551 INFO validation_loss: 0.00020177455735392869
2021-05-30 14:07:02,611 INFO normalized prediction error: 0.18
2021-05-30 14:07:03,018 INFO Channel Stats: TP: 1  FP: 0  FN: 0
2021-05-30 14:07:03,018 INFO Total true positives: 18
2021-05-30 14:07:03,018 INFO Total false positives: 14
2021-05-30 14:07:03,018 INFO Total false negatives: 12

2021-05-30 14:07:03,022 INFO Stream # 23: A-2
2021-05-30 14:07:03,260 INFO model type: ESN
2021-05-30 14:07:03,260 INFO units: 650
2021-05-30 14:07:03,260 INFO layers: 2
2021-05-30 14:07:03,260 INFO concat: true
2021-05-30 14:07:03,261 INFO input_scaling: 0.5499999999999999
2021-05-30 14:07:03,261 INFO inter_scaling: 1.0
2021-05-30 14:07:03,261 INFO radius: 0.8899999999999999
2021-05-30 14:07:03,261 INFO leaky: 0.8999999999999999
2021-05-30 14:07:03,261 INFO connectivity_recurrent: 10
2021-05-30 14:07:03,261 INFO connectivity_input: 10
2021-05-30 14:07:03,261 INFO connectivity_inter: 10
2021-05-30 14:07:03,261 INFO return_sequences: false
2021-05-30 14:12:34,037 INFO validation_loss: 0.10073728114366531
2021-05-30 14:15:34,553 INFO normalized prediction error: 0.06
2021-05-30 14:15:35,166 INFO Channel Stats: TP: 1  FP: 0  FN: 0
2021-05-30 14:15:35,166 INFO Total true positives: 19
2021-05-30 14:15:35,166 INFO Total false positives: 14
2021-05-30 14:15:35,166 INFO Total false negatives: 12

2021-05-30 14:15:35,170 INFO Stream # 24: A-3
2021-05-30 14:15:35,371 INFO model type: ESN
2021-05-30 14:15:35,371 INFO units: 650
2021-05-30 14:15:35,371 INFO layers: 2
2021-05-30 14:15:35,371 INFO concat: true
2021-05-30 14:15:35,372 INFO input_scaling: 0.5499999999999999
2021-05-30 14:15:35,372 INFO inter_scaling: 1.0
2021-05-30 14:15:35,372 INFO radius: 0.9899999999999999
2021-05-30 14:15:35,372 INFO leaky: 0.7999999999999999
2021-05-30 14:15:35,372 INFO connectivity_recurrent: 10
2021-05-30 14:15:35,372 INFO connectivity_input: 10
2021-05-30 14:15:35,372 INFO connectivity_inter: 10
2021-05-30 14:15:35,372 INFO return_sequences: false
2021-05-30 14:22:15,429 INFO validation_loss: 0.05491940304636955
2021-05-30 14:25:25,225 INFO normalized prediction error: 0.04
2021-05-30 14:25:25,875 INFO Channel Stats: TP: 1  FP: 0  FN: 0
2021-05-30 14:25:25,875 INFO Total true positives: 20
2021-05-30 14:25:25,875 INFO Total false positives: 14
2021-05-30 14:25:25,875 INFO Total false negatives: 12

2021-05-30 14:25:25,879 INFO Stream # 25: A-4
2021-05-30 14:25:26,082 INFO model type: ESN
2021-05-30 14:25:26,082 INFO units: 500
2021-05-30 14:25:26,082 INFO layers: 2
2021-05-30 14:25:26,082 INFO concat: true
2021-05-30 14:25:26,082 INFO input_scaling: 0.44999999999999996
2021-05-30 14:25:26,082 INFO inter_scaling: 0.44999999999999996
2021-05-30 14:25:26,083 INFO radius: 0.9899999999999999
2021-05-30 14:25:26,083 INFO leaky: 0.7999999999999999
2021-05-30 14:25:26,083 INFO connectivity_recurrent: 10
2021-05-30 14:25:26,083 INFO connectivity_input: 10
2021-05-30 14:25:26,083 INFO connectivity_inter: 10
2021-05-30 14:25:26,083 INFO return_sequences: false
2021-05-30 14:28:37,652 INFO validation_loss: 0.04671821370720863
2021-05-30 14:31:45,415 INFO normalized prediction error: 0.06
2021-05-30 14:31:46,029 INFO Channel Stats: TP: 1  FP: 0  FN: 0
2021-05-30 14:31:46,029 INFO Total true positives: 21
2021-05-30 14:31:46,029 INFO Total false positives: 14
2021-05-30 14:31:46,029 INFO Total false negatives: 12

2021-05-30 14:31:46,033 INFO Stream # 26: G-1
2021-05-30 14:31:46,293 INFO model type: ESN
2021-05-30 14:31:46,293 INFO units: 650
2021-05-30 14:31:46,294 INFO layers: 1
2021-05-30 14:31:46,294 INFO concat: false
2021-05-30 14:31:46,294 INFO input_scaling: 0.7
2021-05-30 14:31:46,294 INFO inter_scaling: 1
2021-05-30 14:31:46,294 INFO radius: 0.9899999999999999
2021-05-30 14:31:46,294 INFO leaky: 0.7999999999999999
2021-05-30 14:31:46,294 INFO connectivity_recurrent: 10
2021-05-30 14:31:46,294 INFO connectivity_input: 10
2021-05-30 14:31:46,294 INFO connectivity_inter: 10
2021-05-30 14:31:46,294 INFO return_sequences: false
2021-05-30 14:32:54,232 INFO validation_loss: 0.05589956045150757
2021-05-30 14:34:02,893 INFO normalized prediction error: 0.04
2021-05-30 14:34:03,322 INFO Channel Stats: TP: 0  FP: 0  FN: 1
2021-05-30 14:34:03,323 INFO Total true positives: 21
2021-05-30 14:34:03,323 INFO Total false positives: 14
2021-05-30 14:34:03,323 INFO Total false negatives: 13

2021-05-30 14:34:03,327 INFO Stream # 27: G-2
2021-05-30 14:34:03,532 INFO model type: ESN
2021-05-30 14:34:03,532 INFO units: 500
2021-05-30 14:34:03,533 INFO layers: 1
2021-05-30 14:34:03,533 INFO concat: false
2021-05-30 14:34:03,533 INFO input_scaling: 0.44999999999999996
2021-05-30 14:34:03,533 INFO inter_scaling: 1
2021-05-30 14:34:03,533 INFO radius: 0.8999999999999999
2021-05-30 14:34:03,533 INFO leaky: 0.7999999999999999
2021-05-30 14:34:03,533 INFO connectivity_recurrent: 10
2021-05-30 14:34:03,533 INFO connectivity_input: 10
2021-05-30 14:34:03,533 INFO connectivity_inter: 10
2021-05-30 14:34:03,533 INFO return_sequences: false
2021-05-30 14:35:02,699 INFO validation_loss: 9.626412793295458e-05
2021-05-30 14:36:01,918 INFO normalized prediction error: 0.00
2021-05-30 14:36:02,523 INFO Channel Stats: TP: 0  FP: 0  FN: 1
2021-05-30 14:36:02,524 INFO Total true positives: 21
2021-05-30 14:36:02,524 INFO Total false positives: 14
2021-05-30 14:36:02,524 INFO Total false negatives: 14

2021-05-30 14:36:02,528 INFO Stream # 28: D-5
2021-05-30 14:36:02,716 INFO model type: ESN
2021-05-30 14:36:02,716 INFO units: 725
2021-05-30 14:36:02,716 INFO layers: 1
2021-05-30 14:36:02,716 INFO concat: false
2021-05-30 14:36:02,716 INFO input_scaling: 0.44999999999999996
2021-05-30 14:36:02,716 INFO inter_scaling: 1
2021-05-30 14:36:02,716 INFO radius: 0.15000000000000002
2021-05-30 14:36:02,716 INFO leaky: 0.9999999999999999
2021-05-30 14:36:02,716 INFO connectivity_recurrent: 10
2021-05-30 14:36:02,716 INFO connectivity_input: 10
2021-05-30 14:36:02,717 INFO connectivity_inter: 10
2021-05-30 14:36:02,717 INFO return_sequences: false
2021-05-30 14:37:09,233 INFO validation_loss: 3.404432209208608e-05
2021-05-30 14:38:08,985 INFO normalized prediction error: 1.00
2021-05-30 14:38:09,644 INFO Channel Stats: TP: 0  FP: 0  FN: 1
2021-05-30 14:38:09,645 INFO Total true positives: 21
2021-05-30 14:38:09,645 INFO Total false positives: 14
2021-05-30 14:38:09,645 INFO Total false negatives: 15

2021-05-30 14:38:09,649 INFO Stream # 29: D-6
2021-05-30 14:38:09,838 INFO model type: ESN
2021-05-30 14:38:09,838 INFO units: 675
2021-05-30 14:38:09,838 INFO layers: 2
2021-05-30 14:38:09,838 INFO concat: true
2021-05-30 14:38:09,838 INFO input_scaling: 0.5499999999999999
2021-05-30 14:38:09,838 INFO inter_scaling: 1.0
2021-05-30 14:38:09,838 INFO radius: 0.7
2021-05-30 14:38:09,838 INFO leaky: 0.8999999999999999
2021-05-30 14:38:09,839 INFO connectivity_recurrent: 10
2021-05-30 14:38:09,839 INFO connectivity_input: 10
2021-05-30 14:38:09,839 INFO connectivity_inter: 10
2021-05-30 14:38:09,839 INFO return_sequences: false
2021-05-30 14:44:17,741 INFO validation_loss: 0.05300159752368927
2021-05-30 14:47:17,361 INFO normalized prediction error: 0.01
2021-05-30 14:47:17,951 INFO Channel Stats: TP: 1  FP: 1  FN: 0
2021-05-30 14:47:17,951 INFO Total true positives: 22
2021-05-30 14:47:17,951 INFO Total false positives: 15
2021-05-30 14:47:17,951 INFO Total false negatives: 15

2021-05-30 14:47:17,955 INFO Stream # 30: D-7
2021-05-30 14:47:18,152 INFO model type: ESN
2021-05-30 14:47:18,152 INFO units: 500
2021-05-30 14:47:18,152 INFO layers: 1
2021-05-30 14:47:18,152 INFO concat: false
2021-05-30 14:47:18,152 INFO input_scaling: 0.35
2021-05-30 14:47:18,152 INFO inter_scaling: 1
2021-05-30 14:47:18,153 INFO radius: 0.7999999999999999
2021-05-30 14:47:18,153 INFO leaky: 0.8999999999999999
2021-05-30 14:47:18,153 INFO connectivity_recurrent: 10
2021-05-30 14:47:18,153 INFO connectivity_input: 10
2021-05-30 14:47:18,153 INFO connectivity_inter: 10
2021-05-30 14:47:18,153 INFO return_sequences: false
2021-05-30 14:48:28,307 INFO validation_loss: 0.00011931772314710543
2021-05-30 14:49:30,413 INFO normalized prediction error: 0.16
2021-05-30 14:49:30,856 INFO Channel Stats: TP: 1  FP: 0  FN: 0
2021-05-30 14:49:30,857 INFO Total true positives: 23
2021-05-30 14:49:30,857 INFO Total false positives: 15
2021-05-30 14:49:30,857 INFO Total false negatives: 15

2021-05-30 14:49:30,861 INFO Stream # 31: F-1
2021-05-30 14:49:31,089 INFO model type: ESN
2021-05-30 14:49:31,089 INFO units: 700
2021-05-30 14:49:31,089 INFO layers: 1
2021-05-30 14:49:31,089 INFO concat: false
2021-05-30 14:49:31,089 INFO input_scaling: 0.1
2021-05-30 14:49:31,089 INFO inter_scaling: 1
2021-05-30 14:49:31,089 INFO radius: 0.6499999999999999
2021-05-30 14:49:31,089 INFO leaky: 0.6499999999999999
2021-05-30 14:49:31,089 INFO connectivity_recurrent: 10
2021-05-30 14:49:31,090 INFO connectivity_input: 10
2021-05-30 14:49:31,090 INFO connectivity_inter: 10
2021-05-30 14:49:31,090 INFO return_sequences: false
2021-05-30 14:50:24,939 INFO validation_loss: 0.04776202142238617
2021-05-30 14:51:34,167 INFO normalized prediction error: 0.07
2021-05-30 14:51:34,701 INFO Channel Stats: TP: 0  FP: 1  FN: 1
2021-05-30 14:51:34,701 INFO Total true positives: 23
2021-05-30 14:51:34,701 INFO Total false positives: 16
2021-05-30 14:51:34,701 INFO Total false negatives: 16

2021-05-30 14:51:34,706 INFO Stream # 32: P-4
2021-05-30 14:51:34,929 INFO model type: ESN
2021-05-30 14:51:34,929 INFO units: 500
2021-05-30 14:51:34,929 INFO layers: 1
2021-05-30 14:51:34,929 INFO concat: false
2021-05-30 14:51:34,929 INFO input_scaling: 0.35
2021-05-30 14:51:34,929 INFO inter_scaling: 1
2021-05-30 14:51:34,930 INFO radius: 0.8899999999999999
2021-05-30 14:51:34,930 INFO leaky: 0.9999999999999999
2021-05-30 14:51:34,930 INFO connectivity_recurrent: 10
2021-05-30 14:51:34,930 INFO connectivity_input: 10
2021-05-30 14:51:34,930 INFO connectivity_inter: 10
2021-05-30 14:51:34,930 INFO return_sequences: false
2021-05-30 14:52:17,613 INFO validation_loss: 8.123321458697319e-05
2021-05-30 14:53:19,960 INFO normalized prediction error: 0.01
2021-05-30 14:53:20,851 INFO Channel Stats: TP: 3  FP: 0  FN: 0
2021-05-30 14:53:20,851 INFO Total true positives: 26
2021-05-30 14:53:20,851 INFO Total false positives: 16
2021-05-30 14:53:20,852 INFO Total false negatives: 16

2021-05-30 14:53:20,856 INFO Stream # 33: G-3
2021-05-30 14:53:21,080 INFO model type: ESN
2021-05-30 14:53:21,080 INFO units: 500
2021-05-30 14:53:21,080 INFO layers: 1
2021-05-30 14:53:21,080 INFO concat: false
2021-05-30 14:53:21,080 INFO input_scaling: 0.44999999999999996
2021-05-30 14:53:21,080 INFO inter_scaling: 1
2021-05-30 14:53:21,081 INFO radius: 0.15000000000000002
2021-05-30 14:53:21,081 INFO leaky: 0.9999999999999999
2021-05-30 14:53:21,081 INFO connectivity_recurrent: 10
2021-05-30 14:53:21,081 INFO connectivity_input: 10
2021-05-30 14:53:21,081 INFO connectivity_inter: 10
2021-05-30 14:53:21,081 INFO return_sequences: false
2021-05-30 14:55:41,142 INFO validation_loss: 0.024010365828871727
2021-05-30 14:56:44,593 INFO normalized prediction error: 0.01
2021-05-30 14:56:45,392 INFO Channel Stats: TP: 1  FP: 0  FN: 0
2021-05-30 14:56:45,392 INFO Total true positives: 27
2021-05-30 14:56:45,392 INFO Total false positives: 16
2021-05-30 14:56:45,392 INFO Total false negatives: 16

2021-05-30 14:56:45,397 INFO Stream # 34: T-1
2021-05-30 14:56:45,630 INFO model type: ESN
2021-05-30 14:56:45,630 INFO units: 725
2021-05-30 14:56:45,630 INFO layers: 6
2021-05-30 14:56:45,630 INFO concat: true
2021-05-30 14:56:45,630 INFO input_scaling: 1.0
2021-05-30 14:56:45,630 INFO inter_scaling: 1.0
2021-05-30 14:56:45,630 INFO radius: 0.5499999999999999
2021-05-30 14:56:45,630 INFO leaky: 0.9999999999999999
2021-05-30 14:56:45,630 INFO connectivity_recurrent: 10
2021-05-30 14:56:45,630 INFO connectivity_input: 10
2021-05-30 14:56:45,630 INFO connectivity_inter: 10
2021-05-30 14:56:45,630 INFO return_sequences: false
2021-05-30 15:14:45,549 INFO validation_loss: 0.0438651479780674
2021-05-30 15:22:29,954 INFO normalized prediction error: 0.02
2021-05-30 15:22:30,398 INFO Channel Stats: TP: 0  FP: 0  FN: 2
2021-05-30 15:22:30,399 INFO Total true positives: 27
2021-05-30 15:22:30,399 INFO Total false positives: 16
2021-05-30 15:22:30,399 INFO Total false negatives: 18

2021-05-30 15:22:30,403 INFO Stream # 35: T-2
2021-05-30 15:22:30,643 INFO model type: ESN
2021-05-30 15:22:30,643 INFO units: 375
2021-05-30 15:22:30,643 INFO layers: 6
2021-05-30 15:22:30,643 INFO concat: true
2021-05-30 15:22:30,643 INFO input_scaling: 1.0
2021-05-30 15:22:30,643 INFO inter_scaling: 1.0
2021-05-30 15:22:30,643 INFO radius: 0.5499999999999999
2021-05-30 15:22:30,643 INFO leaky: 0.9999999999999999
2021-05-30 15:22:30,643 INFO connectivity_recurrent: 10
2021-05-30 15:22:30,643 INFO connectivity_input: 10
2021-05-30 15:22:30,643 INFO connectivity_inter: 10
2021-05-30 15:22:30,643 INFO return_sequences: false
2021-05-30 15:34:58,344 INFO validation_loss: 0.059170085936784744
2021-05-30 15:42:35,999 INFO normalized prediction error: 0.03
2021-05-30 15:42:36,356 INFO Channel Stats: TP: 0  FP: 0  FN: 1
2021-05-30 15:42:36,356 INFO Total true positives: 27
2021-05-30 15:42:36,356 INFO Total false positives: 16
2021-05-30 15:42:36,356 INFO Total false negatives: 19

2021-05-30 15:42:36,361 INFO Stream # 36: D-8
2021-05-30 15:42:36,570 INFO model type: ESN
2021-05-30 15:42:36,571 INFO units: 725
2021-05-30 15:42:36,571 INFO layers: 1
2021-05-30 15:42:36,571 INFO concat: false
2021-05-30 15:42:36,571 INFO input_scaling: 1.0
2021-05-30 15:42:36,571 INFO inter_scaling: 1
2021-05-30 15:42:36,571 INFO radius: 0.44999999999999996
2021-05-30 15:42:36,571 INFO leaky: 0.8999999999999999
2021-05-30 15:42:36,571 INFO connectivity_recurrent: 10
2021-05-30 15:42:36,571 INFO connectivity_input: 10
2021-05-30 15:42:36,571 INFO connectivity_inter: 10
2021-05-30 15:42:36,571 INFO return_sequences: false
2021-05-30 15:43:24,909 INFO validation_loss: 0.00012790370965376496
2021-05-30 15:44:28,381 INFO normalized prediction error: 0.00
2021-05-30 15:44:29,053 INFO Channel Stats: TP: 0  FP: 0  FN: 1
2021-05-30 15:44:29,053 INFO Total true positives: 27
2021-05-30 15:44:29,053 INFO Total false positives: 16
2021-05-30 15:44:29,053 INFO Total false negatives: 20

2021-05-30 15:44:29,057 INFO Stream # 37: D-9
2021-05-30 15:44:29,267 INFO model type: ESN
2021-05-30 15:44:29,267 INFO units: 300
2021-05-30 15:44:29,268 INFO layers: 1
2021-05-30 15:44:29,268 INFO concat: false
2021-05-30 15:44:29,268 INFO input_scaling: 1.0
2021-05-30 15:44:29,268 INFO inter_scaling: 1
2021-05-30 15:44:29,268 INFO radius: 0.15000000000000002
2021-05-30 15:44:29,268 INFO leaky: 0.9999999999999999
2021-05-30 15:44:29,268 INFO connectivity_recurrent: 10
2021-05-30 15:44:29,268 INFO connectivity_input: 10
2021-05-30 15:44:29,268 INFO connectivity_inter: 10
2021-05-30 15:44:29,268 INFO return_sequences: false
2021-05-30 15:45:24,193 INFO validation_loss: 0.0027470262721180916
2021-05-30 15:46:22,266 INFO normalized prediction error: 0.18
2021-05-30 15:47:04,490 INFO Channel Stats: TP: 1  FP: 0  FN: 0
2021-05-30 15:47:04,491 INFO Total true positives: 28
2021-05-30 15:47:04,491 INFO Total false positives: 16
2021-05-30 15:47:04,491 INFO Total false negatives: 20

2021-05-30 15:47:04,495 INFO Stream # 38: F-2
2021-05-30 15:47:04,750 INFO model type: ESN
2021-05-30 15:47:04,750 INFO units: 500
2021-05-30 15:47:04,750 INFO layers: 1
2021-05-30 15:47:04,750 INFO concat: false
2021-05-30 15:47:04,750 INFO input_scaling: 0.2
2021-05-30 15:47:04,750 INFO inter_scaling: 1
2021-05-30 15:47:04,750 INFO radius: 0.15000000000000002
2021-05-30 15:47:04,750 INFO leaky: 0.9999999999999999
2021-05-30 15:47:04,750 INFO connectivity_recurrent: 10
2021-05-30 15:47:04,750 INFO connectivity_input: 10
2021-05-30 15:47:04,750 INFO connectivity_inter: 10
2021-05-30 15:47:04,750 INFO return_sequences: false
2021-05-30 15:48:07,114 INFO validation_loss: 0.03037036955356598
2021-05-30 15:49:16,343 INFO normalized prediction error: 0.06
2021-05-30 15:49:17,012 INFO Channel Stats: TP: 1  FP: 0  FN: 0
2021-05-30 15:49:17,012 INFO Total true positives: 29
2021-05-30 15:49:17,013 INFO Total false positives: 16
2021-05-30 15:49:17,013 INFO Total false negatives: 20

2021-05-30 15:49:17,017 INFO Stream # 39: G-4
2021-05-30 15:49:17,247 INFO model type: ESN
2021-05-30 15:49:17,247 INFO units: 500
2021-05-30 15:49:17,247 INFO layers: 1
2021-05-30 15:49:17,248 INFO concat: false
2021-05-30 15:49:17,248 INFO input_scaling: 1.0
2021-05-30 15:49:17,248 INFO inter_scaling: 1
2021-05-30 15:49:17,248 INFO radius: 0.15000000000000002
2021-05-30 15:49:17,248 INFO leaky: 0.9999999999999999
2021-05-30 15:49:17,248 INFO connectivity_recurrent: 10
2021-05-30 15:49:17,248 INFO connectivity_input: 10
2021-05-30 15:49:17,248 INFO connectivity_inter: 10
2021-05-30 15:49:17,248 INFO return_sequences: false
2021-05-30 15:49:58,154 INFO validation_loss: 0.000241179033764638
2021-05-30 15:50:58,548 INFO normalized prediction error: 0.00
2021-05-30 15:50:59,108 INFO Channel Stats: TP: 1  FP: 0  FN: 0
2021-05-30 15:50:59,108 INFO Total true positives: 30
2021-05-30 15:50:59,108 INFO Total false positives: 16
2021-05-30 15:50:59,108 INFO Total false negatives: 20

2021-05-30 15:50:59,113 INFO Stream # 40: T-3
2021-05-30 15:50:59,359 INFO model type: ESN
2021-05-30 15:50:59,359 INFO units: 500
2021-05-30 15:50:59,359 INFO layers: 1
2021-05-30 15:50:59,360 INFO concat: false
2021-05-30 15:50:59,360 INFO input_scaling: 1.0
2021-05-30 15:50:59,360 INFO inter_scaling: 1
2021-05-30 15:50:59,360 INFO radius: 0.9899999999999999
2021-05-30 15:50:59,360 INFO leaky: 0.9999999999999999
2021-05-30 15:50:59,360 INFO connectivity_recurrent: 10
2021-05-30 15:50:59,360 INFO connectivity_input: 10
2021-05-30 15:50:59,360 INFO connectivity_inter: 10
2021-05-30 15:50:59,360 INFO return_sequences: false
2021-05-30 15:51:52,978 INFO validation_loss: 0.0005611446686089039
2021-05-30 15:53:02,566 INFO normalized prediction error: 0.01
2021-05-30 15:53:03,402 INFO Channel Stats: TP: 2  FP: 0  FN: 0
2021-05-30 15:53:03,402 INFO Total true positives: 32
2021-05-30 15:53:03,402 INFO Total false positives: 16
2021-05-30 15:53:03,402 INFO Total false negatives: 20

2021-05-30 15:53:03,407 INFO Stream # 41: D-11
2021-05-30 15:53:03,636 INFO model type: ESN
2021-05-30 15:53:03,636 INFO units: 450
2021-05-30 15:53:03,636 INFO layers: 2
2021-05-30 15:53:03,636 INFO concat: true
2021-05-30 15:53:03,636 INFO input_scaling: 0.7
2021-05-30 15:53:03,636 INFO inter_scaling: 1.0
2021-05-30 15:53:03,636 INFO radius: 0.9899999999999999
2021-05-30 15:53:03,637 INFO leaky: 0.8999999999999999
2021-05-30 15:53:03,637 INFO connectivity_recurrent: 10
2021-05-30 15:53:03,637 INFO connectivity_input: 10
2021-05-30 15:53:03,637 INFO connectivity_inter: 10
2021-05-30 15:53:03,637 INFO return_sequences: false
2021-05-30 15:55:51,007 INFO validation_loss: 0.0015356761869043112
2021-05-30 15:58:42,327 INFO normalized prediction error: 0.02
2021-05-30 15:58:42,659 INFO Channel Stats: TP: 1  FP: 0  FN: 0
2021-05-30 15:58:42,659 INFO Total true positives: 33
2021-05-30 15:58:42,659 INFO Total false positives: 16
2021-05-30 15:58:42,659 INFO Total false negatives: 20

2021-05-30 15:58:42,664 INFO Stream # 42: D-12
2021-05-30 15:58:42,792 INFO model type: ESN
2021-05-30 15:58:42,792 INFO units: 725
2021-05-30 15:58:42,792 INFO layers: 1
2021-05-30 15:58:42,792 INFO concat: false
2021-05-30 15:58:42,792 INFO input_scaling: 1.0
2021-05-30 15:58:42,792 INFO inter_scaling: 1
2021-05-30 15:58:42,792 INFO radius: 0.15000000000000002
2021-05-30 15:58:42,792 INFO leaky: 0.8999999999999999
2021-05-30 15:58:42,792 INFO connectivity_recurrent: 10
2021-05-30 15:58:42,792 INFO connectivity_input: 10
2021-05-30 15:58:42,793 INFO connectivity_inter: 10
2021-05-30 15:58:42,793 INFO return_sequences: false
2021-05-30 15:58:51,365 INFO validation_loss: 0.0017926528817042708
2021-05-30 15:59:54,827 INFO normalized prediction error: 0.16
2021-05-30 15:59:55,324 INFO Channel Stats: TP: 1  FP: 0  FN: 0
2021-05-30 15:59:55,324 INFO Total true positives: 34
2021-05-30 15:59:55,324 INFO Total false positives: 16
2021-05-30 15:59:55,324 INFO Total false negatives: 20

2021-05-30 15:59:55,329 INFO Stream # 43: B-1
2021-05-30 15:59:55,527 INFO model type: ESN
2021-05-30 15:59:55,528 INFO units: 350
2021-05-30 15:59:55,528 INFO layers: 1
2021-05-30 15:59:55,528 INFO concat: false
2021-05-30 15:59:55,528 INFO input_scaling: 1.0
2021-05-30 15:59:55,528 INFO inter_scaling: 1
2021-05-30 15:59:55,528 INFO radius: 0.7
2021-05-30 15:59:55,528 INFO leaky: 0.7999999999999999
2021-05-30 15:59:55,528 INFO connectivity_recurrent: 10
2021-05-30 15:59:55,528 INFO connectivity_input: 10
2021-05-30 15:59:55,528 INFO connectivity_inter: 10
2021-05-30 15:59:55,528 INFO return_sequences: false
2021-05-30 16:00:34,016 INFO validation_loss: 0.00013251861673779786
2021-05-30 16:01:37,790 INFO normalized prediction error: 0.22
2021-05-30 16:01:38,339 INFO Channel Stats: TP: 1  FP: 0  FN: 0
2021-05-30 16:01:38,339 INFO Total true positives: 35
2021-05-30 16:01:38,339 INFO Total false positives: 16
2021-05-30 16:01:38,339 INFO Total false negatives: 20

2021-05-30 16:01:38,344 INFO Stream # 44: G-6
2021-05-30 16:01:38,585 INFO model type: ESN
2021-05-30 16:01:38,586 INFO units: 450
2021-05-30 16:01:38,586 INFO layers: 2
2021-05-30 16:01:38,586 INFO concat: true
2021-05-30 16:01:38,586 INFO input_scaling: 0.6
2021-05-30 16:01:38,586 INFO inter_scaling: 0.2
2021-05-30 16:01:38,586 INFO radius: 0.9899999999999999
2021-05-30 16:01:38,586 INFO leaky: 0.8999999999999999
2021-05-30 16:01:38,586 INFO connectivity_recurrent: 10
2021-05-30 16:01:38,586 INFO connectivity_input: 10
2021-05-30 16:01:38,586 INFO connectivity_inter: 10
2021-05-30 16:01:38,586 INFO return_sequences: false
2021-05-30 16:04:19,371 INFO validation_loss: 0.0003046306374017149
2021-05-30 16:07:38,207 INFO normalized prediction error: 0.02
2021-05-30 16:07:38,594 INFO Channel Stats: TP: 1  FP: 0  FN: 0
2021-05-30 16:07:38,594 INFO Total true positives: 36
2021-05-30 16:07:38,594 INFO Total false positives: 16
2021-05-30 16:07:38,594 INFO Total false negatives: 20

2021-05-30 16:07:38,599 INFO Stream # 45: G-7
2021-05-30 16:07:38,822 INFO model type: ESN
2021-05-30 16:07:38,822 INFO units: 350
2021-05-30 16:07:38,822 INFO layers: 1
2021-05-30 16:07:38,822 INFO concat: false
2021-05-30 16:07:38,822 INFO input_scaling: 1.0
2021-05-30 16:07:38,822 INFO inter_scaling: 1
2021-05-30 16:07:38,822 INFO radius: 0.15000000000000002
2021-05-30 16:07:38,822 INFO leaky: 0.7999999999999999
2021-05-30 16:07:38,822 INFO connectivity_recurrent: 10
2021-05-30 16:07:38,822 INFO connectivity_input: 10
2021-05-30 16:07:38,822 INFO connectivity_inter: 10
2021-05-30 16:07:38,822 INFO return_sequences: false
2021-05-30 16:08:23,419 INFO validation_loss: 0.03843143582344055
2021-05-30 16:09:25,551 INFO normalized prediction error: 0.02
2021-05-30 16:09:26,363 INFO Channel Stats: TP: 3  FP: 0  FN: 0
2021-05-30 16:09:26,363 INFO Total true positives: 39
2021-05-30 16:09:26,363 INFO Total false positives: 16
2021-05-30 16:09:26,363 INFO Total false negatives: 20

2021-05-30 16:09:26,368 INFO Stream # 46: P-7
2021-05-30 16:09:26,588 INFO model type: ESN
2021-05-30 16:09:26,588 INFO units: 725
2021-05-30 16:09:26,588 INFO layers: 4
2021-05-30 16:09:26,589 INFO concat: true
2021-05-30 16:09:26,589 INFO input_scaling: 1.0
2021-05-30 16:09:26,589 INFO inter_scaling: 1.0
2021-05-30 16:09:26,589 INFO radius: 0.25
2021-05-30 16:09:26,589 INFO leaky: 0.9999999999999999
2021-05-30 16:09:26,589 INFO connectivity_recurrent: 10
2021-05-30 16:09:26,589 INFO connectivity_input: 10
2021-05-30 16:09:26,589 INFO connectivity_inter: 10
2021-05-30 16:09:26,589 INFO return_sequences: false
2021-05-30 16:15:08,470 INFO validation_loss: 0.015145904384553432
2021-05-30 16:20:13,978 INFO normalized prediction error: 0.04
2021-05-30 16:20:14,422 INFO Channel Stats: TP: 1  FP: 0  FN: 0
2021-05-30 16:20:14,422 INFO Total true positives: 40
2021-05-30 16:20:14,422 INFO Total false positives: 16
2021-05-30 16:20:14,422 INFO Total false negatives: 20

2021-05-30 16:20:14,427 INFO Stream # 47: R-1
2021-05-30 16:20:14,642 INFO model type: ESN
2021-05-30 16:20:14,642 INFO units: 500
2021-05-30 16:20:14,642 INFO layers: 1
2021-05-30 16:20:14,642 INFO concat: false
2021-05-30 16:20:14,642 INFO input_scaling: 1.0
2021-05-30 16:20:14,642 INFO inter_scaling: 1
2021-05-30 16:20:14,642 INFO radius: 0.15000000000000002
2021-05-30 16:20:14,642 INFO leaky: 0.9999999999999999
2021-05-30 16:20:14,642 INFO connectivity_recurrent: 10
2021-05-30 16:20:14,642 INFO connectivity_input: 10
2021-05-30 16:20:14,642 INFO connectivity_inter: 10
2021-05-30 16:20:14,643 INFO return_sequences: false
2021-05-30 16:21:09,245 INFO validation_loss: 1.3694117114937399e-05
2021-05-30 16:22:06,123 INFO normalized prediction error: 0.00
2021-05-30 16:22:06,753 INFO Channel Stats: TP: 0  FP: 0  FN: 1
2021-05-30 16:22:06,753 INFO Total true positives: 40
2021-05-30 16:22:06,753 INFO Total false positives: 16
2021-05-30 16:22:06,753 INFO Total false negatives: 21

2021-05-30 16:22:06,758 INFO Stream # 48: A-5
2021-05-30 16:22:06,879 INFO model type: ESN
2021-05-30 16:22:06,879 INFO units: 475
2021-05-30 16:22:06,880 INFO layers: 3
2021-05-30 16:22:06,880 INFO concat: false
2021-05-30 16:22:06,880 INFO input_scaling: 1.0
2021-05-30 16:22:06,880 INFO inter_scaling: 0.4
2021-05-30 16:22:06,880 INFO radius: 0.15000000000000002
2021-05-30 16:22:06,880 INFO leaky: 0.9999999999999999
2021-05-30 16:22:06,880 INFO connectivity_recurrent: 10
2021-05-30 16:22:06,880 INFO connectivity_input: 10
2021-05-30 16:22:06,880 INFO connectivity_inter: 10
2021-05-30 16:22:06,880 INFO return_sequences: false
2021-05-30 16:23:39,151 INFO validation_loss: 0.00010383901098975912
2021-05-30 16:26:05,509 INFO normalized prediction error: 0.47
2021-05-30 16:26:05,697 INFO Channel Stats: TP: 1  FP: 0  FN: 0
2021-05-30 16:26:05,697 INFO Total true positives: 41
2021-05-30 16:26:05,697 INFO Total false positives: 16
2021-05-30 16:26:05,697 INFO Total false negatives: 21

2021-05-30 16:26:05,703 INFO Stream # 49: A-6
2021-05-30 16:26:05,809 INFO model type: ESN
2021-05-30 16:26:05,809 INFO units: 325
2021-05-30 16:26:05,809 INFO layers: 6
2021-05-30 16:26:05,809 INFO concat: false
2021-05-30 16:26:05,810 INFO input_scaling: 0.5499999999999999
2021-05-30 16:26:05,810 INFO inter_scaling: 1.0
2021-05-30 16:26:05,810 INFO radius: 0.15000000000000002
2021-05-30 16:26:05,810 INFO leaky: 0.9999999999999999
2021-05-30 16:26:05,810 INFO connectivity_recurrent: 10
2021-05-30 16:26:05,810 INFO connectivity_input: 10
2021-05-30 16:26:05,810 INFO connectivity_inter: 10
2021-05-30 16:26:05,810 INFO return_sequences: false
2021-05-30 16:28:57,110 INFO validation_loss: 0.006259718909859657
2021-05-30 16:32:42,138 INFO normalized prediction error: 0.08
2021-05-30 16:32:42,476 INFO Channel Stats: TP: 1  FP: 0  FN: 0
2021-05-30 16:32:42,476 INFO Total true positives: 42
2021-05-30 16:32:42,476 INFO Total false positives: 16
2021-05-30 16:32:42,476 INFO Total false negatives: 21

2021-05-30 16:32:42,481 INFO Stream # 50: A-7
2021-05-30 16:32:42,692 INFO model type: ESN
2021-05-30 16:32:42,692 INFO units: 700
2021-05-30 16:32:42,692 INFO layers: 5
2021-05-30 16:32:42,692 INFO concat: true
2021-05-30 16:32:42,692 INFO input_scaling: 0.7999999999999999
2021-05-30 16:32:42,692 INFO inter_scaling: 1.0
2021-05-30 16:32:42,692 INFO radius: 0.9899999999999999
2021-05-30 16:32:42,692 INFO leaky: 0.9999999999999999
2021-05-30 16:32:42,693 INFO connectivity_recurrent: 10
2021-05-30 16:32:42,693 INFO connectivity_input: 10
2021-05-30 16:32:42,693 INFO connectivity_inter: 10
2021-05-30 16:32:42,693 INFO return_sequences: false
2021-05-30 16:48:00,908 INFO validation_loss: 0.048898205161094666
2021-05-30 16:54:38,623 INFO normalized prediction error: 0.05
2021-05-30 16:54:39,198 INFO Channel Stats: TP: 1  FP: 0  FN: 0
2021-05-30 16:54:39,198 INFO Total true positives: 43
2021-05-30 16:54:39,198 INFO Total false positives: 16
2021-05-30 16:54:39,198 INFO Total false negatives: 21

2021-05-30 16:54:39,203 INFO Stream # 51: D-13
2021-05-30 16:54:39,388 INFO model type: ESN
2021-05-30 16:54:39,388 INFO units: 700
2021-05-30 16:54:39,388 INFO layers: 3
2021-05-30 16:54:39,388 INFO concat: true
2021-05-30 16:54:39,388 INFO input_scaling: 1.0
2021-05-30 16:54:39,388 INFO inter_scaling: 0.1
2021-05-30 16:54:39,388 INFO radius: 0.15000000000000002
2021-05-30 16:54:39,388 INFO leaky: 0.9999999999999999
2021-05-30 16:54:39,388 INFO connectivity_recurrent: 10
2021-05-30 16:54:39,388 INFO connectivity_input: 10
2021-05-30 16:54:39,388 INFO connectivity_inter: 10
2021-05-30 16:54:39,388 INFO return_sequences: false
2021-05-30 16:56:35,743 INFO validation_loss: 8.160482956043325e-09
2021-05-30 17:00:27,944 INFO normalized prediction error: 0.28
2021-05-30 17:00:28,421 INFO Channel Stats: TP: 1  FP: 0  FN: 0
2021-05-30 17:00:28,421 INFO Total true positives: 44
2021-05-30 17:00:28,422 INFO Total false positives: 16
2021-05-30 17:00:28,422 INFO Total false negatives: 21

2021-05-30 17:00:28,427 INFO Stream # 52: P-2
2021-05-30 17:00:28,582 INFO model type: ESN
2021-05-30 17:00:28,583 INFO units: 500
2021-05-30 17:00:28,583 INFO layers: 1
2021-05-30 17:00:28,583 INFO concat: false
2021-05-30 17:00:28,583 INFO input_scaling: 0.35
2021-05-30 17:00:28,583 INFO inter_scaling: 1
2021-05-30 17:00:28,583 INFO radius: 0.6499999999999999
2021-05-30 17:00:28,583 INFO leaky: 0.8999999999999999
2021-05-30 17:00:28,583 INFO connectivity_recurrent: 10
2021-05-30 17:00:28,583 INFO connectivity_input: 10
2021-05-30 17:00:28,583 INFO connectivity_inter: 10
2021-05-30 17:00:28,583 INFO return_sequences: false
2021-05-30 17:01:15,552 INFO validation_loss: 0.0008461546967737377
2021-05-30 17:02:22,939 INFO normalized prediction error: 0.05
2021-05-30 17:02:23,347 INFO Channel Stats: TP: 1  FP: 0  FN: 0
2021-05-30 17:02:23,348 INFO Total true positives: 45
2021-05-30 17:02:23,348 INFO Total false positives: 16
2021-05-30 17:02:23,348 INFO Total false negatives: 21

2021-05-30 17:02:23,353 INFO Stream # 53: A-8
2021-05-30 17:02:23,517 INFO model type: ESN
2021-05-30 17:02:23,518 INFO units: 375
2021-05-30 17:02:23,518 INFO layers: 3
2021-05-30 17:02:23,518 INFO concat: true
2021-05-30 17:02:23,518 INFO input_scaling: 1.0
2021-05-30 17:02:23,518 INFO inter_scaling: 1.0
2021-05-30 17:02:23,518 INFO radius: 0.15000000000000002
2021-05-30 17:02:23,518 INFO leaky: 0.9999999999999999
2021-05-30 17:02:23,518 INFO connectivity_recurrent: 10
2021-05-30 17:02:23,518 INFO connectivity_input: 10
2021-05-30 17:02:23,518 INFO connectivity_inter: 10
2021-05-30 17:02:23,518 INFO return_sequences: false
2021-05-30 17:03:41,161 INFO validation_loss: 0.039136070758104324
2021-05-30 17:08:07,624 INFO normalized prediction error: 0.25
2021-05-30 17:08:08,324 INFO Channel Stats: TP: 1  FP: 0  FN: 0
2021-05-30 17:08:08,325 INFO Total true positives: 46
2021-05-30 17:08:08,325 INFO Total false positives: 16
2021-05-30 17:08:08,325 INFO Total false negatives: 21

2021-05-30 17:08:08,331 INFO Stream # 54: A-9
2021-05-30 17:08:08,500 INFO model type: ESN
2021-05-30 17:08:08,500 INFO units: 475
2021-05-30 17:08:08,500 INFO layers: 4
2021-05-30 17:08:08,501 INFO concat: false
2021-05-30 17:08:08,501 INFO input_scaling: 0.7999999999999999
2021-05-30 17:08:08,501 INFO inter_scaling: 1.0
2021-05-30 17:08:08,501 INFO radius: 0.9899999999999999
2021-05-30 17:08:08,501 INFO leaky: 0.8999999999999999
2021-05-30 17:08:08,501 INFO connectivity_recurrent: 10
2021-05-30 17:08:08,501 INFO connectivity_input: 10
2021-05-30 17:08:08,501 INFO connectivity_inter: 10
2021-05-30 17:08:08,501 INFO return_sequences: false
2021-05-30 17:09:59,312 INFO validation_loss: 0.023404156789183617
2021-05-30 17:16:34,149 INFO normalized prediction error: 0.06
2021-05-30 17:16:34,918 INFO Channel Stats: TP: 0  FP: 0  FN: 1
2021-05-30 17:16:34,918 INFO Total true positives: 46
2021-05-30 17:16:34,918 INFO Total false positives: 16
2021-05-30 17:16:34,918 INFO Total false negatives: 22

2021-05-30 17:16:34,927 INFO Stream # 55: F-3
2021-05-30 17:16:35,313 INFO model type: ESN
2021-05-30 17:16:35,313 INFO units: 725
2021-05-30 17:16:35,313 INFO layers: 1
2021-05-30 17:16:35,313 INFO concat: false
2021-05-30 17:16:35,313 INFO input_scaling: 0.6
2021-05-30 17:16:35,318 INFO inter_scaling: 1
2021-05-30 17:16:35,318 INFO radius: 0.9899999999999999
2021-05-30 17:16:35,318 INFO leaky: 0.8999999999999999
2021-05-30 17:16:35,318 INFO connectivity_recurrent: 10
2021-05-30 17:16:35,319 INFO connectivity_input: 10
2021-05-30 17:16:35,319 INFO connectivity_inter: 10
2021-05-30 17:16:35,320 INFO return_sequences: false
2021-05-30 17:18:06,685 INFO validation_loss: 0.00035782583290711045
2021-05-30 17:19:25,294 INFO normalized prediction error: 0.01
2021-05-30 17:19:25,880 INFO Channel Stats: TP: 0  FP: 0  FN: 1
2021-05-30 17:19:25,880 INFO Total true positives: 46
2021-05-30 17:19:25,880 INFO Total false positives: 16
2021-05-30 17:19:25,880 INFO Total false negatives: 23

2021-05-30 17:19:25,893 INFO Stream # 56: M-6
2021-05-30 17:19:26,147 INFO model type: ESN
2021-05-30 17:19:26,147 INFO units: 700
2021-05-30 17:19:26,147 INFO layers: 1
2021-05-30 17:19:26,147 INFO concat: false
2021-05-30 17:19:26,147 INFO input_scaling: 1.0
2021-05-30 17:19:26,147 INFO inter_scaling: 1
2021-05-30 17:19:26,147 INFO radius: 0.25
2021-05-30 17:19:26,147 INFO leaky: 0.7999999999999999
2021-05-30 17:19:26,147 INFO connectivity_recurrent: 10
2021-05-30 17:19:26,147 INFO connectivity_input: 10
2021-05-30 17:19:26,147 INFO connectivity_inter: 10
2021-05-30 17:19:26,147 INFO return_sequences: false
2021-05-30 17:20:05,625 INFO validation_loss: 0.0002564704336691648
2021-05-30 17:20:22,999 INFO normalized prediction error: 0.05
2021-05-30 17:20:23,016 INFO Channel Stats: TP: 1  FP: 0  FN: 0
2021-05-30 17:20:23,016 INFO Total true positives: 47
2021-05-30 17:20:23,016 INFO Total false positives: 16
2021-05-30 17:20:23,016 INFO Total false negatives: 23

2021-05-30 17:20:23,024 INFO Stream # 57: M-1
2021-05-30 17:20:23,352 INFO model type: ESN
2021-05-30 17:20:23,353 INFO units: 675
2021-05-30 17:20:23,353 INFO layers: 3
2021-05-30 17:20:23,353 INFO concat: true
2021-05-30 17:20:23,353 INFO input_scaling: 0.5499999999999999
2021-05-30 17:20:23,353 INFO inter_scaling: 1.0
2021-05-30 17:20:23,353 INFO radius: 0.9899999999999999
2021-05-30 17:20:23,353 INFO leaky: 0.9999999999999999
2021-05-30 17:20:23,353 INFO connectivity_recurrent: 10
2021-05-30 17:20:23,353 INFO connectivity_input: 10
2021-05-30 17:20:23,353 INFO connectivity_inter: 10
2021-05-30 17:20:23,353 INFO return_sequences: false
2021-05-30 17:25:54,920 INFO validation_loss: 0.2560577988624573
2021-05-30 17:27:08,797 INFO normalized prediction error: 0.03
2021-05-30 17:27:08,810 INFO Channel Stats: TP: 1  FP: 1  FN: 0
2021-05-30 17:27:08,810 INFO Total true positives: 48
2021-05-30 17:27:08,810 INFO Total false positives: 17
2021-05-30 17:27:08,810 INFO Total false negatives: 23

2021-05-30 17:27:08,817 INFO Stream # 58: M-2
2021-05-30 17:27:09,112 INFO model type: ESN
2021-05-30 17:27:09,112 INFO units: 725
2021-05-30 17:27:09,112 INFO layers: 3
2021-05-30 17:27:09,112 INFO concat: true
2021-05-30 17:27:09,112 INFO input_scaling: 0.2
2021-05-30 17:27:09,112 INFO inter_scaling: 1.0
2021-05-30 17:27:09,112 INFO radius: 0.5499999999999999
2021-05-30 17:27:09,112 INFO leaky: 0.9999999999999999
2021-05-30 17:27:09,113 INFO connectivity_recurrent: 10
2021-05-30 17:27:09,113 INFO connectivity_input: 10
2021-05-30 17:27:09,113 INFO connectivity_inter: 10
2021-05-30 17:27:09,113 INFO return_sequences: false
2021-05-30 17:33:54,292 INFO validation_loss: 0.038264598697423935
2021-05-30 17:35:04,117 INFO normalized prediction error: 0.06
2021-05-30 17:35:04,123 INFO Channel Stats: TP: 0  FP: 0  FN: 1
2021-05-30 17:35:04,123 INFO Total true positives: 48
2021-05-30 17:35:04,123 INFO Total false positives: 17
2021-05-30 17:35:04,123 INFO Total false negatives: 24

2021-05-30 17:35:04,130 INFO Stream # 59: S-2
2021-05-30 17:35:04,316 INFO model type: ESN
2021-05-30 17:35:04,316 INFO units: 500
2021-05-30 17:35:04,316 INFO layers: 1
2021-05-30 17:35:04,316 INFO concat: false
2021-05-30 17:35:04,317 INFO input_scaling: 1.0
2021-05-30 17:35:04,317 INFO inter_scaling: 1
2021-05-30 17:35:04,317 INFO radius: 0.9899999999999999
2021-05-30 17:35:04,317 INFO leaky: 0.7999999999999999
2021-05-30 17:35:04,317 INFO connectivity_recurrent: 10
2021-05-30 17:35:04,317 INFO connectivity_input: 10
2021-05-30 17:35:04,317 INFO connectivity_inter: 10
2021-05-30 17:35:04,317 INFO return_sequences: false
2021-05-30 17:35:45,510 INFO validation_loss: 0.0003766424779314548
2021-05-30 17:35:59,704 INFO normalized prediction error: 0.01
2021-05-30 17:35:59,718 INFO Channel Stats: TP: 1  FP: 0  FN: 0
2021-05-30 17:35:59,718 INFO Total true positives: 49
2021-05-30 17:35:59,718 INFO Total false positives: 17
2021-05-30 17:35:59,719 INFO Total false negatives: 24

2021-05-30 17:35:59,725 INFO Stream # 60: P-10
2021-05-30 17:36:00,327 INFO model type: ESN
2021-05-30 17:36:00,328 INFO units: 725
2021-05-30 17:36:00,328 INFO layers: 1
2021-05-30 17:36:00,328 INFO concat: false
2021-05-30 17:36:00,328 INFO input_scaling: 0.30000000000000004
2021-05-30 17:36:00,328 INFO inter_scaling: 1
2021-05-30 17:36:00,328 INFO radius: 0.35
2021-05-30 17:36:00,328 INFO leaky: 0.9999999999999999
2021-05-30 17:36:00,328 INFO connectivity_recurrent: 10
2021-05-30 17:36:00,328 INFO connectivity_input: 10
2021-05-30 17:36:00,328 INFO connectivity_inter: 10
2021-05-30 17:36:00,328 INFO return_sequences: false
2021-05-30 17:37:15,990 INFO validation_loss: 4.9032205424737185e-05
2021-05-30 17:38:13,855 INFO normalized prediction error: 0.22
2021-05-30 17:38:14,591 INFO Channel Stats: TP: 1  FP: 0  FN: 0
2021-05-30 17:38:14,591 INFO Total true positives: 50
2021-05-30 17:38:14,592 INFO Total false positives: 17
2021-05-30 17:38:14,592 INFO Total false negatives: 24

2021-05-30 17:38:14,601 INFO Stream # 61: T-4
2021-05-30 17:38:15,092 INFO model type: ESN
2021-05-30 17:38:15,092 INFO units: 650
2021-05-30 17:38:15,092 INFO layers: 2
2021-05-30 17:38:15,092 INFO concat: true
2021-05-30 17:38:15,092 INFO input_scaling: 0.5499999999999999
2021-05-30 17:38:15,092 INFO inter_scaling: 1.0
2021-05-30 17:38:15,092 INFO radius: 0.9899999999999999
2021-05-30 17:38:15,092 INFO leaky: 0.7
2021-05-30 17:38:15,092 INFO connectivity_recurrent: 10
2021-05-30 17:38:15,093 INFO connectivity_input: 10
2021-05-30 17:38:15,093 INFO connectivity_inter: 10
2021-05-30 17:38:15,093 INFO return_sequences: false
2021-05-30 17:42:00,488 INFO validation_loss: 0.1716497540473938
2021-05-30 17:42:51,247 INFO normalized prediction error: 0.07
2021-05-30 17:42:51,256 INFO Channel Stats: TP: 0  FP: 0  FN: 1
2021-05-30 17:42:51,258 INFO Total true positives: 50
2021-05-30 17:42:51,258 INFO Total false positives: 17
2021-05-30 17:42:51,258 INFO Total false negatives: 25

2021-05-30 17:42:51,267 INFO Stream # 62: T-5
2021-05-30 17:42:51,563 INFO model type: ESN
2021-05-30 17:42:51,564 INFO units: 675
2021-05-30 17:42:51,564 INFO layers: 1
2021-05-30 17:42:51,564 INFO concat: false
2021-05-30 17:42:51,564 INFO input_scaling: 0.44999999999999996
2021-05-30 17:42:51,564 INFO inter_scaling: 1
2021-05-30 17:42:51,564 INFO radius: 0.9899999999999999
2021-05-30 17:42:51,564 INFO leaky: 0.8999999999999999
2021-05-30 17:42:51,564 INFO connectivity_recurrent: 10
2021-05-30 17:42:51,564 INFO connectivity_input: 10
2021-05-30 17:42:51,564 INFO connectivity_inter: 10
2021-05-30 17:42:51,564 INFO return_sequences: false
2021-05-30 17:44:15,009 INFO validation_loss: 5.837409116793424e-05
2021-05-30 17:44:32,556 INFO normalized prediction error: 0.01
2021-05-30 17:44:32,575 INFO Channel Stats: TP: 1  FP: 0  FN: 0
2021-05-30 17:44:32,575 INFO Total true positives: 51
2021-05-30 17:44:32,575 INFO Total false positives: 17
2021-05-30 17:44:32,576 INFO Total false negatives: 25

2021-05-30 17:44:32,583 INFO Stream # 63: F-7
2021-05-30 17:44:32,933 INFO model type: ESN
2021-05-30 17:44:32,933 INFO units: 725
2021-05-30 17:44:32,933 INFO layers: 5
2021-05-30 17:44:32,934 INFO concat: false
2021-05-30 17:44:32,934 INFO input_scaling: 0.5499999999999999
2021-05-30 17:44:32,934 INFO inter_scaling: 1.0
2021-05-30 17:44:32,934 INFO radius: 0.15000000000000002
2021-05-30 17:44:32,934 INFO leaky: 0.9999999999999999
2021-05-30 17:44:32,934 INFO connectivity_recurrent: 10
2021-05-30 17:44:32,934 INFO connectivity_input: 10
2021-05-30 17:44:32,934 INFO connectivity_inter: 10
2021-05-30 17:44:32,934 INFO return_sequences: false
2021-05-30 17:49:44,268 INFO validation_loss: 0.3396988809108734
2021-05-30 17:54:04,266 INFO normalized prediction error: 0.15
2021-05-30 17:54:04,560 INFO Channel Stats: TP: 2  FP: 1  FN: 1
2021-05-30 17:54:04,561 INFO Total true positives: 53
2021-05-30 17:54:04,561 INFO Total false positives: 18
2021-05-30 17:54:04,561 INFO Total false negatives: 26

2021-05-30 17:54:04,569 INFO Stream # 64: M-3
2021-05-30 17:54:04,829 INFO model type: ESN
2021-05-30 17:54:04,829 INFO units: 450
2021-05-30 17:54:04,830 INFO layers: 3
2021-05-30 17:54:04,830 INFO concat: true
2021-05-30 17:54:04,830 INFO input_scaling: 0.6
2021-05-30 17:54:04,830 INFO inter_scaling: 0.6499999999999999
2021-05-30 17:54:04,830 INFO radius: 0.9899999999999999
2021-05-30 17:54:04,830 INFO leaky: 0.7999999999999999
2021-05-30 17:54:04,830 INFO connectivity_recurrent: 10
2021-05-30 17:54:04,830 INFO connectivity_input: 10
2021-05-30 17:54:04,830 INFO connectivity_inter: 10
2021-05-30 17:54:04,830 INFO return_sequences: false
2021-05-30 18:00:29,702 INFO validation_loss: 0.11952147632837296
2021-05-30 18:01:38,974 INFO normalized prediction error: 0.04
2021-05-30 18:01:38,984 INFO Channel Stats: TP: 0  FP: 1  FN: 1
2021-05-30 18:01:38,984 INFO Total true positives: 53
2021-05-30 18:01:38,984 INFO Total false positives: 19
2021-05-30 18:01:38,984 INFO Total false negatives: 27

2021-05-30 18:01:38,993 INFO Stream # 65: M-4
2021-05-30 18:01:39,311 INFO model type: ESN
2021-05-30 18:01:39,311 INFO units: 650
2021-05-30 18:01:39,312 INFO layers: 2
2021-05-30 18:01:39,312 INFO concat: true
2021-05-30 18:01:39,312 INFO input_scaling: 0.6
2021-05-30 18:01:39,312 INFO inter_scaling: 1.0
2021-05-30 18:01:39,312 INFO radius: 0.7899999999999999
2021-05-30 18:01:39,312 INFO leaky: 0.8999999999999999
2021-05-30 18:01:39,312 INFO connectivity_recurrent: 10
2021-05-30 18:01:39,312 INFO connectivity_input: 10
2021-05-30 18:01:39,312 INFO connectivity_inter: 10
2021-05-30 18:01:39,312 INFO return_sequences: false
2021-05-30 18:05:32,751 INFO validation_loss: 0.13385890424251556
2021-05-30 18:06:19,215 INFO normalized prediction error: 0.04
2021-05-30 18:06:19,223 INFO Channel Stats: TP: 0  FP: 0  FN: 1
2021-05-30 18:06:19,223 INFO Total true positives: 53
2021-05-30 18:06:19,223 INFO Total false positives: 19
2021-05-30 18:06:19,223 INFO Total false negatives: 28

2021-05-30 18:06:19,231 INFO Stream # 66: M-5
2021-05-30 18:06:19,451 INFO model type: ESN
2021-05-30 18:06:19,452 INFO units: 675
2021-05-30 18:06:19,452 INFO layers: 6
2021-05-30 18:06:19,452 INFO concat: true
2021-05-30 18:06:19,452 INFO input_scaling: 0.7
2021-05-30 18:06:19,452 INFO inter_scaling: 1.0
2021-05-30 18:06:19,452 INFO radius: 0.9899999999999999
2021-05-30 18:06:19,452 INFO leaky: 0.7999999999999999
2021-05-30 18:06:19,452 INFO connectivity_recurrent: 10
2021-05-30 18:06:19,452 INFO connectivity_input: 10
2021-05-30 18:06:19,452 INFO connectivity_inter: 10
2021-05-30 18:06:19,452 INFO return_sequences: false
2021-05-30 18:17:54,794 INFO validation_loss: 0.18452323973178864
2021-05-30 18:20:05,927 INFO normalized prediction error: 0.05
2021-05-30 18:20:05,940 INFO Channel Stats: TP: 1  FP: 0  FN: 0
2021-05-30 18:20:05,940 INFO Total true positives: 54
2021-05-30 18:20:05,940 INFO Total false positives: 19
2021-05-30 18:20:05,940 INFO Total false negatives: 28

2021-05-30 18:20:05,948 INFO Stream # 67: P-15
2021-05-30 18:20:06,363 INFO model type: ESN
2021-05-30 18:20:06,363 INFO units: 675
2021-05-30 18:20:06,363 INFO layers: 1
2021-05-30 18:20:06,363 INFO concat: false
2021-05-30 18:20:06,364 INFO input_scaling: 0.44999999999999996
2021-05-30 18:20:06,364 INFO inter_scaling: 1
2021-05-30 18:20:06,364 INFO radius: 0.35
2021-05-30 18:20:06,364 INFO leaky: 0.9999999999999999
2021-05-30 18:20:06,364 INFO connectivity_recurrent: 10
2021-05-30 18:20:06,364 INFO connectivity_input: 10
2021-05-30 18:20:06,364 INFO connectivity_inter: 10
2021-05-30 18:20:06,364 INFO return_sequences: false
2021-05-30 18:21:51,162 INFO validation_loss: 0.0009580299956724048
2021-05-30 18:22:17,037 INFO normalized prediction error: 0.49
2021-05-30 18:22:17,100 INFO Channel Stats: TP: 0  FP: 0  FN: 1
2021-05-30 18:22:17,100 INFO Total true positives: 54
2021-05-30 18:22:17,102 INFO Total false positives: 19
2021-05-30 18:22:17,102 INFO Total false negatives: 29

2021-05-30 18:22:17,109 INFO Stream # 68: C-1
2021-05-30 18:22:17,418 INFO model type: ESN
2021-05-30 18:22:17,418 INFO units: 700
2021-05-30 18:22:17,418 INFO layers: 2
2021-05-30 18:22:17,418 INFO concat: true
2021-05-30 18:22:17,419 INFO input_scaling: 0.5499999999999999
2021-05-30 18:22:17,419 INFO inter_scaling: 0.9999999999999999
2021-05-30 18:22:17,419 INFO radius: 0.9899999999999999
2021-05-30 18:22:17,419 INFO leaky: 0.6
2021-05-30 18:22:17,419 INFO connectivity_recurrent: 10
2021-05-30 18:22:17,419 INFO connectivity_input: 10
2021-05-30 18:22:17,419 INFO connectivity_inter: 10
2021-05-30 18:22:17,419 INFO return_sequences: false
2021-05-30 18:26:02,976 INFO validation_loss: 0.035633597522974014
2021-05-30 18:26:57,232 INFO normalized prediction error: 0.02
2021-05-30 18:26:57,245 INFO Channel Stats: TP: 1  FP: 0  FN: 1
2021-05-30 18:26:57,245 INFO Total true positives: 55
2021-05-30 18:26:57,245 INFO Total false positives: 19
2021-05-30 18:26:57,246 INFO Total false negatives: 30

2021-05-30 18:26:57,253 INFO Stream # 69: C-2
2021-05-30 18:26:57,431 INFO model type: ESN
2021-05-30 18:26:57,431 INFO units: 500
2021-05-30 18:26:57,431 INFO layers: 1
2021-05-30 18:26:57,431 INFO concat: false
2021-05-30 18:26:57,431 INFO input_scaling: 1.0
2021-05-30 18:26:57,431 INFO inter_scaling: 1
2021-05-30 18:26:57,431 INFO radius: 0.9899999999999999
2021-05-30 18:26:57,431 INFO leaky: 0.8999999999999999
2021-05-30 18:26:57,431 INFO connectivity_recurrent: 10
2021-05-30 18:26:57,431 INFO connectivity_input: 10
2021-05-30 18:26:57,431 INFO connectivity_inter: 10
2021-05-30 18:26:57,431 INFO return_sequences: false
2021-05-30 18:27:35,478 INFO validation_loss: 0.0005339047056622803
2021-05-30 18:27:52,700 INFO normalized prediction error: 0.21
2021-05-30 18:27:52,708 INFO Channel Stats: TP: 1  FP: 0  FN: 1
2021-05-30 18:27:52,708 INFO Total true positives: 56
2021-05-30 18:27:52,708 INFO Total false positives: 19
2021-05-30 18:27:52,708 INFO Total false negatives: 31

2021-05-30 18:27:52,716 INFO Stream # 70: T-12
2021-05-30 18:27:52,916 INFO model type: ESN
2021-05-30 18:27:52,916 INFO units: 675
2021-05-30 18:27:52,916 INFO layers: 3
2021-05-30 18:27:52,916 INFO concat: false
2021-05-30 18:27:52,916 INFO input_scaling: 0.7
2021-05-30 18:27:52,917 INFO inter_scaling: 0.6499999999999999
2021-05-30 18:27:52,917 INFO radius: 0.9899999999999999
2021-05-30 18:27:52,917 INFO leaky: 0.8999999999999999
2021-05-30 18:27:52,918 INFO connectivity_recurrent: 10
2021-05-30 18:27:52,918 INFO connectivity_input: 10
2021-05-30 18:27:52,918 INFO connectivity_inter: 10
2021-05-30 18:27:52,918 INFO return_sequences: false
2021-05-30 18:30:11,722 INFO validation_loss: 0.05899949371814728
2021-05-30 18:31:22,935 INFO normalized prediction error: 0.03
2021-05-30 18:31:22,956 INFO Channel Stats: TP: 1  FP: 3  FN: 0
2021-05-30 18:31:22,956 INFO Total true positives: 57
2021-05-30 18:31:22,956 INFO Total false positives: 22
2021-05-30 18:31:22,956 INFO Total false negatives: 31

2021-05-30 18:31:22,962 INFO Stream # 71: T-13
2021-05-30 18:31:23,125 INFO model type: ESN
2021-05-30 18:31:23,125 INFO units: 675
2021-05-30 18:31:23,125 INFO layers: 2
2021-05-30 18:31:23,125 INFO concat: true
2021-05-30 18:31:23,125 INFO input_scaling: 0.5499999999999999
2021-05-30 18:31:23,125 INFO inter_scaling: 0.44999999999999996
2021-05-30 18:31:23,125 INFO radius: 0.9899999999999999
2021-05-30 18:31:23,125 INFO leaky: 0.8999999999999999
2021-05-30 18:31:23,125 INFO connectivity_recurrent: 10
2021-05-30 18:31:23,125 INFO connectivity_input: 10
2021-05-30 18:31:23,126 INFO connectivity_inter: 10
2021-05-30 18:31:23,126 INFO return_sequences: false
2021-05-30 18:32:48,798 INFO validation_loss: 0.001467179274186492
2021-05-30 18:33:41,137 INFO normalized prediction error: 0.02
2021-05-30 18:33:41,150 INFO Channel Stats: TP: 0  FP: 0  FN: 2
2021-05-30 18:33:41,150 INFO Total true positives: 57
2021-05-30 18:33:41,150 INFO Total false positives: 22
2021-05-30 18:33:41,150 INFO Total false negatives: 33

2021-05-30 18:33:41,156 INFO Stream # 72: F-4
2021-05-30 18:33:41,436 INFO model type: ESN
2021-05-30 18:33:41,436 INFO units: 675
2021-05-30 18:33:41,436 INFO layers: 2
2021-05-30 18:33:41,436 INFO concat: true
2021-05-30 18:33:41,436 INFO input_scaling: 0.6499999999999999
2021-05-30 18:33:41,436 INFO inter_scaling: 0.4
2021-05-30 18:33:41,436 INFO radius: 0.9899999999999999
2021-05-30 18:33:41,436 INFO leaky: 0.7
2021-05-30 18:33:41,436 INFO connectivity_recurrent: 10
2021-05-30 18:33:41,436 INFO connectivity_input: 10
2021-05-30 18:33:41,436 INFO connectivity_inter: 10
2021-05-30 18:33:41,436 INFO return_sequences: false
2021-05-30 18:38:29,566 INFO validation_loss: 0.03963237628340721
2021-05-30 18:39:45,270 INFO normalized prediction error: 0.02
2021-05-30 18:39:45,416 INFO Channel Stats: TP: 1  FP: 1  FN: 0
2021-05-30 18:39:45,416 INFO Total true positives: 58
2021-05-30 18:39:45,416 INFO Total false positives: 23
2021-05-30 18:39:45,416 INFO Total false negatives: 33

2021-05-30 18:39:45,423 INFO Stream # 73: F-5
2021-05-30 18:39:45,730 INFO model type: ESN
2021-05-30 18:39:45,731 INFO units: 700
2021-05-30 18:39:45,731 INFO layers: 1
2021-05-30 18:39:45,731 INFO concat: false
2021-05-30 18:39:45,731 INFO input_scaling: 0.2
2021-05-30 18:39:45,731 INFO inter_scaling: 1
2021-05-30 18:39:45,731 INFO radius: 0.9899999999999999
2021-05-30 18:39:45,731 INFO leaky: 0.8999999999999999
2021-05-30 18:39:45,731 INFO connectivity_recurrent: 10
2021-05-30 18:39:45,731 INFO connectivity_input: 10
2021-05-30 18:39:45,731 INFO connectivity_inter: 10
2021-05-30 18:39:45,731 INFO return_sequences: false
2021-05-30 18:42:09,367 INFO validation_loss: 0.049098655581474304
2021-05-30 18:42:40,779 INFO normalized prediction error: 0.01
2021-05-30 18:42:40,980 INFO Channel Stats: TP: 1  FP: 0  FN: 0
2021-05-30 18:42:40,980 INFO Total true positives: 59
2021-05-30 18:42:40,980 INFO Total false positives: 23
2021-05-30 18:42:40,980 INFO Total false negatives: 33

2021-05-30 18:42:40,987 INFO Stream # 74: D-14
2021-05-30 18:42:41,317 INFO model type: ESN
2021-05-30 18:42:41,317 INFO units: 475
2021-05-30 18:42:41,318 INFO layers: 1
2021-05-30 18:42:41,318 INFO concat: false
2021-05-30 18:42:41,318 INFO input_scaling: 0.30000000000000004
2021-05-30 18:42:41,318 INFO inter_scaling: 1
2021-05-30 18:42:41,318 INFO radius: 0.5
2021-05-30 18:42:41,318 INFO leaky: 0.8999999999999999
2021-05-30 18:42:41,318 INFO connectivity_recurrent: 10
2021-05-30 18:42:41,318 INFO connectivity_input: 10
2021-05-30 18:42:41,318 INFO connectivity_inter: 10
2021-05-30 18:42:41,318 INFO return_sequences: false
2021-05-30 18:43:43,781 INFO validation_loss: 3.800710692303255e-05
2021-05-30 18:44:03,749 INFO normalized prediction error: 0.08
2021-05-30 18:44:03,796 INFO Channel Stats: TP: 1  FP: 0  FN: 1
2021-05-30 18:44:03,796 INFO Total true positives: 60
2021-05-30 18:44:03,796 INFO Total false positives: 23
2021-05-30 18:44:03,796 INFO Total false negatives: 34

2021-05-30 18:44:03,803 INFO Stream # 75: T-9
2021-05-30 18:44:03,927 INFO model type: ESN
2021-05-30 18:44:03,927 INFO units: 350
2021-05-30 18:44:03,927 INFO layers: 2
2021-05-30 18:44:03,927 INFO concat: true
2021-05-30 18:44:03,927 INFO input_scaling: 0.1
2021-05-30 18:44:03,927 INFO inter_scaling: 1.0
2021-05-30 18:44:03,928 INFO radius: 0.44999999999999996
2021-05-30 18:44:03,928 INFO leaky: 0.6499999999999999
2021-05-30 18:44:03,928 INFO connectivity_recurrent: 10
2021-05-30 18:44:03,928 INFO connectivity_input: 10
2021-05-30 18:44:03,928 INFO connectivity_inter: 10
2021-05-30 18:44:03,928 INFO return_sequences: false
2021-05-30 18:44:36,355 INFO validation_loss: 0.004824299365282059
2021-05-30 18:44:55,538 INFO normalized prediction error: 0.18
2021-05-30 18:44:55,541 INFO Channel Stats: TP: 0  FP: 0  FN: 2
2021-05-30 18:44:55,541 INFO Total true positives: 60
2021-05-30 18:44:55,541 INFO Total false positives: 23
2021-05-30 18:44:55,541 INFO Total false negatives: 36

2021-05-30 18:44:55,547 INFO Stream # 76: P-14
2021-05-30 18:44:55,882 INFO model type: ESN
2021-05-30 18:44:55,882 INFO units: 725
2021-05-30 18:44:55,882 INFO layers: 1
2021-05-30 18:44:55,882 INFO concat: false
2021-05-30 18:44:55,882 INFO input_scaling: 0.5499999999999999
2021-05-30 18:44:55,882 INFO inter_scaling: 1
2021-05-30 18:44:55,882 INFO radius: 0.5
2021-05-30 18:44:55,882 INFO leaky: 0.9999999999999999
2021-05-30 18:44:55,882 INFO connectivity_recurrent: 10
2021-05-30 18:44:55,883 INFO connectivity_input: 10
2021-05-30 18:44:55,883 INFO connectivity_inter: 10
2021-05-30 18:44:55,883 INFO return_sequences: false
2021-05-30 18:45:48,436 INFO validation_loss: 7.745406765025109e-05
2021-05-30 18:46:35,359 INFO normalized prediction error: 0.22
2021-05-30 18:46:35,721 INFO Channel Stats: TP: 1  FP: 0  FN: 0
2021-05-30 18:46:35,721 INFO Total true positives: 61
2021-05-30 18:46:35,721 INFO Total false positives: 23
2021-05-30 18:46:35,722 INFO Total false negatives: 36

2021-05-30 18:46:35,728 INFO Stream # 77: T-8
2021-05-30 18:46:35,897 INFO model type: ESN
2021-05-30 18:46:35,897 INFO units: 675
2021-05-30 18:46:35,897 INFO layers: 1
2021-05-30 18:46:35,897 INFO concat: false
2021-05-30 18:46:35,897 INFO input_scaling: 1.0
2021-05-30 18:46:35,897 INFO inter_scaling: 1
2021-05-30 18:46:35,897 INFO radius: 0.9899999999999999
2021-05-30 18:46:35,897 INFO leaky: 0.9999999999999999
2021-05-30 18:46:35,897 INFO connectivity_recurrent: 10
2021-05-30 18:46:35,897 INFO connectivity_input: 10
2021-05-30 18:46:35,897 INFO connectivity_inter: 10
2021-05-30 18:46:35,897 INFO return_sequences: false
2021-05-30 18:46:59,579 INFO validation_loss: 0.05313362926244736
2021-05-30 18:47:09,593 INFO normalized prediction error: 0.03
2021-05-30 18:47:09,604 INFO Channel Stats: TP: 2  FP: 0  FN: 0
2021-05-30 18:47:09,604 INFO Total true positives: 63
2021-05-30 18:47:09,604 INFO Total false positives: 23
2021-05-30 18:47:09,604 INFO Total false negatives: 36

2021-05-30 18:47:09,612 INFO Stream # 78: P-11
2021-05-30 18:47:09,921 INFO model type: ESN
2021-05-30 18:47:09,921 INFO units: 525
2021-05-30 18:47:09,921 INFO layers: 2
2021-05-30 18:47:09,921 INFO concat: true
2021-05-30 18:47:09,921 INFO input_scaling: 0.30000000000000004
2021-05-30 18:47:09,921 INFO inter_scaling: 0.5499999999999999
2021-05-30 18:47:09,921 INFO radius: 0.35
2021-05-30 18:47:09,922 INFO leaky: 0.9999999999999999
2021-05-30 18:47:09,922 INFO connectivity_recurrent: 10
2021-05-30 18:47:09,922 INFO connectivity_input: 10
2021-05-30 18:47:09,922 INFO connectivity_inter: 10
2021-05-30 18:47:09,922 INFO return_sequences: false
2021-05-30 18:50:51,750 INFO validation_loss: 0.007531932555139065
2021-05-30 18:52:08,801 INFO normalized prediction error: 0.02
2021-05-30 18:52:08,950 INFO Channel Stats: TP: 1  FP: 0  FN: 1
2021-05-30 18:52:08,950 INFO Total true positives: 64
2021-05-30 18:52:08,950 INFO Total false positives: 23
2021-05-30 18:52:08,950 INFO Total false negatives: 37

2021-05-30 18:52:08,956 INFO Stream # 79: D-15
2021-05-30 18:52:09,180 INFO model type: ESN
2021-05-30 18:52:09,181 INFO units: 350
2021-05-30 18:52:09,181 INFO layers: 2
2021-05-30 18:52:09,181 INFO concat: true
2021-05-30 18:52:09,181 INFO input_scaling: 0.5499999999999999
2021-05-30 18:52:09,181 INFO inter_scaling: 0.7499999999999999
2021-05-30 18:52:09,181 INFO radius: 0.9899999999999999
2021-05-30 18:52:09,181 INFO leaky: 0.8999999999999999
2021-05-30 18:52:09,181 INFO connectivity_recurrent: 10
2021-05-30 18:52:09,181 INFO connectivity_input: 10
2021-05-30 18:52:09,181 INFO connectivity_inter: 10
2021-05-30 18:52:09,181 INFO return_sequences: false
2021-05-30 18:57:30,311 INFO validation_loss: 0.370507150888443
2021-05-30 18:58:15,175 INFO normalized prediction error: 0.09
2021-05-30 18:58:15,182 INFO Channel Stats: TP: 0  FP: 0  FN: 1
2021-05-30 18:58:15,182 INFO Total true positives: 64
2021-05-30 18:58:15,182 INFO Total false positives: 23
2021-05-30 18:58:15,182 INFO Total false negatives: 38

2021-05-30 18:58:15,188 INFO Stream # 80: D-16
2021-05-30 18:58:15,376 INFO model type: ESN
2021-05-30 18:58:15,376 INFO units: 675
2021-05-30 18:58:15,376 INFO layers: 2
2021-05-30 18:58:15,376 INFO concat: true
2021-05-30 18:58:15,377 INFO input_scaling: 0.7999999999999999
2021-05-30 18:58:15,377 INFO inter_scaling: 0.25
2021-05-30 18:58:15,377 INFO radius: 0.9899999999999999
2021-05-30 18:58:15,377 INFO leaky: 0.7999999999999999
2021-05-30 18:58:15,377 INFO connectivity_recurrent: 10
2021-05-30 18:58:15,377 INFO connectivity_input: 10
2021-05-30 18:58:15,377 INFO connectivity_inter: 10
2021-05-30 18:58:15,377 INFO return_sequences: false
2021-05-30 19:01:42,115 INFO validation_loss: 0.24036787450313568
2021-05-30 19:02:26,538 INFO normalized prediction error: 0.13
2021-05-30 19:02:26,547 INFO Channel Stats: TP: 1  FP: 0  FN: 0
2021-05-30 19:02:26,547 INFO Total true positives: 65
2021-05-30 19:02:26,547 INFO Total false positives: 23
2021-05-30 19:02:26,547 INFO Total false negatives: 38

2021-05-30 19:02:26,553 INFO Stream # 81: M-7
2021-05-30 19:02:26,774 INFO model type: ESN
2021-05-30 19:02:26,774 INFO units: 675
2021-05-30 19:02:26,774 INFO layers: 1
2021-05-30 19:02:26,774 INFO concat: false
2021-05-30 19:02:26,774 INFO input_scaling: 1.0
2021-05-30 19:02:26,774 INFO inter_scaling: 1
2021-05-30 19:02:26,774 INFO radius: 0.35
2021-05-30 19:02:26,775 INFO leaky: 0.7
2021-05-30 19:02:26,775 INFO connectivity_recurrent: 10
2021-05-30 19:02:26,775 INFO connectivity_input: 10
2021-05-30 19:02:26,775 INFO connectivity_inter: 10
2021-05-30 19:02:26,775 INFO return_sequences: false
2021-05-30 19:03:07,696 INFO validation_loss: 0.0042564645409584045
2021-05-30 19:03:23,144 INFO normalized prediction error: 0.03
2021-05-30 19:03:23,157 INFO Channel Stats: TP: 1  FP: 0  FN: 0
2021-05-30 19:03:23,157 INFO Total true positives: 66
2021-05-30 19:03:23,158 INFO Total false positives: 23
2021-05-30 19:03:23,158 INFO Total false negatives: 38

2021-05-30 19:03:23,164 INFO Stream # 82: F-8
2021-05-30 19:03:23,457 INFO model type: ESN
2021-05-30 19:03:23,457 INFO units: 475
2021-05-30 19:03:23,457 INFO layers: 4
2021-05-30 19:03:23,457 INFO concat: true
2021-05-30 19:03:23,457 INFO input_scaling: 0.44999999999999996
2021-05-30 19:03:23,458 INFO inter_scaling: 0.6
2021-05-30 19:03:23,458 INFO radius: 0.8899999999999999
2021-05-30 19:03:23,458 INFO leaky: 0.8999999999999999
2021-05-30 19:03:23,458 INFO connectivity_recurrent: 10
2021-05-30 19:03:23,458 INFO connectivity_input: 10
2021-05-30 19:03:23,458 INFO connectivity_inter: 10
2021-05-30 19:03:23,458 INFO return_sequences: false
2021-05-30 19:11:46,146 INFO validation_loss: 0.17840765416622162
2021-05-30 19:13:15,316 INFO normalized prediction error: 0.06
2021-05-30 19:13:15,327 INFO Channel Stats: TP: 0  FP: 0  FN: 1
2021-05-30 19:13:15,327 INFO Total true positives: 66
2021-05-30 19:13:15,327 INFO Total false positives: 23
2021-05-30 19:13:15,327 INFO Total false negatives: 39

2021-05-30 19:13:15,334 INFO Final Totals:
2021-05-30 19:13:15,334 INFO -----------------
2021-05-30 19:13:15,334 INFO True Positives: 66
2021-05-30 19:13:15,334 INFO False Positives: 23
2021-05-30 19:13:15,334 INFO False Negatives: 39

2021-05-30 19:13:15,334 INFO Precision: 0.74
2021-05-30 19:13:15,335 INFO Recall: 0.63
