2021-05-25 23:40:15,147 INFO 82 channels found for processing.
2021-05-25 23:40:15,147 INFO Stream # 1: P-1
2021-05-25 23:40:48,889 INFO validation_loss: 0.061985258013010025
2021-05-25 23:40:56,230 INFO normalized prediction error: 0.09
2021-05-25 23:40:56,838 INFO Channel Stats: TP: 1  FP: 1  FN: 2
2021-05-25 23:40:56,838 INFO Total true positives: 1
2021-05-25 23:40:56,838 INFO Total false positives: 1
2021-05-25 23:40:56,838 INFO Total false negatives: 2

2021-05-25 23:40:56,844 INFO Stream # 2: S-1
2021-05-25 23:41:27,616 INFO validation_loss: 0.1744343638420105
2021-05-25 23:41:33,904 INFO normalized prediction error: 0.18
2021-05-25 23:41:34,527 INFO Channel Stats: TP: 1  FP: 0  FN: 0
2021-05-25 23:41:34,528 INFO Total true positives: 2
2021-05-25 23:41:34,528 INFO Total false positives: 1
2021-05-25 23:41:34,528 INFO Total false negatives: 2

2021-05-25 23:41:34,531 INFO Stream # 3: E-1
2021-05-25 23:42:07,263 INFO validation_loss: 0.21369707584381104
2021-05-25 23:42:14,703 INFO normalized prediction error: 0.08
2021-05-25 23:42:15,418 INFO Channel Stats: TP: 2  FP: 1  FN: 0
2021-05-25 23:42:15,418 INFO Total true positives: 4
2021-05-25 23:42:15,418 INFO Total false positives: 2
2021-05-25 23:42:15,418 INFO Total false negatives: 2

2021-05-25 23:42:15,422 INFO Stream # 4: E-2
2021-05-25 23:42:48,226 INFO validation_loss: 0.06450258195400238
2021-05-25 23:42:56,146 INFO normalized prediction error: 0.06
2021-05-25 23:42:56,632 INFO Channel Stats: TP: 1  FP: 0  FN: 0
2021-05-25 23:42:56,632 INFO Total true positives: 5
2021-05-25 23:42:56,632 INFO Total false positives: 2
2021-05-25 23:42:56,632 INFO Total false negatives: 2

2021-05-25 23:42:56,635 INFO Stream # 5: E-3
2021-05-25 23:43:29,605 INFO validation_loss: 0.001756837940774858
2021-05-25 23:43:37,275 INFO normalized prediction error: 0.03
2021-05-25 23:43:37,970 INFO Channel Stats: TP: 1  FP: 0  FN: 0
2021-05-25 23:43:37,970 INFO Total true positives: 6
2021-05-25 23:43:37,970 INFO Total false positives: 2
2021-05-25 23:43:37,971 INFO Total false negatives: 2

2021-05-25 23:43:37,974 INFO Stream # 6: E-4
2021-05-25 23:44:10,712 INFO validation_loss: 0.024629464372992516
2021-05-25 23:44:18,098 INFO normalized prediction error: 0.06
2021-05-25 23:44:18,640 INFO Channel Stats: TP: 1  FP: 0  FN: 0
2021-05-25 23:44:18,640 INFO Total true positives: 7
2021-05-25 23:44:18,640 INFO Total false positives: 2
2021-05-25 23:44:18,640 INFO Total false negatives: 2

2021-05-25 23:44:18,645 INFO Stream # 7: E-5
2021-05-25 23:44:50,824 INFO validation_loss: 0.22709466516971588
2021-05-25 23:44:57,911 INFO normalized prediction error: 0.10
2021-05-25 23:44:58,400 INFO Channel Stats: TP: 1  FP: 0  FN: 0
2021-05-25 23:44:58,401 INFO Total true positives: 8
2021-05-25 23:44:58,401 INFO Total false positives: 2
2021-05-25 23:44:58,401 INFO Total false negatives: 2

2021-05-25 23:44:58,404 INFO Stream # 8: E-6
2021-05-25 23:45:12,443 INFO validation_loss: 4.436613744474016e-05
2021-05-25 23:45:20,016 INFO normalized prediction error: 0.01
2021-05-25 23:45:20,777 INFO Channel Stats: TP: 1  FP: 0  FN: 0
2021-05-25 23:45:20,777 INFO Total true positives: 9
2021-05-25 23:45:20,777 INFO Total false positives: 2
2021-05-25 23:45:20,777 INFO Total false negatives: 2

2021-05-25 23:45:20,781 INFO Stream # 9: E-7
2021-05-25 23:45:37,392 INFO validation_loss: 0.0014116460224613547
2021-05-25 23:45:44,875 INFO normalized prediction error: 0.02
2021-05-25 23:45:45,598 INFO Channel Stats: TP: 1  FP: 0  FN: 0
2021-05-25 23:45:45,598 INFO Total true positives: 10
2021-05-25 23:45:45,598 INFO Total false positives: 2
2021-05-25 23:45:45,598 INFO Total false negatives: 2

2021-05-25 23:45:45,602 INFO Stream # 10: E-8
2021-05-25 23:46:17,821 INFO validation_loss: 0.015560680069029331
2021-05-25 23:46:24,832 INFO normalized prediction error: 0.07
2021-05-25 23:46:25,319 INFO Channel Stats: TP: 1  FP: 0  FN: 0
2021-05-25 23:46:25,319 INFO Total true positives: 11
2021-05-25 23:46:25,319 INFO Total false positives: 2
2021-05-25 23:46:25,319 INFO Total false negatives: 2

2021-05-25 23:46:25,323 INFO Stream # 11: E-9
2021-05-25 23:46:52,714 INFO validation_loss: 0.009159443899989128
2021-05-25 23:46:59,909 INFO normalized prediction error: 0.05
2021-05-25 23:47:00,339 INFO Channel Stats: TP: 1  FP: 0  FN: 0
2021-05-25 23:47:00,339 INFO Total true positives: 12
2021-05-25 23:47:00,339 INFO Total false positives: 2
2021-05-25 23:47:00,339 INFO Total false negatives: 2

2021-05-25 23:47:00,343 INFO Stream # 12: E-10
2021-05-25 23:47:32,724 INFO validation_loss: 0.23819951713085175
2021-05-25 23:47:39,954 INFO normalized prediction error: 0.09
2021-05-25 23:47:40,769 INFO Channel Stats: TP: 2  FP: 2  FN: 0
2021-05-25 23:47:40,770 INFO Total true positives: 14
2021-05-25 23:47:40,770 INFO Total false positives: 4
2021-05-25 23:47:40,770 INFO Total false negatives: 2

2021-05-25 23:47:40,774 INFO Stream # 13: E-11
2021-05-25 23:48:12,935 INFO validation_loss: 0.16230589151382446
2021-05-25 23:48:20,746 INFO normalized prediction error: 0.09
2021-05-25 23:48:21,672 INFO Channel Stats: TP: 2  FP: 2  FN: 0
2021-05-25 23:48:21,673 INFO Total true positives: 16
2021-05-25 23:48:21,673 INFO Total false positives: 6
2021-05-25 23:48:21,673 INFO Total false negatives: 2

2021-05-25 23:48:21,678 INFO Stream # 14: E-12
2021-05-25 23:48:48,651 INFO validation_loss: 0.26091381907463074
2021-05-25 23:48:55,980 INFO normalized prediction error: 0.07
2021-05-25 23:48:56,621 INFO Channel Stats: TP: 2  FP: 1  FN: 0
2021-05-25 23:48:56,621 INFO Total true positives: 18
2021-05-25 23:48:56,621 INFO Total false positives: 7
2021-05-25 23:48:56,621 INFO Total false negatives: 2

2021-05-25 23:48:56,626 INFO Stream # 15: E-13
2021-05-25 23:49:29,324 INFO validation_loss: 0.06838366389274597
2021-05-25 23:49:36,570 INFO normalized prediction error: 0.06
2021-05-25 23:49:37,242 INFO Channel Stats: TP: 2  FP: 0  FN: 1
2021-05-25 23:49:37,242 INFO Total true positives: 20
2021-05-25 23:49:37,242 INFO Total false positives: 7
2021-05-25 23:49:37,242 INFO Total false negatives: 3

2021-05-25 23:49:37,246 INFO Stream # 16: A-1
2021-05-25 23:49:55,805 INFO validation_loss: 0.00022941935458220541
2021-05-25 23:50:03,004 INFO normalized prediction error: 0.01
2021-05-25 23:50:03,694 INFO Channel Stats: TP: 1  FP: 0  FN: 0
2021-05-25 23:50:03,694 INFO Total true positives: 21
2021-05-25 23:50:03,694 INFO Total false positives: 7
2021-05-25 23:50:03,694 INFO Total false negatives: 3

2021-05-25 23:50:03,698 INFO Stream # 17: D-1
2021-05-25 23:50:22,939 INFO validation_loss: 0.003096833825111389
2021-05-25 23:50:30,260 INFO normalized prediction error: 0.07
2021-05-25 23:50:30,793 INFO Channel Stats: TP: 1  FP: 0  FN: 0
2021-05-25 23:50:30,793 INFO Total true positives: 22
2021-05-25 23:50:30,794 INFO Total false positives: 7
2021-05-25 23:50:30,794 INFO Total false negatives: 3

2021-05-25 23:50:30,797 INFO Stream # 18: P-2
2021-05-25 23:50:45,838 INFO validation_loss: 0.0008393526659347117
2021-05-25 23:50:53,033 INFO normalized prediction error: 0.05
2021-05-25 23:50:53,555 INFO Channel Stats: TP: 1  FP: 0  FN: 0
2021-05-25 23:50:53,555 INFO Total true positives: 23
2021-05-25 23:50:53,555 INFO Total false positives: 7
2021-05-25 23:50:53,555 INFO Total false negatives: 3

2021-05-25 23:50:53,560 INFO Stream # 19: P-3
2021-05-25 23:51:27,442 INFO validation_loss: 0.011614896357059479
2021-05-25 23:51:34,981 INFO normalized prediction error: 0.03
2021-05-25 23:51:35,465 INFO Channel Stats: TP: 1  FP: 0  FN: 0
2021-05-25 23:51:35,465 INFO Total true positives: 24
2021-05-25 23:51:35,465 INFO Total false positives: 7
2021-05-25 23:51:35,465 INFO Total false negatives: 3

2021-05-25 23:51:35,469 INFO Stream # 20: D-2
2021-05-25 23:51:51,326 INFO validation_loss: 0.0001232161303050816
2021-05-25 23:51:58,457 INFO normalized prediction error: 0.21
2021-05-25 23:51:58,917 INFO Channel Stats: TP: 1  FP: 0  FN: 0
2021-05-25 23:51:58,917 INFO Total true positives: 25
2021-05-25 23:51:58,917 INFO Total false positives: 7
2021-05-25 23:51:58,917 INFO Total false negatives: 3

2021-05-25 23:51:58,921 INFO Stream # 21: D-3
2021-05-25 23:52:12,906 INFO validation_loss: 0.00023318783496506512
2021-05-25 23:52:20,565 INFO normalized prediction error: 0.05
2021-05-25 23:52:21,048 INFO Channel Stats: TP: 1  FP: 1  FN: 0
2021-05-25 23:52:21,048 INFO Total true positives: 26
2021-05-25 23:52:21,048 INFO Total false positives: 8
2021-05-25 23:52:21,049 INFO Total false negatives: 3

2021-05-25 23:52:21,053 INFO Stream # 22: D-4
2021-05-25 23:52:35,889 INFO validation_loss: 0.0005486318841576576
2021-05-25 23:52:42,931 INFO normalized prediction error: 0.06
2021-05-25 23:52:43,392 INFO Channel Stats: TP: 1  FP: 0  FN: 0
2021-05-25 23:52:43,392 INFO Total true positives: 27
2021-05-25 23:52:43,392 INFO Total false positives: 8
2021-05-25 23:52:43,392 INFO Total false negatives: 3

2021-05-25 23:52:43,397 INFO Stream # 23: A-2
2021-05-25 23:53:12,965 INFO validation_loss: 0.023841893300414085
2021-05-25 23:53:19,745 INFO normalized prediction error: 0.09
2021-05-25 23:53:20,483 INFO Channel Stats: TP: 1  FP: 1  FN: 0
2021-05-25 23:53:20,483 INFO Total true positives: 28
2021-05-25 23:53:20,483 INFO Total false positives: 9
2021-05-25 23:53:20,483 INFO Total false negatives: 3

2021-05-25 23:53:20,487 INFO Stream # 24: A-3
2021-05-25 23:53:51,279 INFO validation_loss: 0.01587403193116188
2021-05-25 23:53:58,242 INFO normalized prediction error: 0.05
2021-05-25 23:53:59,026 INFO Channel Stats: TP: 1  FP: 0  FN: 0
2021-05-25 23:53:59,026 INFO Total true positives: 29
2021-05-25 23:53:59,026 INFO Total false positives: 9
2021-05-25 23:53:59,026 INFO Total false negatives: 3

2021-05-25 23:53:59,033 INFO Stream # 25: A-4
2021-05-25 23:54:31,414 INFO validation_loss: 0.018961617723107338
2021-05-25 23:54:38,733 INFO normalized prediction error: 0.06
2021-05-25 23:54:39,561 INFO Channel Stats: TP: 1  FP: 0  FN: 0
2021-05-25 23:54:39,561 INFO Total true positives: 30
2021-05-25 23:54:39,561 INFO Total false positives: 9
2021-05-25 23:54:39,561 INFO Total false negatives: 3

2021-05-25 23:54:39,566 INFO Stream # 26: G-1
2021-05-25 23:55:09,113 INFO validation_loss: 0.021468890830874443
2021-05-25 23:55:17,193 INFO normalized prediction error: 0.07
2021-05-25 23:55:17,782 INFO Channel Stats: TP: 0  FP: 2  FN: 1
2021-05-25 23:55:17,783 INFO Total true positives: 30
2021-05-25 23:55:17,783 INFO Total false positives: 11
2021-05-25 23:55:17,783 INFO Total false negatives: 4

2021-05-25 23:55:17,788 INFO Stream # 27: G-2
2021-05-25 23:55:31,414 INFO validation_loss: 0.0002320285129826516
2021-05-25 23:55:38,049 INFO normalized prediction error: 0.01
2021-05-25 23:55:38,721 INFO Channel Stats: TP: 1  FP: 0  FN: 0
2021-05-25 23:55:38,721 INFO Total true positives: 31
2021-05-25 23:55:38,721 INFO Total false positives: 11
2021-05-25 23:55:38,721 INFO Total false negatives: 4

2021-05-25 23:55:38,726 INFO Stream # 28: D-5
2021-05-25 23:55:52,884 INFO validation_loss: 0.00231208186596632
2021-05-25 23:55:59,940 INFO normalized prediction error: 0.04
2021-05-25 23:56:00,698 INFO Channel Stats: TP: 1  FP: 0  FN: 0
2021-05-25 23:56:00,698 INFO Total true positives: 32
2021-05-25 23:56:00,698 INFO Total false positives: 11
2021-05-25 23:56:00,698 INFO Total false negatives: 4

2021-05-25 23:56:00,703 INFO Stream # 29: D-6
2021-05-25 23:56:31,205 INFO validation_loss: 0.011572057381272316
2021-05-25 23:56:38,171 INFO normalized prediction error: 0.05
2021-05-25 23:56:38,874 INFO Channel Stats: TP: 1  FP: 0  FN: 0
2021-05-25 23:56:38,874 INFO Total true positives: 33
2021-05-25 23:56:38,874 INFO Total false positives: 11
2021-05-25 23:56:38,874 INFO Total false negatives: 4

2021-05-25 23:56:38,880 INFO Stream # 30: D-7
2021-05-25 23:56:58,143 INFO validation_loss: 0.00016076370957307518
2021-05-25 23:57:06,049 INFO normalized prediction error: 0.13
2021-05-25 23:57:06,638 INFO Channel Stats: TP: 1  FP: 0  FN: 0
2021-05-25 23:57:06,638 INFO Total true positives: 34
2021-05-25 23:57:06,638 INFO Total false positives: 11
2021-05-25 23:57:06,638 INFO Total false negatives: 4

2021-05-25 23:57:06,643 INFO Stream # 31: F-1
2021-05-25 23:57:40,465 INFO validation_loss: 0.03326648846268654
2021-05-25 23:57:48,315 INFO normalized prediction error: 0.08
2021-05-25 23:57:48,911 INFO Channel Stats: TP: 0  FP: 1  FN: 1
2021-05-25 23:57:48,912 INFO Total true positives: 34
2021-05-25 23:57:48,913 INFO Total false positives: 12
2021-05-25 23:57:48,913 INFO Total false negatives: 5

2021-05-25 23:57:48,920 INFO Stream # 32: P-4
2021-05-25 23:58:08,224 INFO validation_loss: 5.847290231031366e-05
2021-05-25 23:58:15,280 INFO normalized prediction error: 0.01
2021-05-25 23:58:16,426 INFO Channel Stats: TP: 3  FP: 0  FN: 0
2021-05-25 23:58:16,426 INFO Total true positives: 37
2021-05-25 23:58:16,426 INFO Total false positives: 12
2021-05-25 23:58:16,426 INFO Total false negatives: 5

2021-05-25 23:58:16,433 INFO Stream # 33: G-3
2021-05-25 23:58:47,424 INFO validation_loss: 0.004856775980442762
2021-05-25 23:58:54,963 INFO normalized prediction error: 0.00
2021-05-25 23:58:55,859 INFO Channel Stats: TP: 0  FP: 1  FN: 1
2021-05-25 23:58:55,859 INFO Total true positives: 37
2021-05-25 23:58:55,859 INFO Total false positives: 13
2021-05-25 23:58:55,859 INFO Total false negatives: 6

2021-05-25 23:58:55,865 INFO Stream # 34: T-1
2021-05-25 23:59:29,661 INFO validation_loss: 0.00279339705593884
2021-05-25 23:59:37,861 INFO normalized prediction error: 0.05
2021-05-25 23:59:38,690 INFO Channel Stats: TP: 1  FP: 2  FN: 1
2021-05-25 23:59:38,690 INFO Total true positives: 38
2021-05-25 23:59:38,691 INFO Total false positives: 15
2021-05-25 23:59:38,691 INFO Total false negatives: 7

2021-05-25 23:59:38,695 INFO Stream # 35: T-2
2021-05-26 00:00:12,578 INFO validation_loss: 0.009621704928576946
2021-05-26 00:00:20,300 INFO normalized prediction error: 0.04
2021-05-26 00:00:20,786 INFO Channel Stats: TP: 0  FP: 0  FN: 1
2021-05-26 00:00:20,786 INFO Total true positives: 38
2021-05-26 00:00:20,786 INFO Total false positives: 15
2021-05-26 00:00:20,786 INFO Total false negatives: 8

2021-05-26 00:00:20,791 INFO Stream # 36: D-8
2021-05-26 00:00:35,645 INFO validation_loss: 0.00019903259817510843
2021-05-26 00:00:43,266 INFO normalized prediction error: 0.01
2021-05-26 00:00:44,277 INFO Channel Stats: TP: 1  FP: 0  FN: 0
2021-05-26 00:00:44,277 INFO Total true positives: 39
2021-05-26 00:00:44,277 INFO Total false positives: 15
2021-05-26 00:00:44,277 INFO Total false negatives: 8

2021-05-26 00:00:44,283 INFO Stream # 37: D-9
2021-05-26 00:01:01,157 INFO validation_loss: 0.0016486035892739892
2021-05-26 00:01:07,907 INFO normalized prediction error: 0.05
2021-05-26 00:01:08,537 INFO Channel Stats: TP: 1  FP: 0  FN: 0
2021-05-26 00:01:08,537 INFO Total true positives: 40
2021-05-26 00:01:08,537 INFO Total false positives: 15
2021-05-26 00:01:08,537 INFO Total false negatives: 8

2021-05-26 00:01:08,542 INFO Stream # 38: F-2
2021-05-26 00:01:33,610 INFO validation_loss: 0.031143009662628174
2021-05-26 00:01:41,267 INFO normalized prediction error: 0.05
2021-05-26 00:01:42,139 INFO Channel Stats: TP: 1  FP: 0  FN: 0
2021-05-26 00:01:42,139 INFO Total true positives: 41
2021-05-26 00:01:42,139 INFO Total false positives: 15
2021-05-26 00:01:42,139 INFO Total false negatives: 8

2021-05-26 00:01:42,144 INFO Stream # 39: G-4
2021-05-26 00:01:54,591 INFO validation_loss: 0.0004981461679562926
2021-05-26 00:02:01,801 INFO normalized prediction error: 0.01
2021-05-26 00:02:02,451 INFO Channel Stats: TP: 1  FP: 0  FN: 0
2021-05-26 00:02:02,451 INFO Total true positives: 42
2021-05-26 00:02:02,452 INFO Total false positives: 15
2021-05-26 00:02:02,452 INFO Total false negatives: 8

2021-05-26 00:02:02,457 INFO Stream # 40: T-3
2021-05-26 00:02:17,271 INFO validation_loss: 0.00022087300021667033
2021-05-26 00:02:35,271 INFO normalized prediction error: 0.00
2021-05-26 00:02:36,386 INFO Channel Stats: TP: 2  FP: 0  FN: 0
2021-05-26 00:02:36,387 INFO Total true positives: 44
2021-05-26 00:02:36,387 INFO Total false positives: 15
2021-05-26 00:02:36,387 INFO Total false negatives: 8

2021-05-26 00:02:36,393 INFO Stream # 41: D-11
2021-05-26 00:02:53,745 INFO validation_loss: 0.0011205741902813315
2021-05-26 00:03:00,570 INFO normalized prediction error: 0.01
2021-05-26 00:03:01,213 INFO Channel Stats: TP: 1  FP: 0  FN: 0
2021-05-26 00:03:01,213 INFO Total true positives: 45
2021-05-26 00:03:01,213 INFO Total false positives: 15
2021-05-26 00:03:01,213 INFO Total false negatives: 8

2021-05-26 00:03:01,220 INFO Stream # 42: D-12
2021-05-26 00:03:06,552 INFO validation_loss: 0.0065152449533343315
2021-05-26 00:03:13,770 INFO normalized prediction error: 0.04
2021-05-26 00:03:39,046 INFO Channel Stats: TP: 1  FP: 0  FN: 0
2021-05-26 00:03:39,046 INFO Total true positives: 46
2021-05-26 00:03:39,046 INFO Total false positives: 15
2021-05-26 00:03:39,046 INFO Total false negatives: 8

2021-05-26 00:03:39,054 INFO Stream # 43: B-1
2021-05-26 00:03:57,384 INFO validation_loss: 7.766107592033222e-05
2021-05-26 00:04:04,825 INFO normalized prediction error: 0.08
2021-05-26 00:04:21,819 INFO Channel Stats: TP: 1  FP: 0  FN: 0
2021-05-26 00:04:21,819 INFO Total true positives: 47
2021-05-26 00:04:21,819 INFO Total false positives: 15
2021-05-26 00:04:21,819 INFO Total false negatives: 8

2021-05-26 00:04:21,828 INFO Stream # 44: G-6
2021-05-26 00:04:38,611 INFO validation_loss: 0.00032400822965428233
2021-05-26 00:04:47,094 INFO normalized prediction error: 0.02
2021-05-26 00:04:47,906 INFO Channel Stats: TP: 1  FP: 0  FN: 0
2021-05-26 00:04:47,906 INFO Total true positives: 48
2021-05-26 00:04:47,907 INFO Total false positives: 15
2021-05-26 00:04:47,907 INFO Total false negatives: 8

2021-05-26 00:04:47,913 INFO Stream # 45: G-7
2021-05-26 00:05:11,655 INFO validation_loss: 0.03663322702050209
2021-05-26 00:05:18,630 INFO normalized prediction error: 0.02
2021-05-26 00:05:19,625 INFO Channel Stats: TP: 3  FP: 3  FN: 0
2021-05-26 00:05:19,626 INFO Total true positives: 51
2021-05-26 00:05:19,626 INFO Total false positives: 18
2021-05-26 00:05:19,626 INFO Total false negatives: 8

2021-05-26 00:05:19,631 INFO Stream # 46: P-7
2021-05-26 00:05:46,175 INFO validation_loss: 0.006483320612460375
2021-05-26 00:05:54,150 INFO normalized prediction error: 0.03
2021-05-26 00:05:54,773 INFO Channel Stats: TP: 1  FP: 0  FN: 0
2021-05-26 00:05:54,774 INFO Total true positives: 52
2021-05-26 00:05:54,774 INFO Total false positives: 18
2021-05-26 00:05:54,774 INFO Total false negatives: 8

2021-05-26 00:05:54,779 INFO Stream # 47: R-1
2021-05-26 00:06:14,284 INFO validation_loss: 0.0002207754587288946
2021-05-26 00:06:21,270 INFO normalized prediction error: 0.01
2021-05-26 00:06:22,205 INFO Channel Stats: TP: 1  FP: 0  FN: 0
2021-05-26 00:06:22,205 INFO Total true positives: 53
2021-05-26 00:06:22,205 INFO Total false positives: 18
2021-05-26 00:06:22,206 INFO Total false negatives: 8

2021-05-26 00:06:22,218 INFO Stream # 48: A-5
2021-05-26 00:06:29,187 INFO validation_loss: 0.0010588776785880327
2021-05-26 00:06:34,083 INFO normalized prediction error: 0.06
2021-05-26 00:06:34,356 INFO Channel Stats: TP: 1  FP: 0  FN: 0
2021-05-26 00:06:34,356 INFO Total true positives: 54
2021-05-26 00:06:34,356 INFO Total false positives: 18
2021-05-26 00:06:34,356 INFO Total false negatives: 8

2021-05-26 00:06:34,361 INFO Stream # 49: A-6
2021-05-26 00:06:43,998 INFO validation_loss: 0.022365756332874298
2021-05-26 00:06:48,796 INFO normalized prediction error: 0.00
2021-05-26 00:06:49,271 INFO Channel Stats: TP: 1  FP: 0  FN: 0
2021-05-26 00:06:49,271 INFO Total true positives: 55
2021-05-26 00:06:49,271 INFO Total false positives: 18
2021-05-26 00:06:49,271 INFO Total false negatives: 8

2021-05-26 00:06:49,277 INFO Stream # 50: A-7
2021-05-26 00:07:23,413 INFO validation_loss: 0.03898147493600845
2021-05-26 00:07:31,652 INFO normalized prediction error: 0.06
2021-05-26 00:07:32,329 INFO Channel Stats: TP: 1  FP: 0  FN: 0
2021-05-26 00:07:32,330 INFO Total true positives: 56
2021-05-26 00:07:32,330 INFO Total false positives: 18
2021-05-26 00:07:32,330 INFO Total false negatives: 8

2021-05-26 00:07:32,335 INFO Stream # 51: D-13
2021-05-26 00:07:44,881 INFO validation_loss: 0.0007156620849855244
2021-05-26 00:07:51,928 INFO normalized prediction error: 0.04
2021-05-26 00:07:52,641 INFO Channel Stats: TP: 1  FP: 0  FN: 0
2021-05-26 00:07:52,642 INFO Total true positives: 57
2021-05-26 00:07:52,642 INFO Total false positives: 18
2021-05-26 00:07:52,642 INFO Total false negatives: 8

2021-05-26 00:07:52,647 INFO Stream # 52: P-2
2021-05-26 00:08:05,664 INFO validation_loss: 0.0008268731762655079
2021-05-26 00:08:13,457 INFO normalized prediction error: 0.05
2021-05-26 00:08:14,072 INFO Channel Stats: TP: 1  FP: 0  FN: 0
2021-05-26 00:08:14,072 INFO Total true positives: 58
2021-05-26 00:08:14,072 INFO Total false positives: 18
2021-05-26 00:08:14,072 INFO Total false negatives: 8

2021-05-26 00:08:14,078 INFO Stream # 53: A-8
2021-05-26 00:08:24,594 INFO validation_loss: 0.011759224347770214
2021-05-26 00:08:32,085 INFO normalized prediction error: 0.12
2021-05-26 00:08:32,695 INFO Channel Stats: TP: 1  FP: 0  FN: 0
2021-05-26 00:08:32,696 INFO Total true positives: 59
2021-05-26 00:08:32,696 INFO Total false positives: 18
2021-05-26 00:08:32,696 INFO Total false negatives: 8

2021-05-26 00:08:32,703 INFO Stream # 54: A-9
2021-05-26 00:08:43,211 INFO validation_loss: 0.01583680883049965
2021-05-26 00:08:50,765 INFO normalized prediction error: 0.52
2021-05-26 00:08:51,326 INFO Channel Stats: TP: 0  FP: 0  FN: 1
2021-05-26 00:08:51,326 INFO Total true positives: 59
2021-05-26 00:08:51,327 INFO Total false positives: 18
2021-05-26 00:08:51,327 INFO Total false negatives: 9

2021-05-26 00:08:51,332 INFO Stream # 55: F-3
2021-05-26 00:09:07,804 INFO validation_loss: 0.0001398249005433172
2021-05-26 00:09:15,810 INFO normalized prediction error: 0.01
2021-05-26 00:09:16,273 INFO Channel Stats: TP: 0  FP: 0  FN: 1
2021-05-26 00:09:16,273 INFO Total true positives: 59
2021-05-26 00:09:16,273 INFO Total false positives: 18
2021-05-26 00:09:16,273 INFO Total false negatives: 10

2021-05-26 00:09:16,279 INFO Stream # 56: M-6
2021-05-26 00:09:27,199 INFO validation_loss: 0.00030725059332326055
2021-05-26 00:09:29,395 INFO normalized prediction error: 0.05
2021-05-26 00:09:29,409 INFO Channel Stats: TP: 1  FP: 0  FN: 0
2021-05-26 00:09:29,410 INFO Total true positives: 60
2021-05-26 00:09:29,410 INFO Total false positives: 18
2021-05-26 00:09:29,410 INFO Total false negatives: 10

2021-05-26 00:09:29,417 INFO Stream # 57: M-1
2021-05-26 00:09:56,301 INFO validation_loss: 0.06925228983163834
2021-05-26 00:09:58,996 INFO normalized prediction error: 0.06
2021-05-26 00:09:59,004 INFO Channel Stats: TP: 0  FP: 1  FN: 1
2021-05-26 00:09:59,004 INFO Total true positives: 60
2021-05-26 00:09:59,004 INFO Total false positives: 19
2021-05-26 00:09:59,004 INFO Total false negatives: 11

2021-05-26 00:09:59,011 INFO Stream # 58: M-2
2021-05-26 00:10:26,251 INFO validation_loss: 0.02136731520295143
2021-05-26 00:10:29,513 INFO normalized prediction error: 0.09
2021-05-26 00:10:29,518 INFO Channel Stats: TP: 0  FP: 0  FN: 1
2021-05-26 00:10:29,518 INFO Total true positives: 60
2021-05-26 00:10:29,518 INFO Total false positives: 19
2021-05-26 00:10:29,518 INFO Total false negatives: 12

2021-05-26 00:10:29,541 INFO Stream # 59: S-2
2021-05-26 00:10:40,224 INFO validation_loss: 0.00022881444601807743
2021-05-26 00:10:42,692 INFO normalized prediction error: 0.01
2021-05-26 00:10:42,707 INFO Channel Stats: TP: 1  FP: 0  FN: 0
2021-05-26 00:10:42,708 INFO Total true positives: 61
2021-05-26 00:10:42,708 INFO Total false positives: 19
2021-05-26 00:10:42,708 INFO Total false negatives: 12

2021-05-26 00:10:42,714 INFO Stream # 60: P-10
2021-05-26 00:11:04,516 INFO validation_loss: 0.00020089701865799725
2021-05-26 00:11:10,474 INFO normalized prediction error: 0.02
2021-05-26 00:11:11,021 INFO Channel Stats: TP: 1  FP: 0  FN: 0
2021-05-26 00:11:11,022 INFO Total true positives: 62
2021-05-26 00:11:11,022 INFO Total false positives: 19
2021-05-26 00:11:11,022 INFO Total false negatives: 12

2021-05-26 00:11:11,028 INFO Stream # 61: T-4
2021-05-26 00:11:39,273 INFO validation_loss: 0.11165427416563034
2021-05-26 00:11:42,134 INFO normalized prediction error: 0.10
2021-05-26 00:11:42,144 INFO Channel Stats: TP: 0  FP: 0  FN: 1
2021-05-26 00:11:42,144 INFO Total true positives: 62
2021-05-26 00:11:42,144 INFO Total false positives: 19
2021-05-26 00:11:42,144 INFO Total false negatives: 13

2021-05-26 00:11:42,152 INFO Stream # 62: T-5
2021-05-26 00:11:58,702 INFO validation_loss: 0.0002878161903936416
2021-05-26 00:12:01,093 INFO normalized prediction error: 0.01
2021-05-26 00:12:01,107 INFO Channel Stats: TP: 1  FP: 0  FN: 0
2021-05-26 00:12:01,108 INFO Total true positives: 63
2021-05-26 00:12:01,108 INFO Total false positives: 19
2021-05-26 00:12:01,108 INFO Total false negatives: 13

2021-05-26 00:12:01,114 INFO Stream # 63: F-7
2021-05-26 00:12:32,867 INFO validation_loss: 0.273722767829895
2021-05-26 00:12:37,849 INFO normalized prediction error: 0.17
2021-05-26 00:12:38,149 INFO Channel Stats: TP: 2  FP: 1  FN: 1
2021-05-26 00:12:38,150 INFO Total true positives: 65
2021-05-26 00:12:38,150 INFO Total false positives: 20
2021-05-26 00:12:38,150 INFO Total false negatives: 14

2021-05-26 00:12:38,158 INFO Stream # 64: M-3
2021-05-26 00:13:03,477 INFO validation_loss: 0.061300765722990036
2021-05-26 00:13:06,016 INFO normalized prediction error: 0.08
2021-05-26 00:13:06,025 INFO Channel Stats: TP: 0  FP: 0  FN: 1
2021-05-26 00:13:06,025 INFO Total true positives: 65
2021-05-26 00:13:06,025 INFO Total false positives: 20
2021-05-26 00:13:06,025 INFO Total false negatives: 15

2021-05-26 00:13:06,032 INFO Stream # 65: M-4
2021-05-26 00:13:31,527 INFO validation_loss: 0.06970211863517761
2021-05-26 00:13:33,705 INFO normalized prediction error: 0.13
2021-05-26 00:13:33,716 INFO Channel Stats: TP: 1  FP: 0  FN: 0
2021-05-26 00:13:33,717 INFO Total true positives: 66
2021-05-26 00:13:33,717 INFO Total false positives: 20
2021-05-26 00:13:33,717 INFO Total false negatives: 15

2021-05-26 00:13:33,725 INFO Stream # 66: M-5
2021-05-26 00:13:59,065 INFO validation_loss: 0.09045509248971939
2021-05-26 00:14:01,483 INFO normalized prediction error: 0.11
2021-05-26 00:14:01,494 INFO Channel Stats: TP: 1  FP: 0  FN: 0
2021-05-26 00:14:01,494 INFO Total true positives: 67
2021-05-26 00:14:01,494 INFO Total false positives: 20
2021-05-26 00:14:01,494 INFO Total false negatives: 15

2021-05-26 00:14:01,501 INFO Stream # 67: P-15
2021-05-26 00:14:21,615 INFO validation_loss: 0.0014836243353784084
2021-05-26 00:14:24,583 INFO normalized prediction error: 0.03
2021-05-26 00:14:24,680 INFO Channel Stats: TP: 1  FP: 0  FN: 0
2021-05-26 00:14:24,681 INFO Total true positives: 68
2021-05-26 00:14:24,681 INFO Total false positives: 20
2021-05-26 00:14:24,681 INFO Total false negatives: 15

2021-05-26 00:14:24,688 INFO Stream # 68: C-1
2021-05-26 00:14:51,385 INFO validation_loss: 0.01760559156537056
2021-05-26 00:14:53,847 INFO normalized prediction error: 0.03
2021-05-26 00:14:53,860 INFO Channel Stats: TP: 1  FP: 0  FN: 1
2021-05-26 00:14:53,860 INFO Total true positives: 69
2021-05-26 00:14:53,860 INFO Total false positives: 20
2021-05-26 00:14:53,860 INFO Total false negatives: 16

2021-05-26 00:14:53,867 INFO Stream # 69: C-2
2021-05-26 00:15:02,783 INFO validation_loss: 0.0018064769683405757
2021-05-26 00:15:05,031 INFO normalized prediction error: 0.12
2021-05-26 00:15:05,043 INFO Channel Stats: TP: 1  FP: 0  FN: 1
2021-05-26 00:15:05,043 INFO Total true positives: 70
2021-05-26 00:15:05,043 INFO Total false positives: 20
2021-05-26 00:15:05,043 INFO Total false negatives: 17

2021-05-26 00:15:05,049 INFO Stream # 70: T-12
2021-05-26 00:15:20,209 INFO validation_loss: 0.018491515889763832
2021-05-26 00:15:22,774 INFO normalized prediction error: 0.03
2021-05-26 00:15:22,795 INFO Channel Stats: TP: 1  FP: 0  FN: 0
2021-05-26 00:15:22,795 INFO Total true positives: 71
2021-05-26 00:15:22,795 INFO Total false positives: 20
2021-05-26 00:15:22,795 INFO Total false negatives: 17

2021-05-26 00:15:22,801 INFO Stream # 71: T-13
2021-05-26 00:15:33,939 INFO validation_loss: 0.001756137004122138
2021-05-26 00:15:36,556 INFO normalized prediction error: 0.01
2021-05-26 00:15:36,566 INFO Channel Stats: TP: 0  FP: 0  FN: 2
2021-05-26 00:15:36,566 INFO Total true positives: 71
2021-05-26 00:15:36,566 INFO Total false positives: 20
2021-05-26 00:15:36,567 INFO Total false negatives: 19

2021-05-26 00:15:36,574 INFO Stream # 72: F-4
2021-05-26 00:16:04,343 INFO validation_loss: 0.024216163903474808
2021-05-26 00:16:07,955 INFO normalized prediction error: 0.04
2021-05-26 00:16:08,127 INFO Channel Stats: TP: 0  FP: 0  FN: 1
2021-05-26 00:16:08,127 INFO Total true positives: 71
2021-05-26 00:16:08,127 INFO Total false positives: 20
2021-05-26 00:16:08,127 INFO Total false negatives: 20

2021-05-26 00:16:08,133 INFO Stream # 73: F-5
2021-05-26 00:16:40,176 INFO validation_loss: 0.01799415796995163
2021-05-26 00:16:44,330 INFO normalized prediction error: 0.02
2021-05-26 00:16:44,597 INFO Channel Stats: TP: 1  FP: 0  FN: 0
2021-05-26 00:16:44,597 INFO Total true positives: 72
2021-05-26 00:16:44,597 INFO Total false positives: 20
2021-05-26 00:16:44,597 INFO Total false negatives: 20

2021-05-26 00:16:44,604 INFO Stream # 74: D-14
2021-05-26 00:17:03,435 INFO validation_loss: 4.8194266128120944e-05
2021-05-26 00:17:06,393 INFO normalized prediction error: 0.07
2021-05-26 00:17:06,449 INFO Channel Stats: TP: 1  FP: 0  FN: 1
2021-05-26 00:17:06,450 INFO Total true positives: 73
2021-05-26 00:17:06,450 INFO Total false positives: 20
2021-05-26 00:17:06,450 INFO Total false negatives: 21

2021-05-26 00:17:06,458 INFO Stream # 75: T-9
2021-05-26 00:17:12,197 INFO validation_loss: 0.004461648408323526
2021-05-26 00:17:13,748 INFO normalized prediction error: 0.19
2021-05-26 00:17:13,751 INFO Channel Stats: TP: 0  FP: 0  FN: 2
2021-05-26 00:17:13,751 INFO Total true positives: 73
2021-05-26 00:17:13,752 INFO Total false positives: 20
2021-05-26 00:17:13,752 INFO Total false negatives: 23

2021-05-26 00:17:13,760 INFO Stream # 76: P-14
2021-05-26 00:17:28,954 INFO validation_loss: 7.314438698813319e-05
2021-05-26 00:17:34,999 INFO normalized prediction error: 0.03
2021-05-26 00:17:35,414 INFO Channel Stats: TP: 1  FP: 0  FN: 0
2021-05-26 00:17:35,415 INFO Total true positives: 74
2021-05-26 00:17:35,415 INFO Total false positives: 20
2021-05-26 00:17:35,415 INFO Total false negatives: 23

2021-05-26 00:17:35,421 INFO Stream # 77: T-8
2021-05-26 00:17:42,472 INFO validation_loss: 0.040269628167152405
2021-05-26 00:17:44,450 INFO normalized prediction error: 0.05
2021-05-26 00:17:44,462 INFO Channel Stats: TP: 2  FP: 0  FN: 0
2021-05-26 00:17:44,462 INFO Total true positives: 76
2021-05-26 00:17:44,462 INFO Total false positives: 20
2021-05-26 00:17:44,462 INFO Total false negatives: 23

2021-05-26 00:17:44,469 INFO Stream # 78: P-11
2021-05-26 00:18:31,836 INFO validation_loss: 0.005101158749312162
2021-05-26 00:18:35,571 INFO normalized prediction error: 0.02
2021-05-26 00:18:35,744 INFO Channel Stats: TP: 2  FP: 0  FN: 0
2021-05-26 00:18:35,745 INFO Total true positives: 78
2021-05-26 00:18:35,745 INFO Total false positives: 20
2021-05-26 00:18:35,745 INFO Total false negatives: 23

2021-05-26 00:18:35,751 INFO Stream # 79: D-15
2021-05-26 00:19:01,093 INFO validation_loss: 0.3283432424068451
2021-05-26 00:19:04,116 INFO normalized prediction error: 0.13
2021-05-26 00:19:04,122 INFO Channel Stats: TP: 0  FP: 0  FN: 1
2021-05-26 00:19:04,122 INFO Total true positives: 78
2021-05-26 00:19:04,123 INFO Total false positives: 20
2021-05-26 00:19:04,123 INFO Total false negatives: 24

2021-05-26 00:19:04,132 INFO Stream # 80: D-16
2021-05-26 00:19:22,248 INFO validation_loss: 0.15806661546230316
2021-05-26 00:19:24,887 INFO normalized prediction error: 0.19
2021-05-26 00:19:24,898 INFO Channel Stats: TP: 1  FP: 0  FN: 0
2021-05-26 00:19:24,898 INFO Total true positives: 79
2021-05-26 00:19:24,898 INFO Total false positives: 20
2021-05-26 00:19:24,898 INFO Total false negatives: 24

2021-05-26 00:19:24,905 INFO Stream # 81: M-7
2021-05-26 00:19:36,002 INFO validation_loss: 0.004316078964620829
2021-05-26 00:19:38,511 INFO normalized prediction error: 0.03
2021-05-26 00:19:38,527 INFO Channel Stats: TP: 1  FP: 0  FN: 0
2021-05-26 00:19:38,527 INFO Total true positives: 80
2021-05-26 00:19:38,527 INFO Total false positives: 20
2021-05-26 00:19:38,528 INFO Total false negatives: 24

2021-05-26 00:19:38,533 INFO Stream # 82: F-8
2021-05-26 00:20:18,840 INFO validation_loss: 0.13159509003162384
2021-05-26 00:20:21,637 INFO normalized prediction error: 0.10
2021-05-26 00:20:21,661 INFO Channel Stats: TP: 1  FP: 0  FN: 0
2021-05-26 00:20:21,661 INFO Total true positives: 81
2021-05-26 00:20:21,661 INFO Total false positives: 20
2021-05-26 00:20:21,661 INFO Total false negatives: 24

2021-05-26 00:20:21,668 INFO Final Totals:
2021-05-26 00:20:21,668 INFO -----------------
2021-05-26 00:20:21,668 INFO True Positives: 81
2021-05-26 00:20:21,668 INFO False Positives: 20
2021-05-26 00:20:21,668 INFO False Negatives: 24

2021-05-26 00:20:21,668 INFO Precision: 0.80
2021-05-26 00:20:21,668 INFO Recall: 0.77
2021-05-26 09:57:24,618 INFO 82 channels found for processing.
2021-05-26 09:57:24,629 INFO Stream # 1: P-1
2021-05-26 09:57:24,780 INFO Loading pre-trained model
