2021-05-26 00:27:17,487 INFO 82 channels found for processing.
2021-05-26 00:27:17,487 INFO Stream # 1: P-1
2021-05-26 00:27:17,664 INFO model type: ESN
2021-05-26 00:27:17,664 INFO default hp
2021-05-26 00:32:14,725 INFO validation_loss: 0.10702118277549744
2021-05-26 00:33:27,324 INFO normalized prediction error: 0.06
2021-05-26 00:33:28,010 INFO Channel Stats: TP: 1  FP: 0  FN: 2
2021-05-26 00:33:28,010 INFO Total true positives: 1
2021-05-26 00:33:28,010 INFO Total false positives: 0
2021-05-26 00:33:28,011 INFO Total false negatives: 2

2021-05-26 00:33:28,017 INFO Stream # 2: S-1
2021-05-26 00:33:28,210 INFO model type: ESN
2021-05-26 00:33:28,210 INFO default hp
2021-05-26 00:38:11,299 INFO validation_loss: 0.20546779036521912
2021-05-26 00:39:09,479 INFO normalized prediction error: 0.19
2021-05-26 00:39:10,005 INFO Channel Stats: TP: 1  FP: 0  FN: 0
2021-05-26 00:39:10,005 INFO Total true positives: 2
2021-05-26 00:39:10,005 INFO Total false positives: 0
2021-05-26 00:39:10,005 INFO Total false negatives: 2

2021-05-26 00:39:10,008 INFO Stream # 3: E-1
2021-05-26 00:39:10,178 INFO model type: ESN
2021-05-26 00:39:10,178 INFO default hp
2021-05-26 00:43:36,179 INFO validation_loss: 0.38792169094085693
2021-05-26 00:44:47,040 INFO normalized prediction error: 0.05
2021-05-26 00:44:47,514 INFO Channel Stats: TP: 1  FP: 0  FN: 1
2021-05-26 00:44:47,514 INFO Total true positives: 3
2021-05-26 00:44:47,514 INFO Total false positives: 0
2021-05-26 00:44:47,514 INFO Total false negatives: 3

2021-05-26 00:44:47,517 INFO Stream # 4: E-2
2021-05-26 00:44:47,714 INFO model type: ESN
2021-05-26 00:44:47,714 INFO default hp
2021-05-26 00:49:20,962 INFO validation_loss: 0.11262567341327667
2021-05-26 00:50:28,340 INFO normalized prediction error: 0.04
2021-05-26 00:50:28,916 INFO Channel Stats: TP: 1  FP: 0  FN: 0
2021-05-26 00:50:28,917 INFO Total true positives: 4
2021-05-26 00:50:28,917 INFO Total false positives: 0
2021-05-26 00:50:28,917 INFO Total false negatives: 3

2021-05-26 00:50:28,920 INFO Stream # 5: E-3
2021-05-26 00:50:29,098 INFO model type: ESN
2021-05-26 00:50:29,098 INFO default hp
2021-05-26 00:52:19,011 INFO 82 channels found for processing.
2021-05-26 00:52:19,012 INFO Stream # 1: P-1
2021-05-26 00:52:19,157 INFO Loading pre-trained model
2021-05-26 09:55:38,386 INFO 82 channels found for processing.
2021-05-26 09:55:38,399 INFO Stream # 1: P-1
2021-05-26 09:55:38,627 INFO Loading pre-trained model
2021-05-26 09:57:46,441 INFO 82 channels found for processing.
2021-05-26 09:57:46,442 INFO Stream # 1: P-1
2021-05-26 09:57:46,602 INFO Loading pre-trained model
2021-05-26 10:06:49,364 INFO 82 channels found for processing.
2021-05-26 10:06:49,364 INFO Stream # 1: P-1
2021-05-26 10:06:49,526 INFO Loading pre-trained model
2021-05-26 10:08:02,184 INFO normalized prediction error: 0.06
2021-05-26 10:08:02,868 INFO Channel Stats: TP: 1  FP: 0  FN: 2
2021-05-26 10:08:02,868 INFO Total true positives: 1
2021-05-26 10:08:02,868 INFO Total false positives: 0
2021-05-26 10:08:02,868 INFO Total false negatives: 2

2021-05-26 10:08:02,884 INFO Stream # 2: S-1
2021-05-26 10:08:03,136 INFO Loading pre-trained model
2021-05-26 10:09:01,453 INFO normalized prediction error: 0.19
2021-05-26 10:09:02,049 INFO Channel Stats: TP: 1  FP: 0  FN: 0
2021-05-26 10:09:02,049 INFO Total true positives: 2
2021-05-26 10:09:02,050 INFO Total false positives: 0
2021-05-26 10:09:02,050 INFO Total false negatives: 2

2021-05-26 10:09:02,052 INFO Stream # 3: E-1
2021-05-26 10:09:02,316 INFO Loading pre-trained model
2021-05-26 10:10:09,498 INFO normalized prediction error: 0.05
2021-05-26 10:10:09,998 INFO Channel Stats: TP: 1  FP: 0  FN: 1
2021-05-26 10:10:09,998 INFO Total true positives: 3
2021-05-26 10:10:09,998 INFO Total false positives: 0
2021-05-26 10:10:09,998 INFO Total false negatives: 3

2021-05-26 10:10:10,002 INFO Stream # 4: E-2
2021-05-26 10:10:10,270 INFO Loading pre-trained model
2021-05-26 10:11:18,152 INFO normalized prediction error: 0.04
2021-05-26 10:11:18,795 INFO Channel Stats: TP: 1  FP: 0  FN: 0
2021-05-26 10:11:18,795 INFO Total true positives: 4
2021-05-26 10:11:18,795 INFO Total false positives: 0
2021-05-26 10:11:18,795 INFO Total false negatives: 3

2021-05-26 10:11:18,800 INFO Stream # 5: E-3
2021-05-26 10:11:19,042 INFO Loading pre-trained model
2021-05-26 10:18:45,590 INFO 82 channels found for processing.
2021-05-26 10:18:45,591 INFO Stream # 1: P-1
2021-05-26 10:18:45,743 INFO Loading pre-trained model
2021-05-26 10:19:54,981 INFO normalized prediction error: 0.06
2021-05-26 10:19:55,572 INFO Channel Stats: TP: 1  FP: 0  FN: 2
2021-05-26 10:19:55,572 INFO Total true positives: 1
2021-05-26 10:19:55,572 INFO Total false positives: 0
2021-05-26 10:19:55,572 INFO Total false negatives: 2

2021-05-26 10:19:55,577 INFO Stream # 2: S-1
2021-05-26 10:19:55,740 INFO Loading pre-trained model
2021-05-26 10:20:53,557 INFO normalized prediction error: 0.19
2021-05-26 10:20:54,072 INFO Channel Stats: TP: 1  FP: 0  FN: 0
2021-05-26 10:20:54,072 INFO Total true positives: 2
2021-05-26 10:20:54,072 INFO Total false positives: 0
2021-05-26 10:20:54,072 INFO Total false negatives: 2

2021-05-26 10:20:54,075 INFO Stream # 3: E-1
2021-05-26 10:20:54,257 INFO Loading pre-trained model
2021-05-26 10:21:59,911 INFO normalized prediction error: 0.05
2021-05-26 10:22:00,392 INFO Channel Stats: TP: 1  FP: 0  FN: 1
2021-05-26 10:22:00,392 INFO Total true positives: 3
2021-05-26 10:22:00,392 INFO Total false positives: 0
2021-05-26 10:22:00,393 INFO Total false negatives: 3

2021-05-26 10:22:00,395 INFO Stream # 4: E-2
2021-05-26 10:22:00,569 INFO Loading pre-trained model
2021-05-26 10:23:06,734 INFO normalized prediction error: 0.04
2021-05-26 10:23:07,358 INFO Channel Stats: TP: 1  FP: 0  FN: 0
2021-05-26 10:23:07,359 INFO Total true positives: 4
2021-05-26 10:23:07,359 INFO Total false positives: 0
2021-05-26 10:23:07,359 INFO Total false negatives: 3

2021-05-26 10:23:07,362 INFO Stream # 5: E-3
2021-05-26 10:23:07,557 INFO Loading pre-trained model
2021-05-26 10:23:07,558 WARNING Training new model, couldn't find existing model at data\2021-05-26_00.27.17_ESN_default\models\E-3.h5
2021-05-26 10:23:07,558 INFO model type: ESN
2021-05-26 10:23:07,558 INFO default hp
2021-05-26 10:27:57,599 INFO validation_loss: 0.013609104789793491
2021-05-26 10:29:09,278 INFO normalized prediction error: 0.02
2021-05-26 10:29:09,801 INFO Channel Stats: TP: 1  FP: 0  FN: 0
2021-05-26 10:29:09,801 INFO Total true positives: 5
2021-05-26 10:29:09,801 INFO Total false positives: 0
2021-05-26 10:29:09,801 INFO Total false negatives: 3

2021-05-26 10:29:09,805 INFO Stream # 6: E-4
2021-05-26 10:29:10,067 INFO Loading pre-trained model
2021-05-26 10:29:10,067 WARNING Training new model, couldn't find existing model at data\2021-05-26_00.27.17_ESN_default\models\E-4.h5
2021-05-26 10:29:10,067 INFO model type: ESN
2021-05-26 10:29:10,067 INFO default hp
2021-05-26 10:33:56,783 INFO validation_loss: 0.052993763238191605
2021-05-26 10:35:07,641 INFO normalized prediction error: 0.02
2021-05-26 10:35:08,405 INFO Channel Stats: TP: 1  FP: 1  FN: 0
2021-05-26 10:35:08,405 INFO Total true positives: 6
2021-05-26 10:35:08,405 INFO Total false positives: 1
2021-05-26 10:35:08,405 INFO Total false negatives: 3

2021-05-26 10:35:08,409 INFO Stream # 7: E-5
2021-05-26 10:35:08,660 INFO Loading pre-trained model
2021-05-26 10:35:08,660 WARNING Training new model, couldn't find existing model at data\2021-05-26_00.27.17_ESN_default\models\E-5.h5
2021-05-26 10:35:08,661 INFO model type: ESN
2021-05-26 10:35:08,662 INFO default hp
2021-05-26 10:39:55,751 INFO validation_loss: 0.3932962119579315
2021-05-26 10:41:02,786 INFO normalized prediction error: 0.04
2021-05-26 10:41:03,297 INFO Channel Stats: TP: 0  FP: 0  FN: 1
2021-05-26 10:41:03,297 INFO Total true positives: 6
2021-05-26 10:41:03,299 INFO Total false positives: 1
2021-05-26 10:41:03,299 INFO Total false negatives: 4

2021-05-26 10:41:03,303 INFO Stream # 8: E-6
2021-05-26 10:41:03,550 INFO Loading pre-trained model
2021-05-26 10:41:03,551 WARNING Training new model, couldn't find existing model at data\2021-05-26_00.27.17_ESN_default\models\E-6.h5
2021-05-26 10:41:03,551 INFO model type: ESN
2021-05-26 10:41:03,551 INFO default hp
2021-05-26 10:45:50,609 INFO validation_loss: 0.002339037600904703
2021-05-26 10:47:01,077 INFO normalized prediction error: 0.01
2021-05-26 10:47:01,896 INFO Channel Stats: TP: 1  FP: 0  FN: 0
2021-05-26 10:47:01,896 INFO Total true positives: 7
2021-05-26 10:47:01,896 INFO Total false positives: 1
2021-05-26 10:47:01,896 INFO Total false negatives: 4

2021-05-26 10:47:01,899 INFO Stream # 9: E-7
2021-05-26 10:47:02,186 INFO Loading pre-trained model
2021-05-26 10:47:02,187 WARNING Training new model, couldn't find existing model at data\2021-05-26_00.27.17_ESN_default\models\E-7.h5
2021-05-26 10:47:02,187 INFO model type: ESN
2021-05-26 10:47:02,187 INFO default hp
2021-05-26 10:51:34,932 INFO validation_loss: 0.002483270363882184
2021-05-26 10:52:45,412 INFO normalized prediction error: 0.02
2021-05-26 10:52:46,276 INFO Channel Stats: TP: 1  FP: 2  FN: 0
2021-05-26 10:52:46,276 INFO Total true positives: 8
2021-05-26 10:52:46,277 INFO Total false positives: 3
2021-05-26 10:52:46,277 INFO Total false negatives: 4

2021-05-26 10:52:46,280 INFO Stream # 10: E-8
2021-05-26 10:52:46,541 INFO Loading pre-trained model
2021-05-26 10:52:46,542 WARNING Training new model, couldn't find existing model at data\2021-05-26_00.27.17_ESN_default\models\E-8.h5
2021-05-26 10:52:46,542 INFO model type: ESN
2021-05-26 10:52:46,542 INFO default hp
2021-05-26 10:57:35,117 INFO validation_loss: 0.03742212429642677
2021-05-26 10:58:48,547 INFO normalized prediction error: 0.03
2021-05-26 10:58:49,306 INFO Channel Stats: TP: 1  FP: 0  FN: 0
2021-05-26 10:58:49,306 INFO Total true positives: 9
2021-05-26 10:58:49,306 INFO Total false positives: 3
2021-05-26 10:58:49,306 INFO Total false negatives: 4

2021-05-26 10:58:49,312 INFO Stream # 11: E-9
2021-05-26 10:58:49,538 INFO Loading pre-trained model
2021-05-26 10:58:49,539 WARNING Training new model, couldn't find existing model at data\2021-05-26_00.27.17_ESN_default\models\E-9.h5
2021-05-26 10:58:49,539 INFO model type: ESN
2021-05-26 10:58:49,539 INFO default hp
2021-05-26 11:03:35,776 INFO validation_loss: 0.018165232613682747
2021-05-26 11:04:44,354 INFO normalized prediction error: 0.02
2021-05-26 11:04:45,035 INFO Channel Stats: TP: 1  FP: 1  FN: 0
2021-05-26 11:04:45,036 INFO Total true positives: 10
2021-05-26 11:04:45,036 INFO Total false positives: 4
2021-05-26 11:04:45,036 INFO Total false negatives: 4

2021-05-26 11:04:45,039 INFO Stream # 12: E-10
2021-05-26 11:04:45,331 INFO Loading pre-trained model
2021-05-26 11:04:45,331 WARNING Training new model, couldn't find existing model at data\2021-05-26_00.27.17_ESN_default\models\E-10.h5
2021-05-26 11:04:45,331 INFO model type: ESN
2021-05-26 11:04:45,331 INFO default hp
2021-05-26 11:09:26,793 INFO validation_loss: 0.38919851183891296
2021-05-26 11:10:36,396 INFO normalized prediction error: 0.06
2021-05-26 11:10:37,047 INFO Channel Stats: TP: 1  FP: 0  FN: 1
2021-05-26 11:10:37,047 INFO Total true positives: 11
2021-05-26 11:10:37,047 INFO Total false positives: 4
2021-05-26 11:10:37,047 INFO Total false negatives: 5

2021-05-26 11:10:37,053 INFO Stream # 13: E-11
2021-05-26 11:10:37,294 INFO Loading pre-trained model
2021-05-26 11:10:37,295 WARNING Training new model, couldn't find existing model at data\2021-05-26_00.27.17_ESN_default\models\E-11.h5
2021-05-26 11:10:37,295 INFO model type: ESN
2021-05-26 11:10:37,295 INFO default hp
2021-05-26 11:15:15,613 INFO validation_loss: 0.3880907893180847
2021-05-26 11:16:27,129 INFO normalized prediction error: 0.06
2021-05-26 11:16:27,789 INFO Channel Stats: TP: 1  FP: 0  FN: 1
2021-05-26 11:16:27,789 INFO Total true positives: 12
2021-05-26 11:16:27,789 INFO Total false positives: 4
2021-05-26 11:16:27,789 INFO Total false negatives: 6

2021-05-26 11:16:27,793 INFO Stream # 14: E-12
2021-05-26 11:16:28,015 INFO Loading pre-trained model
2021-05-26 11:16:28,016 WARNING Training new model, couldn't find existing model at data\2021-05-26_00.27.17_ESN_default\models\E-12.h5
2021-05-26 11:16:28,016 INFO model type: ESN
2021-05-26 11:16:28,016 INFO default hp
2021-05-26 11:21:08,544 INFO validation_loss: 0.38410094380378723
2021-05-26 11:22:18,906 INFO normalized prediction error: 0.05
2021-05-26 11:22:19,447 INFO Channel Stats: TP: 1  FP: 1  FN: 1
2021-05-26 11:22:19,447 INFO Total true positives: 13
2021-05-26 11:22:19,447 INFO Total false positives: 5
2021-05-26 11:22:19,447 INFO Total false negatives: 7

2021-05-26 11:22:19,451 INFO Stream # 15: E-13
2021-05-26 11:22:19,700 INFO Loading pre-trained model
2021-05-26 11:22:19,701 WARNING Training new model, couldn't find existing model at data\2021-05-26_00.27.17_ESN_default\models\E-13.h5
2021-05-26 11:22:19,701 INFO model type: ESN
2021-05-26 11:22:19,701 INFO default hp
2021-05-26 11:27:05,019 INFO validation_loss: 0.14868244528770447
2021-05-26 11:28:16,423 INFO normalized prediction error: 0.05
2021-05-26 11:28:17,014 INFO Channel Stats: TP: 0  FP: 0  FN: 3
2021-05-26 11:28:17,014 INFO Total true positives: 13
2021-05-26 11:28:17,014 INFO Total false positives: 5
2021-05-26 11:28:17,014 INFO Total false negatives: 10

2021-05-26 11:28:17,018 INFO Stream # 16: A-1
2021-05-26 11:28:17,278 INFO Loading pre-trained model
2021-05-26 11:28:17,279 WARNING Training new model, couldn't find existing model at data\2021-05-26_00.27.17_ESN_default\models\A-1.h5
2021-05-26 11:28:17,279 INFO model type: ESN
2021-05-26 11:28:17,279 INFO default hp
2021-05-26 11:33:04,700 INFO validation_loss: 0.002429415239021182
2021-05-26 11:34:18,748 INFO normalized prediction error: 0.00
2021-05-26 11:34:19,555 INFO Channel Stats: TP: 1  FP: 0  FN: 0
2021-05-26 11:34:19,555 INFO Total true positives: 14
2021-05-26 11:34:19,555 INFO Total false positives: 5
2021-05-26 11:34:19,555 INFO Total false negatives: 10

2021-05-26 11:34:19,559 INFO Stream # 17: D-1
2021-05-26 11:34:19,816 INFO Loading pre-trained model
2021-05-26 11:34:19,816 WARNING Training new model, couldn't find existing model at data\2021-05-26_00.27.17_ESN_default\models\D-1.h5
2021-05-26 11:34:19,816 INFO model type: ESN
2021-05-26 11:34:19,817 INFO default hp
2021-05-26 11:39:08,158 INFO validation_loss: 0.0027018103282898664
2021-05-26 11:40:19,463 INFO normalized prediction error: 0.17
2021-05-26 11:40:20,095 INFO Channel Stats: TP: 1  FP: 1  FN: 0
2021-05-26 11:40:20,096 INFO Total true positives: 15
2021-05-26 11:40:20,096 INFO Total false positives: 6
2021-05-26 11:40:20,096 INFO Total false negatives: 10

2021-05-26 11:40:20,102 INFO Stream # 18: P-2
2021-05-26 11:40:20,384 INFO Loading pre-trained model
2021-05-26 11:40:20,384 WARNING Training new model, couldn't find existing model at data\2021-05-26_00.27.17_ESN_default\models\P-2.h5
2021-05-26 11:40:20,385 INFO model type: ESN
2021-05-26 11:40:20,385 INFO default hp
2021-05-26 11:44:47,903 INFO validation_loss: 0.0018732515163719654
2021-05-26 11:45:57,373 INFO normalized prediction error: 0.06
2021-05-26 11:45:58,008 INFO Channel Stats: TP: 1  FP: 2  FN: 0
2021-05-26 11:45:58,008 INFO Total true positives: 16
2021-05-26 11:45:58,008 INFO Total false positives: 8
2021-05-26 11:45:58,008 INFO Total false negatives: 10

2021-05-26 11:45:58,012 INFO Stream # 19: P-3
2021-05-26 11:45:58,335 INFO Loading pre-trained model
2021-05-26 11:45:58,338 WARNING Training new model, couldn't find existing model at data\2021-05-26_00.27.17_ESN_default\models\P-3.h5
2021-05-26 11:45:58,338 INFO model type: ESN
2021-05-26 11:45:58,338 INFO default hp
2021-05-26 11:50:44,829 INFO validation_loss: 0.02377266250550747
2021-05-26 11:51:56,940 INFO normalized prediction error: 0.03
2021-05-26 11:51:57,591 INFO Channel Stats: TP: 1  FP: 1  FN: 0
2021-05-26 11:51:57,591 INFO Total true positives: 17
2021-05-26 11:51:57,591 INFO Total false positives: 9
2021-05-26 11:51:57,591 INFO Total false negatives: 10

2021-05-26 11:51:57,596 INFO Stream # 20: D-2
2021-05-26 11:51:57,886 INFO Loading pre-trained model
2021-05-26 11:51:57,887 WARNING Training new model, couldn't find existing model at data\2021-05-26_00.27.17_ESN_default\models\D-2.h5
2021-05-26 11:51:57,887 INFO model type: ESN
2021-05-26 11:51:57,887 INFO default hp
2021-05-26 11:56:44,734 INFO validation_loss: 0.000799354282207787
2021-05-26 11:57:57,906 INFO normalized prediction error: 0.38
2021-05-26 11:57:58,652 INFO Channel Stats: TP: 1  FP: 1  FN: 0
2021-05-26 11:57:58,652 INFO Total true positives: 18
2021-05-26 11:57:58,652 INFO Total false positives: 10
2021-05-26 11:57:58,652 INFO Total false negatives: 10

2021-05-26 11:57:58,656 INFO Stream # 21: D-3
2021-05-26 11:57:58,911 INFO Loading pre-trained model
2021-05-26 11:57:58,911 WARNING Training new model, couldn't find existing model at data\2021-05-26_00.27.17_ESN_default\models\D-3.h5
2021-05-26 11:57:58,911 INFO model type: ESN
2021-05-26 11:57:58,911 INFO default hp
2021-05-26 12:02:45,537 INFO validation_loss: 0.0013648743042722344
2021-05-26 12:03:59,223 INFO normalized prediction error: 0.18
2021-05-26 12:03:59,870 INFO Channel Stats: TP: 1  FP: 1  FN: 0
2021-05-26 12:03:59,870 INFO Total true positives: 19
2021-05-26 12:03:59,871 INFO Total false positives: 11
2021-05-26 12:03:59,871 INFO Total false negatives: 10

2021-05-26 12:03:59,875 INFO Stream # 22: D-4
2021-05-26 12:04:00,164 INFO Loading pre-trained model
2021-05-26 12:04:00,164 WARNING Training new model, couldn't find existing model at data\2021-05-26_00.27.17_ESN_default\models\D-4.h5
2021-05-26 12:04:00,165 INFO model type: ESN
2021-05-26 12:04:00,165 INFO default hp
2021-05-26 12:08:38,843 INFO validation_loss: 0.0014869393780827522
2021-05-26 12:09:50,984 INFO normalized prediction error: 0.18
2021-05-26 12:09:51,597 INFO Channel Stats: TP: 1  FP: 3  FN: 0
2021-05-26 12:09:51,597 INFO Total true positives: 20
2021-05-26 12:09:51,597 INFO Total false positives: 14
2021-05-26 12:09:51,597 INFO Total false negatives: 10

2021-05-26 12:09:51,603 INFO Stream # 23: A-2
2021-05-26 12:09:51,880 INFO Loading pre-trained model
2021-05-26 12:09:51,881 WARNING Training new model, couldn't find existing model at data\2021-05-26_00.27.17_ESN_default\models\A-2.h5
2021-05-26 12:09:51,881 INFO model type: ESN
2021-05-26 12:09:51,881 INFO default hp
2021-05-26 12:14:10,304 INFO validation_loss: 0.1088862195611
2021-05-26 12:15:16,746 INFO normalized prediction error: 0.06
2021-05-26 12:15:17,411 INFO Channel Stats: TP: 0  FP: 0  FN: 1
2021-05-26 12:15:17,412 INFO Total true positives: 20
2021-05-26 12:15:17,412 INFO Total false positives: 14
2021-05-26 12:15:17,412 INFO Total false negatives: 11

2021-05-26 12:15:17,416 INFO Stream # 24: A-3
2021-05-26 12:15:17,689 INFO Loading pre-trained model
2021-05-26 12:15:17,690 WARNING Training new model, couldn't find existing model at data\2021-05-26_00.27.17_ESN_default\models\A-3.h5
2021-05-26 12:15:17,690 INFO model type: ESN
2021-05-26 12:15:17,690 INFO default hp
2021-05-26 12:19:42,981 INFO validation_loss: 0.060225870460271835
2021-05-26 12:20:56,319 INFO normalized prediction error: 0.05
2021-05-26 12:20:57,132 INFO Channel Stats: TP: 1  FP: 1  FN: 0
2021-05-26 12:20:57,132 INFO Total true positives: 21
2021-05-26 12:20:57,132 INFO Total false positives: 15
2021-05-26 12:20:57,132 INFO Total false negatives: 11

2021-05-26 12:20:57,137 INFO Stream # 25: A-4
2021-05-26 12:20:57,383 INFO Loading pre-trained model
2021-05-26 12:20:57,383 WARNING Training new model, couldn't find existing model at data\2021-05-26_00.27.17_ESN_default\models\A-4.h5
2021-05-26 12:20:57,384 INFO model type: ESN
2021-05-26 12:20:57,384 INFO default hp
2021-05-26 12:25:31,362 INFO validation_loss: 0.05009464547038078
2021-05-26 12:26:40,812 INFO normalized prediction error: 0.07
2021-05-26 12:26:41,551 INFO Channel Stats: TP: 1  FP: 0  FN: 0
2021-05-26 12:26:41,551 INFO Total true positives: 22
2021-05-26 12:26:41,551 INFO Total false positives: 15
2021-05-26 12:26:41,551 INFO Total false negatives: 11

2021-05-26 12:26:41,556 INFO Stream # 26: G-1
2021-05-26 12:26:41,861 INFO Loading pre-trained model
2021-05-26 12:26:41,862 WARNING Training new model, couldn't find existing model at data\2021-05-26_00.27.17_ESN_default\models\G-1.h5
2021-05-26 12:26:41,862 INFO model type: ESN
2021-05-26 12:26:41,862 INFO default hp
2021-05-26 12:31:10,840 INFO validation_loss: 0.0568927563726902
2021-05-26 12:32:20,354 INFO normalized prediction error: 0.04
2021-05-26 12:32:21,102 INFO Channel Stats: TP: 1  FP: 1  FN: 0
2021-05-26 12:32:21,102 INFO Total true positives: 23
2021-05-26 12:32:21,102 INFO Total false positives: 16
2021-05-26 12:32:21,102 INFO Total false negatives: 11

2021-05-26 12:32:21,107 INFO Stream # 27: G-2
2021-05-26 12:32:21,344 INFO Loading pre-trained model
2021-05-26 12:32:21,347 WARNING Training new model, couldn't find existing model at data\2021-05-26_00.27.17_ESN_default\models\G-2.h5
2021-05-26 12:32:21,348 INFO model type: ESN
2021-05-26 12:32:21,348 INFO default hp
2021-05-26 12:36:21,927 INFO validation_loss: 0.0020766917150467634
2021-05-26 12:37:22,713 INFO normalized prediction error: 0.01
2021-05-26 12:37:23,365 INFO Channel Stats: TP: 1  FP: 2  FN: 0
2021-05-26 12:37:23,365 INFO Total true positives: 24
2021-05-26 12:37:23,365 INFO Total false positives: 18
2021-05-26 12:37:23,366 INFO Total false negatives: 11

2021-05-26 12:37:23,372 INFO Stream # 28: D-5
2021-05-26 12:37:23,608 INFO Loading pre-trained model
2021-05-26 12:37:23,609 WARNING Training new model, couldn't find existing model at data\2021-05-26_00.27.17_ESN_default\models\D-5.h5
2021-05-26 12:37:23,609 INFO model type: ESN
2021-05-26 12:37:23,609 INFO default hp
2021-05-26 12:41:32,225 INFO validation_loss: 0.0023398061748594046
2021-05-26 12:42:34,457 INFO normalized prediction error: 0.84
2021-05-26 12:42:35,229 INFO Channel Stats: TP: 0  FP: 0  FN: 1
2021-05-26 12:42:35,229 INFO Total true positives: 24
2021-05-26 12:42:35,229 INFO Total false positives: 18
2021-05-26 12:42:35,229 INFO Total false negatives: 12

2021-05-26 12:42:35,234 INFO Stream # 29: D-6
2021-05-26 12:42:35,476 INFO Loading pre-trained model
2021-05-26 12:42:35,476 WARNING Training new model, couldn't find existing model at data\2021-05-26_00.27.17_ESN_default\models\D-6.h5
2021-05-26 12:42:35,476 INFO model type: ESN
2021-05-26 12:42:35,477 INFO default hp
2021-05-26 12:46:58,765 INFO validation_loss: 0.031414180994033813
2021-05-26 12:48:05,726 INFO normalized prediction error: 0.06
2021-05-26 12:48:06,333 INFO Channel Stats: TP: 1  FP: 0  FN: 0
2021-05-26 12:48:06,333 INFO Total true positives: 25
2021-05-26 12:48:06,334 INFO Total false positives: 18
2021-05-26 12:48:06,334 INFO Total false negatives: 12

2021-05-26 12:48:06,342 INFO Stream # 30: D-7
2021-05-26 12:48:06,588 INFO Loading pre-trained model
2021-05-26 12:48:06,589 WARNING Training new model, couldn't find existing model at data\2021-05-26_00.27.17_ESN_default\models\D-7.h5
2021-05-26 12:48:06,590 INFO model type: ESN
2021-05-26 12:48:06,590 INFO default hp
2021-05-26 12:52:31,726 INFO validation_loss: 0.001875740592367947
2021-05-26 12:53:36,619 INFO normalized prediction error: 0.16
2021-05-26 12:53:37,101 INFO Channel Stats: TP: 1  FP: 1  FN: 0
2021-05-26 12:53:37,101 INFO Total true positives: 26
2021-05-26 12:53:37,101 INFO Total false positives: 19
2021-05-26 12:53:37,101 INFO Total false negatives: 12

2021-05-26 12:53:37,106 INFO Stream # 31: F-1
2021-05-26 12:53:37,368 INFO Loading pre-trained model
2021-05-26 12:53:37,369 WARNING Training new model, couldn't find existing model at data\2021-05-26_00.27.17_ESN_default\models\F-1.h5
2021-05-26 12:53:37,369 INFO model type: ESN
2021-05-26 12:53:37,369 INFO default hp
2021-05-26 12:58:28,501 INFO validation_loss: 0.048280924558639526
2021-05-26 12:59:42,902 INFO normalized prediction error: 0.07
2021-05-26 12:59:43,587 INFO Channel Stats: TP: 0  FP: 1  FN: 1
2021-05-26 12:59:43,588 INFO Total true positives: 26
2021-05-26 12:59:43,588 INFO Total false positives: 20
2021-05-26 12:59:43,588 INFO Total false negatives: 13

2021-05-26 12:59:43,592 INFO Stream # 32: P-4
2021-05-26 12:59:43,841 INFO Loading pre-trained model
2021-05-26 12:59:43,842 WARNING Training new model, couldn't find existing model at data\2021-05-26_00.27.17_ESN_default\models\P-4.h5
2021-05-26 12:59:43,842 INFO model type: ESN
2021-05-26 12:59:43,842 INFO default hp
2021-05-26 13:04:08,451 INFO validation_loss: 0.0011430013692006469
2021-05-26 13:05:14,721 INFO normalized prediction error: 0.00
2021-05-26 13:05:15,745 INFO Channel Stats: TP: 3  FP: 0  FN: 0
2021-05-26 13:05:15,745 INFO Total true positives: 29
2021-05-26 13:05:15,745 INFO Total false positives: 20
2021-05-26 13:05:15,745 INFO Total false negatives: 13

2021-05-26 13:05:15,752 INFO Stream # 33: G-3
2021-05-26 13:05:15,999 INFO Loading pre-trained model
2021-05-26 13:05:16,000 WARNING Training new model, couldn't find existing model at data\2021-05-26_00.27.17_ESN_default\models\G-3.h5
2021-05-26 13:05:16,000 INFO model type: ESN
2021-05-26 13:05:16,000 INFO default hp
2021-05-26 13:09:41,009 INFO validation_loss: 0.02577841840684414
2021-05-26 13:10:49,359 INFO normalized prediction error: 0.01
2021-05-26 13:10:50,159 INFO Channel Stats: TP: 1  FP: 0  FN: 0
2021-05-26 13:10:50,160 INFO Total true positives: 30
2021-05-26 13:10:50,160 INFO Total false positives: 20
2021-05-26 13:10:50,160 INFO Total false negatives: 13

2021-05-26 13:10:50,164 INFO Stream # 34: T-1
2021-05-26 13:10:50,442 INFO Loading pre-trained model
2021-05-26 13:10:50,443 WARNING Training new model, couldn't find existing model at data\2021-05-26_00.27.17_ESN_default\models\T-1.h5
2021-05-26 13:10:50,443 INFO model type: ESN
2021-05-26 13:10:50,443 INFO default hp
2021-05-26 13:15:42,750 INFO validation_loss: 0.12772740423679352
2021-05-26 13:16:55,931 INFO normalized prediction error: 0.03
2021-05-26 13:16:56,417 INFO Channel Stats: TP: 0  FP: 0  FN: 2
2021-05-26 13:16:56,417 INFO Total true positives: 30
2021-05-26 13:16:56,417 INFO Total false positives: 20
2021-05-26 13:16:56,418 INFO Total false negatives: 15

2021-05-26 13:16:56,425 INFO Stream # 35: T-2
2021-05-26 13:16:56,734 INFO Loading pre-trained model
2021-05-26 13:16:56,734 WARNING Training new model, couldn't find existing model at data\2021-05-26_00.27.17_ESN_default\models\T-2.h5
2021-05-26 13:16:56,735 INFO model type: ESN
2021-05-26 13:16:56,735 INFO default hp
2021-05-26 13:21:47,531 INFO validation_loss: 0.13614331185817719
2021-05-26 13:23:01,788 INFO normalized prediction error: 0.03
2021-05-26 13:23:02,216 INFO Channel Stats: TP: 0  FP: 0  FN: 1
2021-05-26 13:23:02,216 INFO Total true positives: 30
2021-05-26 13:23:02,216 INFO Total false positives: 20
2021-05-26 13:23:02,216 INFO Total false negatives: 16

2021-05-26 13:23:02,221 INFO Stream # 36: D-8
2021-05-26 13:23:02,472 INFO Loading pre-trained model
2021-05-26 13:23:02,473 WARNING Training new model, couldn't find existing model at data\2021-05-26_00.27.17_ESN_default\models\D-8.h5
2021-05-26 13:23:02,473 INFO model type: ESN
2021-05-26 13:23:02,475 INFO default hp
2021-05-26 13:25:26,012 INFO validation_loss: 0.0003935186832677573
2021-05-26 13:26:33,785 INFO normalized prediction error: 0.00
2021-05-26 13:26:34,803 INFO Channel Stats: TP: 0  FP: 0  FN: 1
2021-05-26 13:26:34,803 INFO Total true positives: 30
2021-05-26 13:26:34,803 INFO Total false positives: 20
2021-05-26 13:26:34,803 INFO Total false negatives: 17

2021-05-26 13:26:34,811 INFO Stream # 37: D-9
2021-05-26 13:26:35,054 INFO Loading pre-trained model
2021-05-26 13:26:35,055 WARNING Training new model, couldn't find existing model at data\2021-05-26_00.27.17_ESN_default\models\D-9.h5
2021-05-26 13:26:35,055 INFO model type: ESN
2021-05-26 13:26:35,055 INFO default hp
2021-05-26 13:29:48,114 INFO validation_loss: 0.0006669380236417055
2021-05-26 13:30:48,966 INFO normalized prediction error: 0.11
2021-05-26 13:30:49,582 INFO Channel Stats: TP: 1  FP: 0  FN: 0
2021-05-26 13:30:49,583 INFO Total true positives: 31
2021-05-26 13:30:49,583 INFO Total false positives: 20
2021-05-26 13:30:49,583 INFO Total false negatives: 17

2021-05-26 13:30:49,588 INFO Stream # 38: F-2
2021-05-26 13:30:49,874 INFO Loading pre-trained model
2021-05-26 13:30:49,874 WARNING Training new model, couldn't find existing model at data\2021-05-26_00.27.17_ESN_default\models\F-2.h5
2021-05-26 13:30:49,875 INFO model type: ESN
2021-05-26 13:30:49,875 INFO default hp
2021-05-26 13:34:20,120 INFO validation_loss: 0.03248818591237068
2021-05-26 13:35:31,119 INFO normalized prediction error: 0.06
2021-05-26 13:35:31,900 INFO Channel Stats: TP: 1  FP: 0  FN: 0
2021-05-26 13:35:31,900 INFO Total true positives: 32
2021-05-26 13:35:31,900 INFO Total false positives: 20
2021-05-26 13:35:31,900 INFO Total false negatives: 17

2021-05-26 13:35:31,905 INFO Stream # 39: G-4
2021-05-26 13:35:32,166 INFO Loading pre-trained model
2021-05-26 13:35:32,166 WARNING Training new model, couldn't find existing model at data\2021-05-26_00.27.17_ESN_default\models\G-4.h5
2021-05-26 13:35:32,167 INFO model type: ESN
2021-05-26 13:35:32,167 INFO default hp
2021-05-26 13:37:54,756 INFO validation_loss: 0.00039666504017077386
2021-05-26 13:38:58,019 INFO normalized prediction error: 0.00
2021-05-26 13:38:58,644 INFO Channel Stats: TP: 1  FP: 0  FN: 0
2021-05-26 13:38:58,644 INFO Total true positives: 33
2021-05-26 13:38:58,644 INFO Total false positives: 20
2021-05-26 13:38:58,644 INFO Total false negatives: 17

2021-05-26 13:38:58,649 INFO Stream # 40: T-3
2021-05-26 13:38:58,914 INFO Loading pre-trained model
2021-05-26 13:38:58,915 WARNING Training new model, couldn't find existing model at data\2021-05-26_00.27.17_ESN_default\models\T-3.h5
2021-05-26 13:38:58,915 INFO model type: ESN
2021-05-26 13:38:58,915 INFO default hp
2021-05-26 13:43:34,365 INFO validation_loss: 0.0013872961280867457
2021-05-26 13:44:44,960 INFO normalized prediction error: 0.01
2021-05-26 13:44:45,844 INFO Channel Stats: TP: 2  FP: 0  FN: 0
2021-05-26 13:44:45,845 INFO Total true positives: 35
2021-05-26 13:44:45,845 INFO Total false positives: 20
2021-05-26 13:44:45,845 INFO Total false negatives: 17

2021-05-26 13:44:45,850 INFO Stream # 41: D-11
2021-05-26 13:44:46,114 INFO Loading pre-trained model
2021-05-26 13:44:46,114 WARNING Training new model, couldn't find existing model at data\2021-05-26_00.27.17_ESN_default\models\D-11.h5
2021-05-26 13:44:46,115 INFO model type: ESN
2021-05-26 13:44:46,115 INFO default hp
2021-05-26 13:47:55,567 INFO validation_loss: 0.003425133414566517
2021-05-26 13:48:56,189 INFO normalized prediction error: 0.01
2021-05-26 13:48:56,552 INFO Channel Stats: TP: 0  FP: 0  FN: 1
2021-05-26 13:48:56,552 INFO Total true positives: 35
2021-05-26 13:48:56,552 INFO Total false positives: 20
2021-05-26 13:48:56,552 INFO Total false negatives: 18

2021-05-26 13:48:56,559 INFO Stream # 42: D-12
2021-05-26 13:48:56,742 INFO Loading pre-trained model
2021-05-26 13:48:56,743 WARNING Training new model, couldn't find existing model at data\2021-05-26_00.27.17_ESN_default\models\D-12.h5
2021-05-26 13:48:56,743 INFO model type: ESN
2021-05-26 13:48:56,743 INFO default hp
2021-05-26 13:49:11,236 INFO validation_loss: 0.017311524599790573
2021-05-26 13:50:16,827 INFO normalized prediction error: 0.20
2021-05-26 13:50:17,422 INFO Channel Stats: TP: 1  FP: 0  FN: 0
2021-05-26 13:50:17,423 INFO Total true positives: 36
2021-05-26 13:50:17,423 INFO Total false positives: 20
2021-05-26 13:50:17,424 INFO Total false negatives: 18

2021-05-26 13:50:17,429 INFO Stream # 43: B-1
2021-05-26 13:50:17,679 INFO Loading pre-trained model
2021-05-26 13:50:17,679 WARNING Training new model, couldn't find existing model at data\2021-05-26_00.27.17_ESN_default\models\B-1.h5
2021-05-26 13:50:17,680 INFO model type: ESN
2021-05-26 13:50:17,680 INFO default hp
2021-05-26 13:52:32,069 INFO validation_loss: 0.0005635015550069511
2021-05-26 13:53:37,512 INFO normalized prediction error: 0.31
2021-05-26 13:53:38,257 INFO Channel Stats: TP: 1  FP: 0  FN: 0
2021-05-26 13:53:38,257 INFO Total true positives: 37
2021-05-26 13:53:38,257 INFO Total false positives: 20
2021-05-26 13:53:38,257 INFO Total false negatives: 18

2021-05-26 13:53:38,264 INFO Stream # 44: G-6
2021-05-26 13:53:38,507 INFO Loading pre-trained model
2021-05-26 13:53:38,510 WARNING Training new model, couldn't find existing model at data\2021-05-26_00.27.17_ESN_default\models\G-6.h5
2021-05-26 13:53:38,510 INFO model type: ESN
2021-05-26 13:53:38,510 INFO default hp
2021-05-26 13:58:19,556 INFO validation_loss: 0.0019495972665026784
2021-05-26 13:59:31,777 INFO normalized prediction error: 0.02
2021-05-26 13:59:32,289 INFO Channel Stats: TP: 1  FP: 0  FN: 0
2021-05-26 13:59:32,289 INFO Total true positives: 38
2021-05-26 13:59:32,290 INFO Total false positives: 20
2021-05-26 13:59:32,290 INFO Total false negatives: 18

2021-05-26 13:59:32,298 INFO Stream # 45: G-7
2021-05-26 13:59:32,564 INFO Loading pre-trained model
2021-05-26 13:59:32,565 WARNING Training new model, couldn't find existing model at data\2021-05-26_00.27.17_ESN_default\models\G-7.h5
2021-05-26 13:59:32,565 INFO model type: ESN
2021-05-26 13:59:32,565 INFO default hp
2021-05-26 14:03:22,393 INFO validation_loss: 0.03214380517601967
2021-05-26 14:04:31,963 INFO normalized prediction error: 0.02
2021-05-26 14:04:33,060 INFO Channel Stats: TP: 3  FP: 0  FN: 0
2021-05-26 14:04:33,061 INFO Total true positives: 41
2021-05-26 14:04:33,061 INFO Total false positives: 20
2021-05-26 14:04:33,061 INFO Total false negatives: 18

2021-05-26 14:04:33,069 INFO Stream # 46: P-7
2021-05-26 14:04:33,358 INFO Loading pre-trained model
2021-05-26 14:04:33,359 WARNING Training new model, couldn't find existing model at data\2021-05-26_00.27.17_ESN_default\models\P-7.h5
2021-05-26 14:04:33,359 INFO model type: ESN
2021-05-26 14:04:33,359 INFO default hp
2021-05-26 14:08:47,395 INFO validation_loss: 0.017720751464366913
2021-05-26 14:09:55,664 INFO normalized prediction error: 0.03
2021-05-26 14:09:56,232 INFO Channel Stats: TP: 1  FP: 0  FN: 0
2021-05-26 14:09:56,232 INFO Total true positives: 42
2021-05-26 14:09:56,232 INFO Total false positives: 20
2021-05-26 14:09:56,232 INFO Total false negatives: 18

2021-05-26 14:09:56,240 INFO Stream # 47: R-1
2021-05-26 14:09:56,478 INFO Loading pre-trained model
2021-05-26 14:09:56,478 WARNING Training new model, couldn't find existing model at data\2021-05-26_00.27.17_ESN_default\models\R-1.h5
2021-05-26 14:09:56,478 INFO model type: ESN
2021-05-26 14:09:56,478 INFO default hp
2021-05-26 14:13:36,599 INFO validation_loss: 0.00035262099117971957
2021-05-26 14:14:36,418 INFO normalized prediction error: 0.00
2021-05-26 14:14:38,640 INFO Channel Stats: TP: 0  FP: 0  FN: 1
2021-05-26 14:14:38,641 INFO Total true positives: 42
2021-05-26 14:14:38,641 INFO Total false positives: 20
2021-05-26 14:14:38,641 INFO Total false negatives: 19

2021-05-26 14:14:38,646 INFO Stream # 48: A-5
2021-05-26 14:14:38,765 INFO Loading pre-trained model
2021-05-26 14:14:38,765 WARNING Training new model, couldn't find existing model at data\2021-05-26_00.27.17_ESN_default\models\A-5.h5
2021-05-26 14:14:38,765 INFO model type: ESN
2021-05-26 14:14:38,766 INFO default hp
2021-05-26 14:15:33,794 INFO validation_loss: 0.0017587421461939812
2021-05-26 14:16:11,928 INFO normalized prediction error: 0.26
2021-05-26 14:16:12,191 INFO Channel Stats: TP: 1  FP: 0  FN: 0
2021-05-26 14:16:12,191 INFO Total true positives: 43
2021-05-26 14:16:12,191 INFO Total false positives: 20
2021-05-26 14:16:12,191 INFO Total false negatives: 19

2021-05-26 14:16:12,197 INFO Stream # 49: A-6
2021-05-26 14:16:12,346 INFO Loading pre-trained model
2021-05-26 14:16:12,347 WARNING Training new model, couldn't find existing model at data\2021-05-26_00.27.17_ESN_default\models\A-6.h5
2021-05-26 14:16:12,347 INFO model type: ESN
2021-05-26 14:16:12,347 INFO default hp
2021-05-26 14:17:06,060 INFO validation_loss: 0.039370764046907425
2021-05-26 14:17:40,968 INFO normalized prediction error: 0.23
2021-05-26 14:17:41,198 INFO Channel Stats: TP: 1  FP: 0  FN: 0
2021-05-26 14:17:41,198 INFO Total true positives: 44
2021-05-26 14:17:41,198 INFO Total false positives: 20
2021-05-26 14:17:41,198 INFO Total false negatives: 19

2021-05-26 14:17:41,207 INFO Stream # 50: A-7
2021-05-26 14:17:41,437 INFO Loading pre-trained model
2021-05-26 14:17:41,437 WARNING Training new model, couldn't find existing model at data\2021-05-26_00.27.17_ESN_default\models\A-7.h5
2021-05-26 14:17:41,437 INFO model type: ESN
2021-05-26 14:17:41,437 INFO default hp
2021-05-26 14:22:18,243 INFO validation_loss: 0.0826648473739624
2021-05-26 14:23:28,255 INFO normalized prediction error: 0.05
2021-05-26 14:23:28,830 INFO Channel Stats: TP: 0  FP: 0  FN: 1
2021-05-26 14:23:28,831 INFO Total true positives: 44
2021-05-26 14:23:28,831 INFO Total false positives: 20
2021-05-26 14:23:28,831 INFO Total false negatives: 20

2021-05-26 14:23:28,837 INFO Stream # 51: D-13
2021-05-26 14:23:29,041 INFO Loading pre-trained model
2021-05-26 14:23:29,043 WARNING Training new model, couldn't find existing model at data\2021-05-26_00.27.17_ESN_default\models\D-13.h5
2021-05-26 14:23:29,043 INFO model type: ESN
2021-05-26 14:23:29,043 INFO default hp
2021-05-26 14:24:26,566 INFO validation_loss: 9.732659123073972e-12
2021-05-26 14:25:28,795 INFO normalized prediction error: 0.28
2021-05-26 14:25:29,527 INFO Channel Stats: TP: 1  FP: 1  FN: 0
2021-05-26 14:25:29,527 INFO Total true positives: 45
2021-05-26 14:25:29,527 INFO Total false positives: 21
2021-05-26 14:25:29,527 INFO Total false negatives: 20

2021-05-26 14:25:29,533 INFO Stream # 52: P-2
2021-05-26 14:25:29,739 INFO Loading pre-trained model
2021-05-26 14:26:36,167 INFO normalized prediction error: 0.06
2021-05-26 14:26:36,674 INFO Channel Stats: TP: 1  FP: 2  FN: 0
2021-05-26 14:26:36,674 INFO Total true positives: 46
2021-05-26 14:26:36,674 INFO Total false positives: 23
2021-05-26 14:26:36,674 INFO Total false negatives: 20

2021-05-26 14:26:36,680 INFO Stream # 53: A-8
2021-05-26 14:26:36,866 INFO Loading pre-trained model
2021-05-26 14:26:36,867 WARNING Training new model, couldn't find existing model at data\2021-05-26_00.27.17_ESN_default\models\A-8.h5
2021-05-26 14:26:36,867 INFO model type: ESN
2021-05-26 14:26:36,867 INFO default hp
2021-05-26 14:27:37,333 INFO validation_loss: 0.11432316899299622
2021-05-26 14:28:45,914 INFO normalized prediction error: 0.10
2021-05-26 14:28:46,409 INFO Channel Stats: TP: 1  FP: 0  FN: 0
2021-05-26 14:28:46,409 INFO Total true positives: 47
2021-05-26 14:28:46,409 INFO Total false positives: 23
2021-05-26 14:28:46,409 INFO Total false negatives: 20

2021-05-26 14:28:46,415 INFO Stream # 54: A-9
2021-05-26 14:28:46,610 INFO Loading pre-trained model
2021-05-26 14:28:46,611 WARNING Training new model, couldn't find existing model at data\2021-05-26_00.27.17_ESN_default\models\A-9.h5
2021-05-26 14:28:46,612 INFO model type: ESN
2021-05-26 14:28:46,612 INFO default hp
2021-05-26 14:29:47,085 INFO validation_loss: 0.1174887865781784
2021-05-26 14:30:55,132 INFO normalized prediction error: 0.08
2021-05-26 14:30:55,648 INFO Channel Stats: TP: 0  FP: 0  FN: 1
2021-05-26 14:30:55,648 INFO Total true positives: 47
2021-05-26 14:30:55,649 INFO Total false positives: 23
2021-05-26 14:30:55,649 INFO Total false negatives: 21

2021-05-26 14:30:55,654 INFO Stream # 55: F-3
2021-05-26 14:30:55,900 INFO Loading pre-trained model
2021-05-26 14:30:55,901 WARNING Training new model, couldn't find existing model at data\2021-05-26_00.27.17_ESN_default\models\F-3.h5
2021-05-26 14:30:55,901 INFO model type: ESN
2021-05-26 14:30:55,901 INFO default hp
2021-05-26 14:35:29,830 INFO validation_loss: 0.00525421230122447
2021-05-26 14:36:37,017 INFO normalized prediction error: 0.02
2021-05-26 14:36:37,469 INFO Channel Stats: TP: 1  FP: 0  FN: 0
2021-05-26 14:36:37,469 INFO Total true positives: 48
2021-05-26 14:36:37,469 INFO Total false positives: 23
2021-05-26 14:36:37,469 INFO Total false negatives: 21

2021-05-26 14:36:37,475 INFO Stream # 56: M-6
2021-05-26 14:36:37,661 INFO Loading pre-trained model
2021-05-26 14:36:37,662 WARNING Training new model, couldn't find existing model at data\2021-05-26_00.27.17_ESN_default\models\M-6.h5
2021-05-26 14:36:37,662 INFO model type: ESN
2021-05-26 14:36:37,662 INFO default hp
2021-05-26 14:38:59,080 INFO validation_loss: 0.0011717283632606268
2021-05-26 14:39:13,306 INFO normalized prediction error: 0.05
2021-05-26 14:39:13,318 INFO Channel Stats: TP: 1  FP: 0  FN: 0
2021-05-26 14:39:13,318 INFO Total true positives: 49
2021-05-26 14:39:13,318 INFO Total false positives: 23
2021-05-26 14:39:13,318 INFO Total false negatives: 21

2021-05-26 14:39:13,324 INFO Stream # 57: M-1
2021-05-26 14:39:13,560 INFO Loading pre-trained model
2021-05-26 14:39:13,561 WARNING Training new model, couldn't find existing model at data\2021-05-26_00.27.17_ESN_default\models\M-1.h5
2021-05-26 14:39:13,561 INFO model type: ESN
2021-05-26 14:39:13,561 INFO default hp
2021-05-26 14:42:39,985 INFO validation_loss: 0.29950636625289917
2021-05-26 14:42:56,315 INFO normalized prediction error: 0.05
2021-05-26 14:42:56,323 INFO Channel Stats: TP: 0  FP: 1  FN: 1
2021-05-26 14:42:56,323 INFO Total true positives: 49
2021-05-26 14:42:56,323 INFO Total false positives: 24
2021-05-26 14:42:56,323 INFO Total false negatives: 22

2021-05-26 14:42:56,329 INFO Stream # 58: M-2
2021-05-26 14:42:56,608 INFO Loading pre-trained model
2021-05-26 14:42:56,609 WARNING Training new model, couldn't find existing model at data\2021-05-26_00.27.17_ESN_default\models\M-2.h5
2021-05-26 14:42:56,609 INFO model type: ESN
2021-05-26 14:42:56,609 INFO default hp
2021-05-26 14:46:20,538 INFO validation_loss: 0.04193848371505737
2021-05-26 14:46:37,091 INFO normalized prediction error: 0.08
2021-05-26 14:46:37,095 INFO Channel Stats: TP: 0  FP: 0  FN: 1
2021-05-26 14:46:37,095 INFO Total true positives: 49
2021-05-26 14:46:37,095 INFO Total false positives: 24
2021-05-26 14:46:37,095 INFO Total false negatives: 23

2021-05-26 14:46:37,100 INFO Stream # 59: S-2
2021-05-26 14:46:37,270 INFO Loading pre-trained model
2021-05-26 14:46:37,271 WARNING Training new model, couldn't find existing model at data\2021-05-26_00.27.17_ESN_default\models\S-2.h5
2021-05-26 14:46:37,272 INFO model type: ESN
2021-05-26 14:46:37,272 INFO default hp
2021-05-26 14:47:56,080 INFO validation_loss: 0.004026160109788179
2021-05-26 14:48:08,505 INFO normalized prediction error: 0.06
2021-05-26 14:48:08,515 INFO Channel Stats: TP: 1  FP: 0  FN: 0
2021-05-26 14:48:08,516 INFO Total true positives: 50
2021-05-26 14:48:08,516 INFO Total false positives: 24
2021-05-26 14:48:08,516 INFO Total false negatives: 23

2021-05-26 14:48:08,521 INFO Stream # 60: P-10
2021-05-26 14:48:08,998 INFO Loading pre-trained model
2021-05-26 14:48:08,999 WARNING Training new model, couldn't find existing model at data\2021-05-26_00.27.17_ESN_default\models\P-10.h5
2021-05-26 14:48:08,999 INFO model type: ESN
2021-05-26 14:48:08,999 INFO default hp
2021-05-26 14:55:07,026 INFO validation_loss: 0.0005303832003846765
2021-05-26 14:55:55,291 INFO normalized prediction error: 0.22
2021-05-26 14:55:55,770 INFO Channel Stats: TP: 1  FP: 0  FN: 0
2021-05-26 14:55:55,770 INFO Total true positives: 51
2021-05-26 14:55:55,770 INFO Total false positives: 24
2021-05-26 14:55:55,770 INFO Total false negatives: 23

2021-05-26 14:55:55,776 INFO Stream # 61: T-4
2021-05-26 14:55:56,081 INFO Loading pre-trained model
2021-05-26 14:55:56,082 WARNING Training new model, couldn't find existing model at data\2021-05-26_00.27.17_ESN_default\models\T-4.h5
2021-05-26 14:55:56,082 INFO model type: ESN
2021-05-26 14:55:56,082 INFO default hp
2021-05-26 14:59:25,455 INFO validation_loss: 0.16549338400363922
2021-05-26 14:59:41,217 INFO normalized prediction error: 0.06
2021-05-26 14:59:41,225 INFO Channel Stats: TP: 0  FP: 0  FN: 1
2021-05-26 14:59:41,225 INFO Total true positives: 51
2021-05-26 14:59:41,225 INFO Total false positives: 24
2021-05-26 14:59:41,225 INFO Total false negatives: 24

2021-05-26 14:59:41,232 INFO Stream # 62: T-5
2021-05-26 14:59:41,497 INFO Loading pre-trained model
2021-05-26 14:59:41,497 WARNING Training new model, couldn't find existing model at data\2021-05-26_00.27.17_ESN_default\models\T-5.h5
2021-05-26 14:59:41,497 INFO model type: ESN
2021-05-26 14:59:41,497 INFO default hp
2021-05-26 15:03:16,020 INFO validation_loss: 0.0006158906035125256
2021-05-26 15:03:31,648 INFO normalized prediction error: 0.02
2021-05-26 15:03:31,662 INFO Channel Stats: TP: 1  FP: 0  FN: 0
2021-05-26 15:03:31,662 INFO Total true positives: 52
2021-05-26 15:03:31,662 INFO Total false positives: 24
2021-05-26 15:03:31,663 INFO Total false negatives: 24

2021-05-26 15:03:31,669 INFO Stream # 63: F-7
2021-05-26 15:03:31,990 INFO Loading pre-trained model
2021-05-26 15:03:31,991 WARNING Training new model, couldn't find existing model at data\2021-05-26_00.27.17_ESN_default\models\F-7.h5
2021-05-26 15:03:31,991 INFO model type: ESN
2021-05-26 15:03:31,991 INFO default hp
2021-05-26 15:07:30,468 INFO validation_loss: 0.31907862424850464
2021-05-26 15:08:08,028 INFO normalized prediction error: 0.15
2021-05-26 15:08:08,244 INFO Channel Stats: TP: 2  FP: 1  FN: 1
2021-05-26 15:08:08,244 INFO Total true positives: 54
2021-05-26 15:08:08,244 INFO Total false positives: 25
2021-05-26 15:08:08,244 INFO Total false negatives: 25

2021-05-26 15:08:08,251 INFO Stream # 64: M-3
2021-05-26 15:08:08,477 INFO Loading pre-trained model
2021-05-26 15:08:08,478 WARNING Training new model, couldn't find existing model at data\2021-05-26_00.27.17_ESN_default\models\M-3.h5
2021-05-26 15:08:08,478 INFO model type: ESN
2021-05-26 15:08:08,478 INFO default hp
2021-05-26 15:11:13,876 INFO validation_loss: 0.13478754460811615
2021-05-26 15:11:28,651 INFO normalized prediction error: 0.04
2021-05-26 15:11:28,658 INFO Channel Stats: TP: 0  FP: 0  FN: 1
2021-05-26 15:11:28,658 INFO Total true positives: 54
2021-05-26 15:11:28,658 INFO Total false positives: 25
2021-05-26 15:11:28,658 INFO Total false negatives: 26

2021-05-26 15:11:28,664 INFO Stream # 65: M-4
2021-05-26 15:11:28,878 INFO Loading pre-trained model
2021-05-26 15:11:28,879 WARNING Training new model, couldn't find existing model at data\2021-05-26_00.27.17_ESN_default\models\M-4.h5
2021-05-26 15:11:28,879 INFO model type: ESN
2021-05-26 15:11:28,880 INFO default hp
2021-05-26 15:14:29,243 INFO validation_loss: 0.13037273287773132
2021-05-26 15:14:43,234 INFO normalized prediction error: 0.05
2021-05-26 15:14:43,240 INFO Channel Stats: TP: 0  FP: 0  FN: 1
2021-05-26 15:14:43,240 INFO Total true positives: 54
2021-05-26 15:14:43,240 INFO Total false positives: 25
2021-05-26 15:14:43,240 INFO Total false negatives: 27

2021-05-26 15:14:43,246 INFO Stream # 66: M-5
2021-05-26 15:14:43,454 INFO Loading pre-trained model
2021-05-26 15:14:43,455 WARNING Training new model, couldn't find existing model at data\2021-05-26_00.27.17_ESN_default\models\M-5.h5
2021-05-26 15:14:43,455 INFO model type: ESN
2021-05-26 15:14:43,455 INFO default hp
2021-05-26 15:17:49,382 INFO validation_loss: 0.2581217288970947
2021-05-26 15:18:05,641 INFO normalized prediction error: 0.06
2021-05-26 15:18:05,648 INFO Channel Stats: TP: 0  FP: 0  FN: 1
2021-05-26 15:18:05,649 INFO Total true positives: 54
2021-05-26 15:18:05,649 INFO Total false positives: 25
2021-05-26 15:18:05,649 INFO Total false negatives: 28

2021-05-26 15:18:05,655 INFO Stream # 67: P-15
2021-05-26 15:18:05,980 INFO Loading pre-trained model
2021-05-26 15:18:05,981 WARNING Training new model, couldn't find existing model at data\2021-05-26_00.27.17_ESN_default\models\P-15.h5
2021-05-26 15:18:05,981 INFO model type: ESN
2021-05-26 15:18:05,981 INFO default hp
2021-05-26 15:23:47,923 INFO validation_loss: 0.0016873273998498917
2021-05-26 15:24:08,683 INFO normalized prediction error: 0.45
2021-05-26 15:24:08,716 INFO Channel Stats: TP: 0  FP: 0  FN: 1
2021-05-26 15:24:08,716 INFO Total true positives: 54
2021-05-26 15:24:08,716 INFO Total false positives: 25
2021-05-26 15:24:08,717 INFO Total false negatives: 29

2021-05-26 15:24:08,722 INFO Stream # 68: C-1
2021-05-26 15:24:08,962 INFO Loading pre-trained model
2021-05-26 15:24:08,963 WARNING Training new model, couldn't find existing model at data\2021-05-26_00.27.17_ESN_default\models\C-1.h5
2021-05-26 15:24:08,963 INFO model type: ESN
2021-05-26 15:24:08,964 INFO default hp
2021-05-26 15:27:17,990 INFO validation_loss: 0.03326927125453949
2021-05-26 15:27:34,173 INFO normalized prediction error: 0.02
2021-05-26 15:27:34,183 INFO Channel Stats: TP: 1  FP: 0  FN: 1
2021-05-26 15:27:34,183 INFO Total true positives: 55
2021-05-26 15:27:34,183 INFO Total false positives: 25
2021-05-26 15:27:34,183 INFO Total false negatives: 30

2021-05-26 15:27:34,189 INFO Stream # 69: C-2
2021-05-26 15:27:34,356 INFO Loading pre-trained model
2021-05-26 15:27:34,356 WARNING Training new model, couldn't find existing model at data\2021-05-26_00.27.17_ESN_default\models\C-2.h5
2021-05-26 15:27:34,357 INFO model type: ESN
2021-05-26 15:27:34,357 INFO default hp
2021-05-26 15:28:31,888 INFO validation_loss: 0.004069030750542879
2021-05-26 15:28:46,061 INFO normalized prediction error: 0.26
2021-05-26 15:28:46,068 INFO Channel Stats: TP: 1  FP: 0  FN: 1
2021-05-26 15:28:46,068 INFO Total true positives: 56
2021-05-26 15:28:46,068 INFO Total false positives: 25
2021-05-26 15:28:46,068 INFO Total false negatives: 31

2021-05-26 15:28:46,075 INFO Stream # 70: T-12
2021-05-26 15:28:46,246 INFO Loading pre-trained model
2021-05-26 15:28:46,247 WARNING Training new model, couldn't find existing model at data\2021-05-26_00.27.17_ESN_default\models\T-12.h5
2021-05-26 15:28:46,247 INFO model type: ESN
2021-05-26 15:28:46,247 INFO default hp
2021-05-26 15:30:23,618 INFO validation_loss: 0.021638482809066772
2021-05-26 15:30:40,973 INFO normalized prediction error: 0.02
2021-05-26 15:30:40,993 INFO Channel Stats: TP: 1  FP: 0  FN: 0
2021-05-26 15:30:40,993 INFO Total true positives: 57
2021-05-26 15:30:40,993 INFO Total false positives: 25
2021-05-26 15:30:40,993 INFO Total false negatives: 31

2021-05-26 15:30:40,999 INFO Stream # 71: T-13
2021-05-26 15:30:41,181 INFO Loading pre-trained model
2021-05-26 15:30:41,182 WARNING Training new model, couldn't find existing model at data\2021-05-26_00.27.17_ESN_default\models\T-13.h5
2021-05-26 15:30:41,182 INFO model type: ESN
2021-05-26 15:30:41,182 INFO default hp
2021-05-26 15:32:16,342 INFO validation_loss: 0.00369625142775476
2021-05-26 15:32:33,351 INFO normalized prediction error: 0.03
2021-05-26 15:32:33,361 INFO Channel Stats: TP: 0  FP: 1  FN: 2
2021-05-26 15:32:33,361 INFO Total true positives: 57
2021-05-26 15:32:33,362 INFO Total false positives: 26
2021-05-26 15:32:33,362 INFO Total false negatives: 33

2021-05-26 15:32:33,368 INFO Stream # 72: F-4
2021-05-26 15:32:33,631 INFO Loading pre-trained model
2021-05-26 15:32:33,632 WARNING Training new model, couldn't find existing model at data\2021-05-26_00.27.17_ESN_default\models\F-4.h5
2021-05-26 15:32:33,632 INFO model type: ESN
2021-05-26 15:32:33,632 INFO default hp
2021-05-26 15:35:56,099 INFO validation_loss: 0.03975426405668259
2021-05-26 15:36:20,507 INFO normalized prediction error: 0.03
2021-05-26 15:36:20,648 INFO Channel Stats: TP: 0  FP: 1  FN: 1
2021-05-26 15:36:20,648 INFO Total true positives: 57
2021-05-26 15:36:20,648 INFO Total false positives: 27
2021-05-26 15:36:20,648 INFO Total false negatives: 34

2021-05-26 15:36:20,654 INFO Stream # 73: F-5
2021-05-26 15:36:20,932 INFO Loading pre-trained model
2021-05-26 15:36:20,932 WARNING Training new model, couldn't find existing model at data\2021-05-26_00.27.17_ESN_default\models\F-5.h5
2021-05-26 15:36:20,932 INFO model type: ESN
2021-05-26 15:36:20,932 INFO default hp
2021-05-26 15:40:21,173 INFO validation_loss: 0.09055205434560776
2021-05-26 15:40:50,512 INFO normalized prediction error: 0.02
2021-05-26 15:40:50,659 INFO Channel Stats: TP: 1  FP: 0  FN: 0
2021-05-26 15:40:50,659 INFO Total true positives: 58
2021-05-26 15:40:50,659 INFO Total false positives: 27
2021-05-26 15:40:50,659 INFO Total false negatives: 34

2021-05-26 15:40:50,665 INFO Stream # 74: D-14
2021-05-26 15:40:50,976 INFO Loading pre-trained model
2021-05-26 15:40:50,976 WARNING Training new model, couldn't find existing model at data\2021-05-26_00.27.17_ESN_default\models\D-14.h5
2021-05-26 15:40:50,976 INFO model type: ESN
2021-05-26 15:40:50,977 INFO default hp
2021-05-26 15:44:45,512 INFO validation_loss: 0.0004002306959591806
2021-05-26 15:45:04,441 INFO normalized prediction error: 0.10
2021-05-26 15:45:04,487 INFO Channel Stats: TP: 1  FP: 0  FN: 1
2021-05-26 15:45:04,488 INFO Total true positives: 59
2021-05-26 15:45:04,488 INFO Total false positives: 27
2021-05-26 15:45:04,488 INFO Total false negatives: 35

2021-05-26 15:45:04,494 INFO Stream # 75: T-9
2021-05-26 15:45:04,612 INFO Loading pre-trained model
2021-05-26 15:45:04,613 WARNING Training new model, couldn't find existing model at data\2021-05-26_00.27.17_ESN_default\models\T-9.h5
2021-05-26 15:45:04,613 INFO model type: ESN
2021-05-26 15:45:04,613 INFO default hp
2021-05-26 15:45:30,873 INFO validation_loss: 0.022064797580242157
2021-05-26 15:45:37,406 INFO normalized prediction error: 0.22
2021-05-26 15:45:37,410 INFO Channel Stats: TP: 0  FP: 0  FN: 2
2021-05-26 15:45:37,410 INFO Total true positives: 59
2021-05-26 15:45:37,410 INFO Total false positives: 27
2021-05-26 15:45:37,410 INFO Total false negatives: 37

2021-05-26 15:45:37,416 INFO Stream # 76: P-14
2021-05-26 15:45:37,762 INFO Loading pre-trained model
2021-05-26 15:45:37,763 WARNING Training new model, couldn't find existing model at data\2021-05-26_00.27.17_ESN_default\models\P-14.h5
2021-05-26 15:45:37,763 INFO model type: ESN
2021-05-26 15:45:37,763 INFO default hp
2021-05-26 15:50:01,615 INFO validation_loss: 0.0007644651341252029
2021-05-26 15:50:48,202 INFO normalized prediction error: 0.23
2021-05-26 15:50:48,611 INFO Channel Stats: TP: 1  FP: 0  FN: 0
2021-05-26 15:50:48,611 INFO Total true positives: 60
2021-05-26 15:50:48,611 INFO Total false positives: 27
2021-05-26 15:50:48,611 INFO Total false negatives: 37

2021-05-26 15:50:48,617 INFO Stream # 77: T-8
2021-05-26 15:50:48,781 INFO Loading pre-trained model
2021-05-26 15:50:48,782 WARNING Training new model, couldn't find existing model at data\2021-05-26_00.27.17_ESN_default\models\T-8.h5
2021-05-26 15:50:48,782 INFO model type: ESN
2021-05-26 15:50:48,782 INFO default hp
2021-05-26 15:51:47,232 INFO validation_loss: 0.03887216001749039
2021-05-26 15:51:57,297 INFO normalized prediction error: 0.08
2021-05-26 15:51:57,306 INFO Channel Stats: TP: 2  FP: 0  FN: 0
2021-05-26 15:51:57,307 INFO Total true positives: 62
2021-05-26 15:51:57,307 INFO Total false positives: 27
2021-05-26 15:51:57,307 INFO Total false negatives: 37

2021-05-26 15:51:57,314 INFO Stream # 78: P-11
2021-05-26 15:51:57,630 INFO Loading pre-trained model
2021-05-26 15:51:57,631 WARNING Training new model, couldn't find existing model at data\2021-05-26_00.27.17_ESN_default\models\P-11.h5
2021-05-26 15:51:57,631 INFO model type: ESN
2021-05-26 15:51:57,631 INFO default hp
2021-05-26 15:58:10,869 INFO validation_loss: 0.006838734727352858
2021-05-26 15:58:37,665 INFO normalized prediction error: 0.02
2021-05-26 15:58:37,812 INFO Channel Stats: TP: 2  FP: 0  FN: 0
2021-05-26 15:58:37,812 INFO Total true positives: 64
2021-05-26 15:58:37,812 INFO Total false positives: 27
2021-05-26 15:58:37,813 INFO Total false negatives: 37

2021-05-26 15:58:37,819 INFO Stream # 79: D-15
2021-05-26 15:58:38,065 INFO Loading pre-trained model
2021-05-26 15:58:38,066 WARNING Training new model, couldn't find existing model at data\2021-05-26_00.27.17_ESN_default\models\D-15.h5
2021-05-26 15:58:38,066 INFO model type: ESN
2021-05-26 15:58:38,066 INFO default hp
2021-05-26 16:01:41,758 INFO validation_loss: 0.36286985874176025
2021-05-26 16:01:56,586 INFO normalized prediction error: 0.11
2021-05-26 16:01:56,591 INFO Channel Stats: TP: 0  FP: 0  FN: 1
2021-05-26 16:01:56,591 INFO Total true positives: 64
2021-05-26 16:01:56,591 INFO Total false positives: 27
2021-05-26 16:01:56,591 INFO Total false negatives: 38

2021-05-26 16:01:56,597 INFO Stream # 80: D-16
2021-05-26 16:01:56,816 INFO Loading pre-trained model
2021-05-26 16:01:56,816 WARNING Training new model, couldn't find existing model at data\2021-05-26_00.27.17_ESN_default\models\D-16.h5
2021-05-26 16:01:56,816 INFO model type: ESN
2021-05-26 16:01:56,816 INFO default hp
2021-05-26 16:03:58,999 INFO validation_loss: 0.2314670830965042
2021-05-26 16:04:14,413 INFO normalized prediction error: 0.16
2021-05-26 16:04:14,422 INFO Channel Stats: TP: 1  FP: 0  FN: 0
2021-05-26 16:04:14,422 INFO Total true positives: 65
2021-05-26 16:04:14,422 INFO Total false positives: 27
2021-05-26 16:04:14,422 INFO Total false negatives: 38

2021-05-26 16:04:14,428 INFO Stream # 81: M-7
2021-05-26 16:04:14,622 INFO Loading pre-trained model
2021-05-26 16:04:14,623 WARNING Training new model, couldn't find existing model at data\2021-05-26_00.27.17_ESN_default\models\M-7.h5
2021-05-26 16:04:14,623 INFO model type: ESN
2021-05-26 16:04:14,623 INFO default hp
2021-05-26 16:06:36,754 INFO validation_loss: 0.008470053784549236
2021-05-26 16:06:51,881 INFO normalized prediction error: 0.04
2021-05-26 16:06:51,894 INFO Channel Stats: TP: 1  FP: 0  FN: 0
2021-05-26 16:06:51,894 INFO Total true positives: 66
2021-05-26 16:06:51,894 INFO Total false positives: 27
2021-05-26 16:06:51,894 INFO Total false negatives: 38

2021-05-26 16:06:51,901 INFO Stream # 82: F-8
2021-05-26 16:06:52,187 INFO Loading pre-trained model
2021-05-26 16:06:52,188 WARNING Training new model, couldn't find existing model at data\2021-05-26_00.27.17_ESN_default\models\F-8.h5
2021-05-26 16:06:52,188 INFO model type: ESN
2021-05-26 16:06:52,188 INFO default hp
2021-05-26 16:12:03,510 INFO validation_loss: 0.20054665207862854
2021-05-26 16:12:21,049 INFO normalized prediction error: 0.06
2021-05-26 16:12:21,064 INFO Channel Stats: TP: 1  FP: 0  FN: 0
2021-05-26 16:12:21,064 INFO Total true positives: 67
2021-05-26 16:12:21,064 INFO Total false positives: 27
2021-05-26 16:12:21,064 INFO Total false negatives: 38

2021-05-26 16:12:21,070 INFO Final Totals:
2021-05-26 16:12:21,070 INFO -----------------
2021-05-26 16:12:21,070 INFO True Positives: 67
2021-05-26 16:12:21,070 INFO False Positives: 27
2021-05-26 16:12:21,070 INFO False Negatives: 38

2021-05-26 16:12:21,071 INFO Precision: 0.71
2021-05-26 16:12:21,071 INFO Recall: 0.64
