P-1 478.54029989242554
S-1 452.24841809272766
E-1 488.0332741737366
E-2 505.59455585479736
E-3 521.927369594574
E-4 487.02418780326843
E-5 474.17795848846436
E-6 473.7364253997803
E-7 482.3480520248413
E-8 485.17074489593506
E-9 488.8119375705719
E-10 483.02970266342163
E-11 493.60411286354065
E-12 522.9691543579102
E-13 485.16687297821045
A-1 489.0343339443207
D-1 498.2669048309326
P-2 493.8538374900818
P-3 492.50306510925293
D-2 492.53155755996704
D-3 495.8142786026001
D-4 494.6301975250244
A-2 485.94497871398926
A-3 482.3516652584076
A-4 488.6191051006317
G-1 486.74068689346313
G-2 495.2852861881256
D-5 497.30444526672363
D-6 493.68500232696533
D-7 491.70507884025574
F-1 489.59641122817993
P-4 495.89506459236145
G-3 495.38250160217285
T-1 468.2127721309662
T-2 499.9633786678314
D-8 484.53567838668823
D-9 485.3396291732788
F-2 448.8290419578552
G-4 469.1300220489502
T-3 470.71388936042786
D-11 493.84102416038513
D-12 305.5545222759247
B-1 482.6442914009094
G-6 489.61007285118103
G-7 448.79900193214417
P-7 489.98988223075867
R-1 491.07898020744324
A-5 470.1470320224762
A-6 480.83228635787964
A-7 476.6756286621094
D-13 491.85651302337646
A-8 488.8885440826416
A-9 473.79679131507874
F-3 492.07225728034973
M-6 500.49753189086914
M-1 503.22558188438416
M-2 454.84097695350647
S-2 490.20515847206116
P-10 522.3044729232788
T-4 501.8168864250183
T-5 511.97246289253235
F-7 485.2730076313019
M-3 496.6738703250885
M-4 480.87475395202637
M-5 502.82614040374756
P-15 525.4168703556061
C-1 503.72021532058716
C-2 478.4512813091278
T-12 489.1522569656372
T-13 487.0670418739319
F-4 486.2641830444336
F-5 486.7649507522583
D-14 492.14310789108276
T-9 282.1308355331421
P-14 558.7532751560211
T-8 434.7277202606201
P-11 494.8783280849457
D-15 472.46168208122253
D-16 453.9015347957611
M-7 445.02910256385803
F-8 475.38947439193726
