P-1 456.152813911438
S-1 431.57460951805115
E-1 485.0068588256836
E-2 453.8939456939697
E-3 449.28989577293396
E-4 440.9895589351654
E-5 443.2575993537903
E-6 447.4675896167755
E-7 448.97806453704834
E-8 446.79871678352356
E-9 447.8547625541687
E-10 443.86246824264526
E-11 452.3605239391327
E-12 449.4592616558075
E-13 450.239298582077
A-1 442.54169392585754
D-1 442.4792699813843
P-2 447.28537130355835
P-3 454.2360415458679
D-2 444.2946398258209
D-3 444.32364869117737
D-4 441.1345648765564
A-2 440.79382371902466
A-3 445.5429718494415
A-4 448.48186469078064
G-1 443.07342505455017
G-2 447.1868875026703
D-5 439.01976919174194
D-6 441.76974654197693
D-7 443.79919600486755
F-1 442.1895561218262
P-4 459.67952370643616
G-3 450.8114528656006
T-1 447.72864031791687
T-2 470.07142329216003
D-8 457.4484760761261
D-9 441.4480183124542
F-2 436.3689661026001
G-4 462.3259835243225
T-3 453.8785448074341
D-11 462.24223613739014
D-12 267.795786857605
B-1 457.7859961986542
G-6 451.5102334022522
G-7 459.9876637458801
P-7 475.05958557128906
R-1 471.2818088531494
A-5 459.94666385650635
A-6 448.5199816226959
A-7 471.45856046676636
D-13 448.43315052986145
A-8 444.5341212749481
A-9 439.51892280578613
F-3 456.21730756759644
M-6 453.82400369644165
M-1 444.5342803001404
M-2 435.8857362270355
S-2 438.4437644481659
P-10 461.4700434207916
T-4 446.20726585388184
T-5 447.0478193759918
F-7 443.7591516971588
M-3 449.88552832603455
M-4 445.0539619922638
M-5 449.6673278808594
P-15 460.77689957618713
C-1 452.9543833732605
C-2 451.46427631378174
T-12 458.1621778011322
T-13 454.6783056259155
F-4 432.0935764312744
F-5 464.76929211616516
D-14 504.18879890441895
T-9 259.9352958202362
P-14 465.5021493434906
T-8 442.9243185520172
P-11 463.94954228401184
D-15 460.57978653907776
D-16 463.58460783958435
M-7 451.5462963581085
F-8 458.6764063835144
